-- The C compiler identification is GNU 11.3.0
-- The CXX compiler identification is GNU 11.3.0
-- Detecting C compiler ABI info
-- Detecting C compiler ABI info - done
-- Check for working C compiler: /usr/bin/cc - skipped
-- Detecting C compile features
-- Detecting C compile features - done
-- Detecting CXX compiler ABI info
-- Detecting CXX compiler ABI info - done
-- Check for working CXX compiler: /usr/bin/c++ - skipped
-- Detecting CXX compile features
-- Detecting CXX compile features - done
-- Found ament_cmake: 1.3.4 (/opt/ros/humble/share/ament_cmake/cmake)
-- Found Python3: /usr/bin/python3.10 (found version "3.10.6") found components: Interpreter 
-- Found rosidl_default_generators: 1.2.0 (/opt/ros/humble/share/rosidl_default_generators/cmake)
-- Using all available rosidl_typesupport_c: rosidl_typesupport_fastrtps_c;rosidl_typesupport_introspection_c
-- Found rosidl_adapter: 3.1.4 (/opt/ros/humble/share/rosidl_adapter/cmake)
-- Using all available rosidl_typesupport_cpp: rosidl_typesupport_fastrtps_cpp;rosidl_typesupport_introspection_cpp
-- Found ament_cmake_ros: 0.10.0 (/opt/ros/humble/share/ament_cmake_ros/cmake)
-- Using all available rosidl_typesupport_c: rosidl_typesupport_fastrtps_c;rosidl_typesupport_introspection_c
-- Using all available rosidl_typesupport_cpp: rosidl_typesupport_fastrtps_cpp;rosidl_typesupport_introspection_cpp
-- Found PythonInterp: /usr/bin/python3 (found suitable version "3.10.6", minimum required is "3.6") 
-- Found python_cmake_module: 0.10.0 (/opt/ros/humble/share/python_cmake_module/cmake)
-- Found PythonLibs: /usr/lib/aarch64-linux-gnu/libpython3.10.so (found suitable version "3.10.6", minimum required is "3.5") 
-- Using PYTHON_EXECUTABLE: /usr/bin/python3
-- Using PYTHON_INCLUDE_DIRS: /usr/include/python3.10
-- Using PYTHON_LIBRARIES: /usr/lib/aarch64-linux-gnu/libpython3.10.so
-- Found PythonExtra: .so  
-- Configuring done
-- Generating done
-- Build files have been written to: /home/ros/hexapod_controller/build/hexapod_controller_interfaces
[  2%] [34m[1mGenerating C code for ROS interfaces[0m
[  5%] [34m[1mGenerating C++ code for ROS interfaces[0m
[  5%] Built target ament_cmake_python_copy_hexapod_controller_interfaces
running egg_info
creating hexapod_controller_interfaces.egg-info
writing hexapod_controller_interfaces.egg-info/PKG-INFO
writing dependency_links to hexapod_controller_interfaces.egg-info/dependency_links.txt
writing top-level names to hexapod_controller_interfaces.egg-info/top_level.txt
writing manifest file 'hexapod_controller_interfaces.egg-info/SOURCES.txt'
reading manifest file 'hexapod_controller_interfaces.egg-info/SOURCES.txt'
writing manifest file 'hexapod_controller_interfaces.egg-info/SOURCES.txt'
[  5%] Built target ament_cmake_python_build_hexapod_controller_interfaces_egg
[  5%] Built target hexapod_controller_interfaces__cpp
[  7%] [34m[1mGenerating C++ type support for eProsima Fast-RTPS[0m
[ 10%] [34m[1mGenerating C++ introspection for ROS interfaces[0m
[ 12%] [34m[1mGenerating C++ type support dispatch for ROS interfaces[0m
[ 15%] [32mBuilding C object CMakeFiles/hexapod_controller_interfaces__rosidl_generator_c.dir/rosidl_generator_c/hexapod_controller_interfaces/msg/detail/servo_position_values__functions.c.o[0m
[ 17%] [32mBuilding C object CMakeFiles/hexapod_controller_interfaces__rosidl_generator_c.dir/rosidl_generator_c/hexapod_controller_interfaces/msg/detail/body_ik_calculate__functions.c.o[0m
[ 20%] [32m[1mLinking C shared library libhexapod_controller_interfaces__rosidl_generator_c.so[0m
[ 20%] Built target hexapod_controller_interfaces__rosidl_generator_c
[ 23%] [34m[1mGenerating C type support dispatch for ROS interfaces[0m
[ 25%] [32mBuilding CXX object CMakeFiles/hexapod_controller_interfaces__rosidl_typesupport_cpp.dir/rosidl_typesupport_cpp/hexapod_controller_interfaces/msg/servo_position_values__type_support.cpp.o[0m
[ 28%] [32mBuilding CXX object CMakeFiles/hexapod_controller_interfaces__rosidl_typesupport_introspection_cpp.dir/rosidl_typesupport_introspection_cpp/hexapod_controller_interfaces/msg/detail/servo_position_values__type_support.cpp.o[0m
[ 30%] [32mBuilding CXX object CMakeFiles/hexapod_controller_interfaces__rosidl_typesupport_fastrtps_cpp.dir/rosidl_typesupport_fastrtps_cpp/hexapod_controller_interfaces/msg/detail/dds_fastrtps/servo_position_values__type_support.cpp.o[0m
[ 33%] [32mBuilding CXX object CMakeFiles/hexapod_controller_interfaces__rosidl_typesupport_c.dir/rosidl_typesupport_c/hexapod_controller_interfaces/msg/servo_position_values__type_support.cpp.o[0m
[ 35%] [32mBuilding CXX object CMakeFiles/hexapod_controller_interfaces__rosidl_typesupport_c.dir/rosidl_typesupport_c/hexapod_controller_interfaces/msg/body_ik_calculate__type_support.cpp.o[0m
[ 38%] [32m[1mLinking CXX shared library libhexapod_controller_interfaces__rosidl_typesupport_c.so[0m
[ 41%] [32mBuilding CXX object CMakeFiles/hexapod_controller_interfaces__rosidl_typesupport_cpp.dir/rosidl_typesupport_cpp/hexapod_controller_interfaces/msg/body_ik_calculate__type_support.cpp.o[0m
[ 41%] Built target hexapod_controller_interfaces__rosidl_typesupport_c
[ 43%] [34m[1mGenerating C type support for eProsima Fast-RTPS[0m
[ 46%] [32mBuilding CXX object CMakeFiles/hexapod_controller_interfaces__rosidl_typesupport_introspection_cpp.dir/rosidl_typesupport_introspection_cpp/hexapod_controller_interfaces/msg/detail/body_ik_calculate__type_support.cpp.o[0m
[ 48%] [32mBuilding CXX object CMakeFiles/hexapod_controller_interfaces__rosidl_typesupport_fastrtps_cpp.dir/rosidl_typesupport_fastrtps_cpp/hexapod_controller_interfaces/msg/detail/dds_fastrtps/body_ik_calculate__type_support.cpp.o[0m
[ 51%] [32m[1mLinking CXX shared library libhexapod_controller_interfaces__rosidl_typesupport_cpp.so[0m
[ 51%] Built target hexapod_controller_interfaces__rosidl_typesupport_cpp
[ 53%] [34m[1mGenerating C introspection for ROS interfaces[0m
[ 56%] [32mBuilding CXX object CMakeFiles/hexapod_controller_interfaces__rosidl_typesupport_fastrtps_c.dir/rosidl_typesupport_fastrtps_c/hexapod_controller_interfaces/msg/detail/servo_position_values__type_support_c.cpp.o[0m
[ 58%] [32m[1mLinking CXX shared library libhexapod_controller_interfaces__rosidl_typesupport_introspection_cpp.so[0m
[ 61%] [32m[1mLinking CXX shared library libhexapod_controller_interfaces__rosidl_typesupport_fastrtps_cpp.so[0m
[ 61%] Built target hexapod_controller_interfaces__rosidl_typesupport_introspection_cpp
[ 64%] [32mBuilding CXX object CMakeFiles/hexapod_controller_interfaces__rosidl_typesupport_fastrtps_c.dir/rosidl_typesupport_fastrtps_c/hexapod_controller_interfaces/msg/detail/body_ik_calculate__type_support_c.cpp.o[0m
[ 64%] Built target hexapod_controller_interfaces__rosidl_typesupport_fastrtps_cpp
[ 66%] [32mBuilding C object CMakeFiles/hexapod_controller_interfaces__rosidl_typesupport_introspection_c.dir/rosidl_typesupport_introspection_c/hexapod_controller_interfaces/msg/detail/body_ik_calculate__type_support.c.o[0m
[ 69%] [32mBuilding C object CMakeFiles/hexapod_controller_interfaces__rosidl_typesupport_introspection_c.dir/rosidl_typesupport_introspection_c/hexapod_controller_interfaces/msg/detail/servo_position_values__type_support.c.o[0m
[ 71%] [32m[1mLinking C shared library libhexapod_controller_interfaces__rosidl_typesupport_introspection_c.so[0m
[ 71%] Built target hexapod_controller_interfaces__rosidl_typesupport_introspection_c
[ 74%] [32m[1mLinking CXX shared library libhexapod_controller_interfaces__rosidl_typesupport_fastrtps_c.so[0m
[ 74%] Built target hexapod_controller_interfaces__rosidl_typesupport_fastrtps_c
[ 74%] Built target hexapod_controller_interfaces
[ 76%] [34m[1mGenerating Python code for ROS interfaces[0m
[ 76%] Built target hexapod_controller_interfaces__py
[ 79%] [32mBuilding C object CMakeFiles/hexapod_controller_interfaces__rosidl_generator_py.dir/rosidl_generator_py/hexapod_controller_interfaces/msg/_servo_position_values_s.c.o[0m
[ 82%] [32mBuilding C object CMakeFiles/hexapod_controller_interfaces__rosidl_generator_py.dir/rosidl_generator_py/hexapod_controller_interfaces/msg/_body_ik_calculate_s.c.o[0m
[ 84%] [32m[1mLinking C shared library rosidl_generator_py/hexapod_controller_interfaces/libhexapod_controller_interfaces__rosidl_generator_py.so[0m
[ 84%] Built target hexapod_controller_interfaces__rosidl_generator_py
[ 87%] [32mBuilding C object CMakeFiles/hexapod_controller_interfaces__rosidl_typesupport_fastrtps_c__pyext.dir/rosidl_generator_py/hexapod_controller_interfaces/_hexapod_controller_interfaces_s.ep.rosidl_typesupport_fastrtps_c.c.o[0m
[ 89%] [32mBuilding C object CMakeFiles/hexapod_controller_interfaces__rosidl_typesupport_introspection_c__pyext.dir/rosidl_generator_py/hexapod_controller_interfaces/_hexapod_controller_interfaces_s.ep.rosidl_typesupport_introspection_c.c.o[0m
[ 92%] [32mBuilding C object CMakeFiles/hexapod_controller_interfaces__rosidl_typesupport_c__pyext.dir/rosidl_generator_py/hexapod_controller_interfaces/_hexapod_controller_interfaces_s.ep.rosidl_typesupport_c.c.o[0m
[ 94%] [32m[1mLinking C shared library rosidl_generator_py/hexapod_controller_interfaces/hexapod_controller_interfaces_s__rosidl_typesupport_c.cpython-310-aarch64-linux-gnu.so[0m
[ 97%] [32m[1mLinking C shared library rosidl_generator_py/hexapod_controller_interfaces/hexapod_controller_interfaces_s__rosidl_typesupport_introspection_c.cpython-310-aarch64-linux-gnu.so[0m
[100%] [32m[1mLinking C shared library rosidl_generator_py/hexapod_controller_interfaces/hexapod_controller_interfaces_s__rosidl_typesupport_fastrtps_c.cpython-310-aarch64-linux-gnu.so[0m
[100%] Built target hexapod_controller_interfaces__rosidl_typesupport_c__pyext
[100%] Built target hexapod_controller_interfaces__rosidl_typesupport_introspection_c__pyext
[100%] Built target hexapod_controller_interfaces__rosidl_typesupport_fastrtps_c__pyext
-- Install configuration: ""
-- Installing: /home/ros/hexapod_controller/install/hexapod_controller_interfaces/share/ament_index/resource_index/rosidl_interfaces/hexapod_controller_interfaces
-- Up-to-date: /home/ros/hexapod_controller/install/hexapod_controller_interfaces/include/hexapod_controller_interfaces/hexapod_controller_interfaces
-- Up-to-date: /home/ros/hexapod_controller/install/hexapod_controller_interfaces/include/hexapod_controller_interfaces/hexapod_controller_interfaces/msg
-- Up-to-date: /home/ros/hexapod_controller/install/hexapod_controller_interfaces/include/hexapod_controller_interfaces/hexapod_controller_interfaces/msg/detail
-- Installing: /home/ros/hexapod_controller/install/hexapod_controller_interfaces/include/hexapod_controller_interfaces/hexapod_controller_interfaces/msg/detail/servo_position_values__functions.h
-- Installing: /home/ros/hexapod_controller/install/hexapod_controller_interfaces/include/hexapod_controller_interfaces/hexapod_controller_interfaces/msg/detail/servo_position_values__struct.h
-- Installing: /home/ros/hexapod_controller/install/hexapod_controller_interfaces/include/hexapod_controller_interfaces/hexapod_controller_interfaces/msg/detail/servo_position_values__functions.c
-- Installing: /home/ros/hexapod_controller/install/hexapod_controller_interfaces/include/hexapod_controller_interfaces/hexapod_controller_interfaces/msg/detail/body_ik_calculate__type_support.h
-- Installing: /home/ros/hexapod_controller/install/hexapod_controller_interfaces/include/hexapod_controller_interfaces/hexapod_controller_interfaces/msg/detail/body_ik_calculate__functions.c
-- Installing: /home/ros/hexapod_controller/install/hexapod_controller_interfaces/include/hexapod_controller_interfaces/hexapod_controller_interfaces/msg/detail/servo_position_values__type_support.h
-- Installing: /home/ros/hexapod_controller/install/hexapod_controller_interfaces/include/hexapod_controller_interfaces/hexapod_controller_interfaces/msg/detail/body_ik_calculate__functions.h
-- Installing: /home/ros/hexapod_controller/install/hexapod_controller_interfaces/include/hexapod_controller_interfaces/hexapod_controller_interfaces/msg/detail/body_ik_calculate__struct.h
-- Installing: /home/ros/hexapod_controller/install/hexapod_controller_interfaces/include/hexapod_controller_interfaces/hexapod_controller_interfaces/msg/rosidl_generator_c__visibility_control.h
-- Installing: /home/ros/hexapod_controller/install/hexapod_controller_interfaces/include/hexapod_controller_interfaces/hexapod_controller_interfaces/msg/servo_position_values.h
-- Installing: /home/ros/hexapod_controller/install/hexapod_controller_interfaces/include/hexapod_controller_interfaces/hexapod_controller_interfaces/msg/body_ik_calculate.h
-- Up-to-date: /home/ros/hexapod_controller/install/hexapod_controller_interfaces/share/hexapod_controller_interfaces/environment/library_path.sh
-- Installing: /home/ros/hexapod_controller/install/hexapod_controller_interfaces/share/hexapod_controller_interfaces/environment/library_path.dsv
-- Installing: /home/ros/hexapod_controller/install/hexapod_controller_interfaces/lib/libhexapod_controller_interfaces__rosidl_generator_c.so
-- Set runtime path of "/home/ros/hexapod_controller/install/hexapod_controller_interfaces/lib/libhexapod_controller_interfaces__rosidl_generator_c.so" to ""
-- Up-to-date: /home/ros/hexapod_controller/install/hexapod_controller_interfaces/include/hexapod_controller_interfaces/hexapod_controller_interfaces
-- Up-to-date: /home/ros/hexapod_controller/install/hexapod_controller_interfaces/include/hexapod_controller_interfaces/hexapod_controller_interfaces/msg
-- Up-to-date: /home/ros/hexapod_controller/install/hexapod_controller_interfaces/include/hexapod_controller_interfaces/hexapod_controller_interfaces/msg/detail
-- Installing: /home/ros/hexapod_controller/install/hexapod_controller_interfaces/include/hexapod_controller_interfaces/hexapod_controller_interfaces/msg/detail/body_ik_calculate__rosidl_typesupport_fastrtps_c.h
-- Installing: /home/ros/hexapod_controller/install/hexapod_controller_interfaces/include/hexapod_controller_interfaces/hexapod_controller_interfaces/msg/detail/servo_position_values__rosidl_typesupport_fastrtps_c.h
-- Installing: /home/ros/hexapod_controller/install/hexapod_controller_interfaces/include/hexapod_controller_interfaces/hexapod_controller_interfaces/msg/rosidl_typesupport_fastrtps_c__visibility_control.h
-- Installing: /home/ros/hexapod_controller/install/hexapod_controller_interfaces/lib/libhexapod_controller_interfaces__rosidl_typesupport_fastrtps_c.so
-- Set runtime path of "/home/ros/hexapod_controller/install/hexapod_controller_interfaces/lib/libhexapod_controller_interfaces__rosidl_typesupport_fastrtps_c.so" to ""
-- Up-to-date: /home/ros/hexapod_controller/install/hexapod_controller_interfaces/include/hexapod_controller_interfaces/hexapod_controller_interfaces
-- Up-to-date: /home/ros/hexapod_controller/install/hexapod_controller_interfaces/include/hexapod_controller_interfaces/hexapod_controller_interfaces/msg
-- Up-to-date: /home/ros/hexapod_controller/install/hexapod_controller_interfaces/include/hexapod_controller_interfaces/hexapod_controller_interfaces/msg/detail
-- Installing: /home/ros/hexapod_controller/install/hexapod_controller_interfaces/include/hexapod_controller_interfaces/hexapod_controller_interfaces/msg/detail/servo_position_values__type_support.c
-- Installing: /home/ros/hexapod_controller/install/hexapod_controller_interfaces/include/hexapod_controller_interfaces/hexapod_controller_interfaces/msg/detail/body_ik_calculate__type_support.c
-- Installing: /home/ros/hexapod_controller/install/hexapod_controller_interfaces/include/hexapod_controller_interfaces/hexapod_controller_interfaces/msg/detail/servo_position_values__rosidl_typesupport_introspection_c.h
-- Installing: /home/ros/hexapod_controller/install/hexapod_controller_interfaces/include/hexapod_controller_interfaces/hexapod_controller_interfaces/msg/detail/body_ik_calculate__rosidl_typesupport_introspection_c.h
-- Installing: /home/ros/hexapod_controller/install/hexapod_controller_interfaces/include/hexapod_controller_interfaces/hexapod_controller_interfaces/msg/rosidl_typesupport_introspection_c__visibility_control.h
-- Installing: /home/ros/hexapod_controller/install/hexapod_controller_interfaces/lib/libhexapod_controller_interfaces__rosidl_typesupport_introspection_c.so
-- Set runtime path of "/home/ros/hexapod_controller/install/hexapod_controller_interfaces/lib/libhexapod_controller_interfaces__rosidl_typesupport_introspection_c.so" to ""
-- Installing: /home/ros/hexapod_controller/install/hexapod_controller_interfaces/lib/libhexapod_controller_interfaces__rosidl_typesupport_c.so
-- Set runtime path of "/home/ros/hexapod_controller/install/hexapod_controller_interfaces/lib/libhexapod_controller_interfaces__rosidl_typesupport_c.so" to ""
-- Up-to-date: /home/ros/hexapod_controller/install/hexapod_controller_interfaces/include/hexapod_controller_interfaces/hexapod_controller_interfaces
-- Up-to-date: /home/ros/hexapod_controller/install/hexapod_controller_interfaces/include/hexapod_controller_interfaces/hexapod_controller_interfaces/msg
-- Up-to-date: /home/ros/hexapod_controller/install/hexapod_controller_interfaces/include/hexapod_controller_interfaces/hexapod_controller_interfaces/msg/detail
-- Installing: /home/ros/hexapod_controller/install/hexapod_controller_interfaces/include/hexapod_controller_interfaces/hexapod_controller_interfaces/msg/detail/body_ik_calculate__builder.hpp
-- Installing: /home/ros/hexapod_controller/install/hexapod_controller_interfaces/include/hexapod_controller_interfaces/hexapod_controller_interfaces/msg/detail/servo_position_values__builder.hpp
-- Installing: /home/ros/hexapod_controller/install/hexapod_controller_interfaces/include/hexapod_controller_interfaces/hexapod_controller_interfaces/msg/detail/servo_position_values__struct.hpp
-- Installing: /home/ros/hexapod_controller/install/hexapod_controller_interfaces/include/hexapod_controller_interfaces/hexapod_controller_interfaces/msg/detail/body_ik_calculate__struct.hpp
-- Installing: /home/ros/hexapod_controller/install/hexapod_controller_interfaces/include/hexapod_controller_interfaces/hexapod_controller_interfaces/msg/detail/servo_position_values__traits.hpp
-- Installing: /home/ros/hexapod_controller/install/hexapod_controller_interfaces/include/hexapod_controller_interfaces/hexapod_controller_interfaces/msg/detail/body_ik_calculate__traits.hpp
-- Installing: /home/ros/hexapod_controller/install/hexapod_controller_interfaces/include/hexapod_controller_interfaces/hexapod_controller_interfaces/msg/body_ik_calculate.hpp
-- Installing: /home/ros/hexapod_controller/install/hexapod_controller_interfaces/include/hexapod_controller_interfaces/hexapod_controller_interfaces/msg/servo_position_values.hpp
-- Up-to-date: /home/ros/hexapod_controller/install/hexapod_controller_interfaces/include/hexapod_controller_interfaces/hexapod_controller_interfaces
-- Up-to-date: /home/ros/hexapod_controller/install/hexapod_controller_interfaces/include/hexapod_controller_interfaces/hexapod_controller_interfaces/msg
-- Up-to-date: /home/ros/hexapod_controller/install/hexapod_controller_interfaces/include/hexapod_controller_interfaces/hexapod_controller_interfaces/msg/detail
-- Up-to-date: /home/ros/hexapod_controller/install/hexapod_controller_interfaces/include/hexapod_controller_interfaces/hexapod_controller_interfaces/msg/detail/dds_fastrtps
-- Installing: /home/ros/hexapod_controller/install/hexapod_controller_interfaces/include/hexapod_controller_interfaces/hexapod_controller_interfaces/msg/detail/body_ik_calculate__rosidl_typesupport_fastrtps_cpp.hpp
-- Installing: /home/ros/hexapod_controller/install/hexapod_controller_interfaces/include/hexapod_controller_interfaces/hexapod_controller_interfaces/msg/detail/servo_position_values__rosidl_typesupport_fastrtps_cpp.hpp
-- Installing: /home/ros/hexapod_controller/install/hexapod_controller_interfaces/include/hexapod_controller_interfaces/hexapod_controller_interfaces/msg/rosidl_typesupport_fastrtps_cpp__visibility_control.h
-- Installing: /home/ros/hexapod_controller/install/hexapod_controller_interfaces/lib/libhexapod_controller_interfaces__rosidl_typesupport_fastrtps_cpp.so
-- Set runtime path of "/home/ros/hexapod_controller/install/hexapod_controller_interfaces/lib/libhexapod_controller_interfaces__rosidl_typesupport_fastrtps_cpp.so" to ""
-- Up-to-date: /home/ros/hexapod_controller/install/hexapod_controller_interfaces/include/hexapod_controller_interfaces/hexapod_controller_interfaces
-- Up-to-date: /home/ros/hexapod_controller/install/hexapod_controller_interfaces/include/hexapod_controller_interfaces/hexapod_controller_interfaces/msg
-- Up-to-date: /home/ros/hexapod_controller/install/hexapod_controller_interfaces/include/hexapod_controller_interfaces/hexapod_controller_interfaces/msg/detail
-- Installing: /home/ros/hexapod_controller/install/hexapod_controller_interfaces/include/hexapod_controller_interfaces/hexapod_controller_interfaces/msg/detail/body_ik_calculate__type_support.cpp
-- Installing: /home/ros/hexapod_controller/install/hexapod_controller_interfaces/include/hexapod_controller_interfaces/hexapod_controller_interfaces/msg/detail/servo_position_values__rosidl_typesupport_introspection_cpp.hpp
-- Installing: /home/ros/hexapod_controller/install/hexapod_controller_interfaces/include/hexapod_controller_interfaces/hexapod_controller_interfaces/msg/detail/body_ik_calculate__rosidl_typesupport_introspection_cpp.hpp
-- Installing: /home/ros/hexapod_controller/install/hexapod_controller_interfaces/include/hexapod_controller_interfaces/hexapod_controller_interfaces/msg/detail/servo_position_values__type_support.cpp
-- Installing: /home/ros/hexapod_controller/install/hexapod_controller_interfaces/lib/libhexapod_controller_interfaces__rosidl_typesupport_introspection_cpp.so
-- Set runtime path of "/home/ros/hexapod_controller/install/hexapod_controller_interfaces/lib/libhexapod_controller_interfaces__rosidl_typesupport_introspection_cpp.so" to ""
-- Installing: /home/ros/hexapod_controller/install/hexapod_controller_interfaces/lib/libhexapod_controller_interfaces__rosidl_typesupport_cpp.so
-- Set runtime path of "/home/ros/hexapod_controller/install/hexapod_controller_interfaces/lib/libhexapod_controller_interfaces__rosidl_typesupport_cpp.so" to ""
-- Installing: /home/ros/hexapod_controller/install/hexapod_controller_interfaces/share/hexapod_controller_interfaces/environment/pythonpath.sh
-- Installing: /home/ros/hexapod_controller/install/hexapod_controller_interfaces/share/hexapod_controller_interfaces/environment/pythonpath.dsv
-- Up-to-date: /home/ros/hexapod_controller/install/hexapod_controller_interfaces/local/lib/python3.10/dist-packages/hexapod_controller_interfaces-0.0.0-py3.10.egg-info
-- Installing: /home/ros/hexapod_controller/install/hexapod_controller_interfaces/local/lib/python3.10/dist-packages/hexapod_controller_interfaces-0.0.0-py3.10.egg-info/SOURCES.txt
-- Installing: /home/ros/hexapod_controller/install/hexapod_controller_interfaces/local/lib/python3.10/dist-packages/hexapod_controller_interfaces-0.0.0-py3.10.egg-info/PKG-INFO
-- Installing: /home/ros/hexapod_controller/install/hexapod_controller_interfaces/local/lib/python3.10/dist-packages/hexapod_controller_interfaces-0.0.0-py3.10.egg-info/dependency_links.txt
-- Installing: /home/ros/hexapod_controller/install/hexapod_controller_interfaces/local/lib/python3.10/dist-packages/hexapod_controller_interfaces-0.0.0-py3.10.egg-info/top_level.txt
-- Up-to-date: /home/ros/hexapod_controller/install/hexapod_controller_interfaces/local/lib/python3.10/dist-packages/hexapod_controller_interfaces
-- Installing: /home/ros/hexapod_controller/install/hexapod_controller_interfaces/local/lib/python3.10/dist-packages/hexapod_controller_interfaces/hexapod_controller_interfaces_s__rosidl_typesupport_introspection_c.cpython-310-aarch64-linux-gnu.so
-- Installing: /home/ros/hexapod_controller/install/hexapod_controller_interfaces/local/lib/python3.10/dist-packages/hexapod_controller_interfaces/__init__.py
-- Installing: /home/ros/hexapod_controller/install/hexapod_controller_interfaces/local/lib/python3.10/dist-packages/hexapod_controller_interfaces/hexapod_controller_interfaces_s__rosidl_typesupport_c.cpython-310-aarch64-linux-gnu.so
-- Installing: /home/ros/hexapod_controller/install/hexapod_controller_interfaces/local/lib/python3.10/dist-packages/hexapod_controller_interfaces/_hexapod_controller_interfaces_s.ep.rosidl_typesupport_fastrtps_c.c
-- Installing: /home/ros/hexapod_controller/install/hexapod_controller_interfaces/local/lib/python3.10/dist-packages/hexapod_controller_interfaces/libhexapod_controller_interfaces__rosidl_generator_py.so
-- Up-to-date: /home/ros/hexapod_controller/install/hexapod_controller_interfaces/local/lib/python3.10/dist-packages/hexapod_controller_interfaces/msg
-- Installing: /home/ros/hexapod_controller/install/hexapod_controller_interfaces/local/lib/python3.10/dist-packages/hexapod_controller_interfaces/msg/__init__.py
-- Installing: /home/ros/hexapod_controller/install/hexapod_controller_interfaces/local/lib/python3.10/dist-packages/hexapod_controller_interfaces/msg/_servo_position_values_s.c
-- Installing: /home/ros/hexapod_controller/install/hexapod_controller_interfaces/local/lib/python3.10/dist-packages/hexapod_controller_interfaces/msg/_servo_position_values.py
-- Installing: /home/ros/hexapod_controller/install/hexapod_controller_interfaces/local/lib/python3.10/dist-packages/hexapod_controller_interfaces/msg/_body_ik_calculate.py
-- Installing: /home/ros/hexapod_controller/install/hexapod_controller_interfaces/local/lib/python3.10/dist-packages/hexapod_controller_interfaces/msg/_body_ik_calculate_s.c
-- Installing: /home/ros/hexapod_controller/install/hexapod_controller_interfaces/local/lib/python3.10/dist-packages/hexapod_controller_interfaces/hexapod_controller_interfaces_s__rosidl_typesupport_fastrtps_c.cpython-310-aarch64-linux-gnu.so
-- Installing: /home/ros/hexapod_controller/install/hexapod_controller_interfaces/local/lib/python3.10/dist-packages/hexapod_controller_interfaces/_hexapod_controller_interfaces_s.ep.rosidl_typesupport_c.c
-- Installing: /home/ros/hexapod_controller/install/hexapod_controller_interfaces/local/lib/python3.10/dist-packages/hexapod_controller_interfaces/_hexapod_controller_interfaces_s.ep.rosidl_typesupport_introspection_c.c
Listing '/home/ros/hexapod_controller/install/hexapod_controller_interfaces/local/lib/python3.10/dist-packages/hexapod_controller_interfaces'...
Compiling '/home/ros/hexapod_controller/install/hexapod_controller_interfaces/local/lib/python3.10/dist-packages/hexapod_controller_interfaces/__init__.py'...
Listing '/home/ros/hexapod_controller/install/hexapod_controller_interfaces/local/lib/python3.10/dist-packages/hexapod_controller_interfaces/msg'...
Compiling '/home/ros/hexapod_controller/install/hexapod_controller_interfaces/local/lib/python3.10/dist-packages/hexapod_controller_interfaces/msg/__init__.py'...
Compiling '/home/ros/hexapod_controller/install/hexapod_controller_interfaces/local/lib/python3.10/dist-packages/hexapod_controller_interfaces/msg/_body_ik_calculate.py'...
Compiling '/home/ros/hexapod_controller/install/hexapod_controller_interfaces/local/lib/python3.10/dist-packages/hexapod_controller_interfaces/msg/_servo_position_values.py'...
-- Installing: /home/ros/hexapod_controller/install/hexapod_controller_interfaces/local/lib/python3.10/dist-packages/hexapod_controller_interfaces/hexapod_controller_interfaces_s__rosidl_typesupport_fastrtps_c.cpython-310-aarch64-linux-gnu.so
-- Set runtime path of "/home/ros/hexapod_controller/install/hexapod_controller_interfaces/local/lib/python3.10/dist-packages/hexapod_controller_interfaces/hexapod_controller_interfaces_s__rosidl_typesupport_fastrtps_c.cpython-310-aarch64-linux-gnu.so" to ""
-- Installing: /home/ros/hexapod_controller/install/hexapod_controller_interfaces/local/lib/python3.10/dist-packages/hexapod_controller_interfaces/hexapod_controller_interfaces_s__rosidl_typesupport_introspection_c.cpython-310-aarch64-linux-gnu.so
-- Set runtime path of "/home/ros/hexapod_controller/install/hexapod_controller_interfaces/local/lib/python3.10/dist-packages/hexapod_controller_interfaces/hexapod_controller_interfaces_s__rosidl_typesupport_introspection_c.cpython-310-aarch64-linux-gnu.so" to ""
-- Installing: /home/ros/hexapod_controller/install/hexapod_controller_interfaces/local/lib/python3.10/dist-packages/hexapod_controller_interfaces/hexapod_controller_interfaces_s__rosidl_typesupport_c.cpython-310-aarch64-linux-gnu.so
-- Set runtime path of "/home/ros/hexapod_controller/install/hexapod_controller_interfaces/local/lib/python3.10/dist-packages/hexapod_controller_interfaces/hexapod_controller_interfaces_s__rosidl_typesupport_c.cpython-310-aarch64-linux-gnu.so" to ""
-- Installing: /home/ros/hexapod_controller/install/hexapod_controller_interfaces/lib/libhexapod_controller_interfaces__rosidl_generator_py.so
-- Set runtime path of "/home/ros/hexapod_controller/install/hexapod_controller_interfaces/lib/libhexapod_controller_interfaces__rosidl_generator_py.so" to ""
-- Installing: /home/ros/hexapod_controller/install/hexapod_controller_interfaces/share/hexapod_controller_interfaces/msg/ServoPositionValues.idl
-- Installing: /home/ros/hexapod_controller/install/hexapod_controller_interfaces/share/hexapod_controller_interfaces/msg/BodyIKCalculate.idl
-- Up-to-date: /home/ros/hexapod_controller/install/hexapod_controller_interfaces/share/hexapod_controller_interfaces/msg/ServoPositionValues.msg
-- Installing: /home/ros/hexapod_controller/install/hexapod_controller_interfaces/share/hexapod_controller_interfaces/msg/BodyIKCalculate.msg
-- Installing: /home/ros/hexapod_controller/install/hexapod_controller_interfaces/share/ament_index/resource_index/package_run_dependencies/hexapod_controller_interfaces
-- Installing: /home/ros/hexapod_controller/install/hexapod_controller_interfaces/share/ament_index/resource_index/parent_prefix_path/hexapod_controller_interfaces
-- Up-to-date: /home/ros/hexapod_controller/install/hexapod_controller_interfaces/share/hexapod_controller_interfaces/environment/ament_prefix_path.sh
-- Installing: /home/ros/hexapod_controller/install/hexapod_controller_interfaces/share/hexapod_controller_interfaces/environment/ament_prefix_path.dsv
-- Up-to-date: /home/ros/hexapod_controller/install/hexapod_controller_interfaces/share/hexapod_controller_interfaces/environment/path.sh
-- Installing: /home/ros/hexapod_controller/install/hexapod_controller_interfaces/share/hexapod_controller_interfaces/environment/path.dsv
-- Installing: /home/ros/hexapod_controller/install/hexapod_controller_interfaces/share/hexapod_controller_interfaces/local_setup.bash
-- Installing: /home/ros/hexapod_controller/install/hexapod_controller_interfaces/share/hexapod_controller_interfaces/local_setup.sh
-- Installing: /home/ros/hexapod_controller/install/hexapod_controller_interfaces/share/hexapod_controller_interfaces/local_setup.zsh
-- Installing: /home/ros/hexapod_controller/install/hexapod_controller_interfaces/share/hexapod_controller_interfaces/local_setup.dsv
-- Installing: /home/ros/hexapod_controller/install/hexapod_controller_interfaces/share/hexapod_controller_interfaces/package.dsv
-- Installing: /home/ros/hexapod_controller/install/hexapod_controller_interfaces/share/ament_index/resource_index/packages/hexapod_controller_interfaces
-- Installing: /home/ros/hexapod_controller/install/hexapod_controller_interfaces/share/hexapod_controller_interfaces/cmake/export_hexapod_controller_interfaces__rosidl_generator_cExport.cmake
-- Installing: /home/ros/hexapod_controller/install/hexapod_controller_interfaces/share/hexapod_controller_interfaces/cmake/export_hexapod_controller_interfaces__rosidl_generator_cExport-noconfig.cmake
-- Installing: /home/ros/hexapod_controller/install/hexapod_controller_interfaces/share/hexapod_controller_interfaces/cmake/export_hexapod_controller_interfaces__rosidl_typesupport_fastrtps_cExport.cmake
-- Installing: /home/ros/hexapod_controller/install/hexapod_controller_interfaces/share/hexapod_controller_interfaces/cmake/export_hexapod_controller_interfaces__rosidl_typesupport_fastrtps_cExport-noconfig.cmake
-- Installing: /home/ros/hexapod_controller/install/hexapod_controller_interfaces/share/hexapod_controller_interfaces/cmake/hexapod_controller_interfaces__rosidl_typesupport_introspection_cExport.cmake
-- Installing: /home/ros/hexapod_controller/install/hexapod_controller_interfaces/share/hexapod_controller_interfaces/cmake/hexapod_controller_interfaces__rosidl_typesupport_introspection_cExport-noconfig.cmake
-- Installing: /home/ros/hexapod_controller/install/hexapod_controller_interfaces/share/hexapod_controller_interfaces/cmake/hexapod_controller_interfaces__rosidl_typesupport_cExport.cmake
-- Installing: /home/ros/hexapod_controller/install/hexapod_controller_interfaces/share/hexapod_controller_interfaces/cmake/hexapod_controller_interfaces__rosidl_typesupport_cExport-noconfig.cmake
-- Installing: /home/ros/hexapod_controller/install/hexapod_controller_interfaces/share/hexapod_controller_interfaces/cmake/export_hexapod_controller_interfaces__rosidl_generator_cppExport.cmake
-- Installing: /home/ros/hexapod_controller/install/hexapod_controller_interfaces/share/hexapod_controller_interfaces/cmake/export_hexapod_controller_interfaces__rosidl_typesupport_fastrtps_cppExport.cmake
-- Installing: /home/ros/hexapod_controller/install/hexapod_controller_interfaces/share/hexapod_controller_interfaces/cmake/export_hexapod_controller_interfaces__rosidl_typesupport_fastrtps_cppExport-noconfig.cmake
-- Installing: /home/ros/hexapod_controller/install/hexapod_controller_interfaces/share/hexapod_controller_interfaces/cmake/hexapod_controller_interfaces__rosidl_typesupport_introspection_cppExport.cmake
-- Installing: /home/ros/hexapod_controller/install/hexapod_controller_interfaces/share/hexapod_controller_interfaces/cmake/hexapod_controller_interfaces__rosidl_typesupport_introspection_cppExport-noconfig.cmake
-- Installing: /home/ros/hexapod_controller/install/hexapod_controller_interfaces/share/hexapod_controller_interfaces/cmake/hexapod_controller_interfaces__rosidl_typesupport_cppExport.cmake
-- Installing: /home/ros/hexapod_controller/install/hexapod_controller_interfaces/share/hexapod_controller_interfaces/cmake/hexapod_controller_interfaces__rosidl_typesupport_cppExport-noconfig.cmake
-- Installing: /home/ros/hexapod_controller/install/hexapod_controller_interfaces/share/hexapod_controller_interfaces/cmake/export_hexapod_controller_interfaces__rosidl_generator_pyExport.cmake
-- Installing: /home/ros/hexapod_controller/install/hexapod_controller_interfaces/share/hexapod_controller_interfaces/cmake/export_hexapod_controller_interfaces__rosidl_generator_pyExport-noconfig.cmake
-- Installing: /home/ros/hexapod_controller/install/hexapod_controller_interfaces/share/hexapod_controller_interfaces/cmake/rosidl_cmake-extras.cmake
-- Installing: /home/ros/hexapod_controller/install/hexapod_controller_interfaces/share/hexapod_controller_interfaces/cmake/ament_cmake_export_include_directories-extras.cmake
-- Installing: /home/ros/hexapod_controller/install/hexapod_controller_interfaces/share/hexapod_controller_interfaces/cmake/ament_cmake_export_libraries-extras.cmake
-- Installing: /home/ros/hexapod_controller/install/hexapod_controller_interfaces/share/hexapod_controller_interfaces/cmake/ament_cmake_export_targets-extras.cmake
-- Installing: /home/ros/hexapod_controller/install/hexapod_controller_interfaces/share/hexapod_controller_interfaces/cmake/rosidl_cmake_export_typesupport_targets-extras.cmake
-- Installing: /home/ros/hexapod_controller/install/hexapod_controller_interfaces/share/hexapod_controller_interfaces/cmake/ament_cmake_export_dependencies-extras.cmake
-- Installing: /home/ros/hexapod_controller/install/hexapod_controller_interfaces/share/hexapod_controller_interfaces/cmake/rosidl_cmake_export_typesupport_libraries-extras.cmake
-- Installing: /home/ros/hexapod_controller/install/hexapod_controller_interfaces/share/hexapod_controller_interfaces/cmake/hexapod_controller_interfacesConfig.cmake
-- Installing: /home/ros/hexapod_controller/install/hexapod_controller_interfaces/share/hexapod_controller_interfaces/cmake/hexapod_controller_interfacesConfig-version.cmake
-- Up-to-date: /home/ros/hexapod_controller/install/hexapod_controller_interfaces/share/hexapod_controller_interfaces/package.xml
