[0.079s] Invoking command in '/home/ros/hexapod_controller/build/hexapod_controller_interfaces': CMAKE_PREFIX_PATH=${CMAKE_PREFIX_PATH}:/home/ros/hexapod_controller/install/hexapod_controller:/opt/ros/humble /usr/bin/cmake --build /home/ros/hexapod_controller/build/hexapod_controller_interfaces -- -j4 -l4
[0.177s] [31mCMake Error at CMakeLists.txt:20:
[0.178s]   Parse error.  Function missing ending ")".  Instead found unterminated
[0.178s]   string with text "msg/BodyIKCalculate.msg
[0.179s] 
[0.179s]   )
[0.180s] 
[0.180s]   
[0.181s] 
[0.181s]   ament_export_dependencies(rosidl_default_runtime)
[0.182s] 
[0.183s]   
[0.183s] 
[0.183s]   ament_package()
[0.184s] 
[0.185s]   ".
[0.185s] 
[0.185s] [0m
[0.186s] -- Configuring incomplete, errors occurred!
[0.186s] See also "/home/ros/hexapod_controller/build/hexapod_controller_interfaces/CMakeFiles/CMakeOutput.log".
[0.187s] gmake: *** [Makefile:747: cmake_check_build_system] Error 1
[0.191s] Invoked command in '/home/ros/hexapod_controller/build/hexapod_controller_interfaces' returned '2': CMAKE_PREFIX_PATH=${CMAKE_PREFIX_PATH}:/home/ros/hexapod_controller/install/hexapod_controller:/opt/ros/humble /usr/bin/cmake --build /home/ros/hexapod_controller/build/hexapod_controller_interfaces -- -j4 -l4
