running develop
running egg_info
creating hexapod_controller.egg-info
writing hexapod_controller.egg-info/PKG-INFO
writing dependency_links to hexapod_controller.egg-info/dependency_links.txt
writing entry points to hexapod_controller.egg-info/entry_points.txt
writing requirements to hexapod_controller.egg-info/requires.txt
writing top-level names to hexapod_controller.egg-info/top_level.txt
writing manifest file 'hexapod_controller.egg-info/SOURCES.txt'
reading manifest file 'hexapod_controller.egg-info/SOURCES.txt'
writing manifest file 'hexapod_controller.egg-info/SOURCES.txt'
running build_ext
Creating /home/ros/hexapod_controller/install/hexapod_controller/lib/python3.10/site-packages/hexapod-controller.egg-link (link to .)

Installed /home/ros/hexapod_controller/build/hexapod_controller
running install_data
creating /home/ros/hexapod_controller/install/hexapod_controller/share/ament_index
creating /home/ros/hexapod_controller/install/hexapod_controller/share/ament_index/resource_index
creating /home/ros/hexapod_controller/install/hexapod_controller/share/ament_index/resource_index/packages
copying resource/hexapod_controller -> /home/ros/hexapod_controller/install/hexapod_controller/share/ament_index/resource_index/packages
copying package.xml -> /home/ros/hexapod_controller/install/hexapod_controller/share/hexapod_controller
