[0.074s] Invoking command in '/home/ros/hexapod_controller/build/hexapod_controller_interfaces': CMAKE_PREFIX_PATH=${CMAKE_PREFIX_PATH}:/home/ros/hexapod_controller/install/hexapod_controller:/opt/ros/humble /usr/bin/cmake --build /home/ros/hexapod_controller/build/hexapod_controller_interfaces -- -j4 -l4
[0.192s] -- Found ament_cmake: 1.3.4 (/opt/ros/humble/share/ament_cmake/cmake)
[0.849s] -- Override CMake install command with custom implementation using symlinks instead of copying resources
[0.893s] -- Found rosidl_default_generators: 1.2.0 (/opt/ros/humble/share/rosidl_default_generators/cmake)
[0.902s] -- Using all available rosidl_typesupport_c: rosidl_typesupport_fastrtps_c;rosidl_typesupport_introspection_c
[0.916s] -- Found rosidl_adapter: 3.1.4 (/opt/ros/humble/share/rosidl_adapter/cmake)
[1.067s] -- Using all available rosidl_typesupport_cpp: rosidl_typesupport_fastrtps_cpp;rosidl_typesupport_introspection_cpp
[2.354s] -- Found ament_cmake_ros: 0.10.0 (/opt/ros/humble/share/ament_cmake_ros/cmake)
[3.154s] -- Using all available rosidl_typesupport_c: rosidl_typesupport_fastrtps_c;rosidl_typesupport_introspection_c
[4.217s] -- Using all available rosidl_typesupport_cpp: rosidl_typesupport_fastrtps_cpp;rosidl_typesupport_introspection_cpp
[4.306s] -- Found python_cmake_module: 0.10.0 (/opt/ros/humble/share/python_cmake_module/cmake)
[4.398s] -- Using PYTHON_EXECUTABLE: /usr/bin/python3
[4.398s] -- Using PYTHON_INCLUDE_DIRS: /usr/include/python3.10
[4.398s] -- Using PYTHON_LIBRARIES: /usr/lib/aarch64-linux-gnu/libpython3.10.so
[4.533s] -- Configuring done
[4.744s] -- Generating done
[4.768s] -- Build files have been written to: /home/ros/hexapod_controller/build/hexapod_controller_interfaces
[4.880s] [  2%] [34m[1mGenerating C code for ROS interfaces[0m
[4.932s] failed to create symbolic link '/home/ros/hexapod_controller/build/hexapod_controller_interfaces/ament_cmake_python/hexapod_controller_interfaces/hexapod_controller_interfaces' because existing path cannot be removed: Is a directory
[4.935s] gmake[2]: *** [CMakeFiles/ament_cmake_python_symlink_hexapod_controller_interfaces.dir/build.make:70: CMakeFiles/ament_cmake_python_symlink_hexapod_controller_interfaces] Error 1
[4.936s] gmake[1]: *** [CMakeFiles/Makefile2:421: CMakeFiles/ament_cmake_python_symlink_hexapod_controller_interfaces.dir/all] Error 2
[4.936s] gmake[1]: *** Waiting for unfinished jobs....
[4.938s] [  5%] [34m[1mGenerating C++ code for ROS interfaces[0m
[6.762s] [35m[1mConsolidate compiler generated dependencies of target hexapod_controller_interfaces__rosidl_generator_c[0m
[6.769s] [  5%] Built target hexapod_controller_interfaces__cpp
[6.823s] [ 10%] [32mBuilding C object CMakeFiles/hexapod_controller_interfaces__rosidl_generator_c.dir/rosidl_generator_c/hexapod_controller_interfaces/msg/detail/servo_position_values__functions.c.o[0m
[6.824s] [ 10%] [32mBuilding C object CMakeFiles/hexapod_controller_interfaces__rosidl_generator_c.dir/rosidl_generator_c/hexapod_controller_interfaces/msg/detail/body_ik_calculate__functions.c.o[0m
[7.071s] [ 12%] [32m[1mLinking C shared library libhexapod_controller_interfaces__rosidl_generator_c.so[0m
[7.251s] [ 12%] Built target hexapod_controller_interfaces__rosidl_generator_c
[7.255s] gmake: *** [Makefile:146: all] Error 2
[7.263s] Invoked command in '/home/ros/hexapod_controller/build/hexapod_controller_interfaces' returned '2': CMAKE_PREFIX_PATH=${CMAKE_PREFIX_PATH}:/home/ros/hexapod_controller/install/hexapod_controller:/opt/ros/humble /usr/bin/cmake --build /home/ros/hexapod_controller/build/hexapod_controller_interfaces -- -j4 -l4
