running develop
Removing /home/ros/hexapod_controller/install/hexapod_controller/lib/python3.10/site-packages/hexapod-controller.egg-link (link to .)
running egg_info
writing ../../build/hexapod_controller/hexapod_controller.egg-info/PKG-INFO
writing dependency_links to ../../build/hexapod_controller/hexapod_controller.egg-info/dependency_links.txt
writing entry points to ../../build/hexapod_controller/hexapod_controller.egg-info/entry_points.txt
writing requirements to ../../build/hexapod_controller/hexapod_controller.egg-info/requires.txt
writing top-level names to ../../build/hexapod_controller/hexapod_controller.egg-info/top_level.txt
reading manifest file '../../build/hexapod_controller/hexapod_controller.egg-info/SOURCES.txt'
writing manifest file '../../build/hexapod_controller/hexapod_controller.egg-info/SOURCES.txt'
running build
running build_py
running install
running install_lib
creating /home/ros/hexapod_controller/install/hexapod_controller/lib/python3.10/site-packages/hexapod_controller
copying /home/ros/hexapod_controller/build/hexapod_controller/build/lib/hexapod_controller/servo_12.py -> /home/ros/hexapod_controller/install/hexapod_controller/lib/python3.10/site-packages/hexapod_controller
copying /home/ros/hexapod_controller/build/hexapod_controller/build/lib/hexapod_controller/body.py -> /home/ros/hexapod_controller/install/hexapod_controller/lib/python3.10/site-packages/hexapod_controller
copying /home/ros/hexapod_controller/build/hexapod_controller/build/lib/hexapod_controller/servo_6.py -> /home/ros/hexapod_controller/install/hexapod_controller/lib/python3.10/site-packages/hexapod_controller
copying /home/ros/hexapod_controller/build/hexapod_controller/build/lib/hexapod_controller/servo_10.py -> /home/ros/hexapod_controller/install/hexapod_controller/lib/python3.10/site-packages/hexapod_controller
copying /home/ros/hexapod_controller/build/hexapod_controller/build/lib/hexapod_controller/inverse_kinematics.py -> /home/ros/hexapod_controller/install/hexapod_controller/lib/python3.10/site-packages/hexapod_controller
copying /home/ros/hexapod_controller/build/hexapod_controller/build/lib/hexapod_controller/servo_15.py -> /home/ros/hexapod_controller/install/hexapod_controller/lib/python3.10/site-packages/hexapod_controller
copying /home/ros/hexapod_controller/build/hexapod_controller/build/lib/hexapod_controller/servo_8.py -> /home/ros/hexapod_controller/install/hexapod_controller/lib/python3.10/site-packages/hexapod_controller
copying /home/ros/hexapod_controller/build/hexapod_controller/build/lib/hexapod_controller/servo_18.py -> /home/ros/hexapod_controller/install/hexapod_controller/lib/python3.10/site-packages/hexapod_controller
copying /home/ros/hexapod_controller/build/hexapod_controller/build/lib/hexapod_controller/servo_14.py -> /home/ros/hexapod_controller/install/hexapod_controller/lib/python3.10/site-packages/hexapod_controller
copying /home/ros/hexapod_controller/build/hexapod_controller/build/lib/hexapod_controller/body copy.py -> /home/ros/hexapod_controller/install/hexapod_controller/lib/python3.10/site-packages/hexapod_controller
copying /home/ros/hexapod_controller/build/hexapod_controller/build/lib/hexapod_controller/servo_4.py -> /home/ros/hexapod_controller/install/hexapod_controller/lib/python3.10/site-packages/hexapod_controller
copying /home/ros/hexapod_controller/build/hexapod_controller/build/lib/hexapod_controller/servo_9.py -> /home/ros/hexapod_controller/install/hexapod_controller/lib/python3.10/site-packages/hexapod_controller
copying /home/ros/hexapod_controller/build/hexapod_controller/build/lib/hexapod_controller/__init__.py -> /home/ros/hexapod_controller/install/hexapod_controller/lib/python3.10/site-packages/hexapod_controller
copying /home/ros/hexapod_controller/build/hexapod_controller/build/lib/hexapod_controller/body copy 2.py -> /home/ros/hexapod_controller/install/hexapod_controller/lib/python3.10/site-packages/hexapod_controller
copying /home/ros/hexapod_controller/build/hexapod_controller/build/lib/hexapod_controller/servo_16.py -> /home/ros/hexapod_controller/install/hexapod_controller/lib/python3.10/site-packages/hexapod_controller
copying /home/ros/hexapod_controller/build/hexapod_controller/build/lib/hexapod_controller/servo_17.py -> /home/ros/hexapod_controller/install/hexapod_controller/lib/python3.10/site-packages/hexapod_controller
copying /home/ros/hexapod_controller/build/hexapod_controller/build/lib/hexapod_controller/servo_3.py -> /home/ros/hexapod_controller/install/hexapod_controller/lib/python3.10/site-packages/hexapod_controller
copying /home/ros/hexapod_controller/build/hexapod_controller/build/lib/hexapod_controller/servo_11.py -> /home/ros/hexapod_controller/install/hexapod_controller/lib/python3.10/site-packages/hexapod_controller
copying /home/ros/hexapod_controller/build/hexapod_controller/build/lib/hexapod_controller/servo_5.py -> /home/ros/hexapod_controller/install/hexapod_controller/lib/python3.10/site-packages/hexapod_controller
copying /home/ros/hexapod_controller/build/hexapod_controller/build/lib/hexapod_controller/servo_13.py -> /home/ros/hexapod_controller/install/hexapod_controller/lib/python3.10/site-packages/hexapod_controller
copying /home/ros/hexapod_controller/build/hexapod_controller/build/lib/hexapod_controller/servo_7.py -> /home/ros/hexapod_controller/install/hexapod_controller/lib/python3.10/site-packages/hexapod_controller
copying /home/ros/hexapod_controller/build/hexapod_controller/build/lib/hexapod_controller/servo_1.py -> /home/ros/hexapod_controller/install/hexapod_controller/lib/python3.10/site-packages/hexapod_controller
copying /home/ros/hexapod_controller/build/hexapod_controller/build/lib/hexapod_controller/servo_2.py -> /home/ros/hexapod_controller/install/hexapod_controller/lib/python3.10/site-packages/hexapod_controller
copying /home/ros/hexapod_controller/build/hexapod_controller/build/lib/hexapod_controller/com_settings.py -> /home/ros/hexapod_controller/install/hexapod_controller/lib/python3.10/site-packages/hexapod_controller
byte-compiling /home/ros/hexapod_controller/install/hexapod_controller/lib/python3.10/site-packages/hexapod_controller/servo_12.py to servo_12.cpython-310.pyc
byte-compiling /home/ros/hexapod_controller/install/hexapod_controller/lib/python3.10/site-packages/hexapod_controller/body.py to body.cpython-310.pyc
byte-compiling /home/ros/hexapod_controller/install/hexapod_controller/lib/python3.10/site-packages/hexapod_controller/servo_6.py to servo_6.cpython-310.pyc
byte-compiling /home/ros/hexapod_controller/install/hexapod_controller/lib/python3.10/site-packages/hexapod_controller/servo_10.py to servo_10.cpython-310.pyc
byte-compiling /home/ros/hexapod_controller/install/hexapod_controller/lib/python3.10/site-packages/hexapod_controller/inverse_kinematics.py to inverse_kinematics.cpython-310.pyc
byte-compiling /home/ros/hexapod_controller/install/hexapod_controller/lib/python3.10/site-packages/hexapod_controller/servo_15.py to servo_15.cpython-310.pyc
byte-compiling /home/ros/hexapod_controller/install/hexapod_controller/lib/python3.10/site-packages/hexapod_controller/servo_8.py to servo_8.cpython-310.pyc
byte-compiling /home/ros/hexapod_controller/install/hexapod_controller/lib/python3.10/site-packages/hexapod_controller/servo_18.py to servo_18.cpython-310.pyc
byte-compiling /home/ros/hexapod_controller/install/hexapod_controller/lib/python3.10/site-packages/hexapod_controller/servo_14.py to servo_14.cpython-310.pyc
byte-compiling /home/ros/hexapod_controller/install/hexapod_controller/lib/python3.10/site-packages/hexapod_controller/body copy.py to body copy.cpython-310.pyc
byte-compiling /home/ros/hexapod_controller/install/hexapod_controller/lib/python3.10/site-packages/hexapod_controller/servo_4.py to servo_4.cpython-310.pyc
byte-compiling /home/ros/hexapod_controller/install/hexapod_controller/lib/python3.10/site-packages/hexapod_controller/servo_9.py to servo_9.cpython-310.pyc
byte-compiling /home/ros/hexapod_controller/install/hexapod_controller/lib/python3.10/site-packages/hexapod_controller/__init__.py to __init__.cpython-310.pyc
byte-compiling /home/ros/hexapod_controller/install/hexapod_controller/lib/python3.10/site-packages/hexapod_controller/body copy 2.py to body copy 2.cpython-310.pyc
byte-compiling /home/ros/hexapod_controller/install/hexapod_controller/lib/python3.10/site-packages/hexapod_controller/servo_16.py to servo_16.cpython-310.pyc
byte-compiling /home/ros/hexapod_controller/install/hexapod_controller/lib/python3.10/site-packages/hexapod_controller/servo_17.py to servo_17.cpython-310.pyc
byte-compiling /home/ros/hexapod_controller/install/hexapod_controller/lib/python3.10/site-packages/hexapod_controller/servo_3.py to servo_3.cpython-310.pyc
byte-compiling /home/ros/hexapod_controller/install/hexapod_controller/lib/python3.10/site-packages/hexapod_controller/servo_11.py to servo_11.cpython-310.pyc
byte-compiling /home/ros/hexapod_controller/install/hexapod_controller/lib/python3.10/site-packages/hexapod_controller/servo_5.py to servo_5.cpython-310.pyc
byte-compiling /home/ros/hexapod_controller/install/hexapod_controller/lib/python3.10/site-packages/hexapod_controller/servo_13.py to servo_13.cpython-310.pyc
byte-compiling /home/ros/hexapod_controller/install/hexapod_controller/lib/python3.10/site-packages/hexapod_controller/servo_7.py to servo_7.cpython-310.pyc
byte-compiling /home/ros/hexapod_controller/install/hexapod_controller/lib/python3.10/site-packages/hexapod_controller/servo_1.py to servo_1.cpython-310.pyc
byte-compiling /home/ros/hexapod_controller/install/hexapod_controller/lib/python3.10/site-packages/hexapod_controller/servo_2.py to servo_2.cpython-310.pyc
byte-compiling /home/ros/hexapod_controller/install/hexapod_controller/lib/python3.10/site-packages/hexapod_controller/com_settings.py to com_settings.cpython-310.pyc
running install_data
copying launch/hexapod.launch.py -> /home/ros/hexapod_controller/install/hexapod_controller/share/hexapod_controller/launch/
running install_egg_info
Copying ../../build/hexapod_controller/hexapod_controller.egg-info to /home/ros/hexapod_controller/install/hexapod_controller/lib/python3.10/site-packages/hexapod_controller-0.0.0-py3.10.egg-info
running install_scripts
Installing body_IK_node script to /home/ros/hexapod_controller/install/hexapod_controller/lib/hexapod_controller
Installing servo_10_node script to /home/ros/hexapod_controller/install/hexapod_controller/lib/hexapod_controller
Installing servo_11_node script to /home/ros/hexapod_controller/install/hexapod_controller/lib/hexapod_controller
Installing servo_12_node script to /home/ros/hexapod_controller/install/hexapod_controller/lib/hexapod_controller
Installing servo_13_node script to /home/ros/hexapod_controller/install/hexapod_controller/lib/hexapod_controller
Installing servo_14_node script to /home/ros/hexapod_controller/install/hexapod_controller/lib/hexapod_controller
Installing servo_15_node script to /home/ros/hexapod_controller/install/hexapod_controller/lib/hexapod_controller
Installing servo_16_node script to /home/ros/hexapod_controller/install/hexapod_controller/lib/hexapod_controller
Installing servo_17_node script to /home/ros/hexapod_controller/install/hexapod_controller/lib/hexapod_controller
Installing servo_18_node script to /home/ros/hexapod_controller/install/hexapod_controller/lib/hexapod_controller
Installing servo_1_node script to /home/ros/hexapod_controller/install/hexapod_controller/lib/hexapod_controller
Installing servo_2_node script to /home/ros/hexapod_controller/install/hexapod_controller/lib/hexapod_controller
Installing servo_3_node script to /home/ros/hexapod_controller/install/hexapod_controller/lib/hexapod_controller
Installing servo_4_node script to /home/ros/hexapod_controller/install/hexapod_controller/lib/hexapod_controller
Installing servo_5_node script to /home/ros/hexapod_controller/install/hexapod_controller/lib/hexapod_controller
Installing servo_6_node script to /home/ros/hexapod_controller/install/hexapod_controller/lib/hexapod_controller
Installing servo_7_node script to /home/ros/hexapod_controller/install/hexapod_controller/lib/hexapod_controller
Installing servo_8_node script to /home/ros/hexapod_controller/install/hexapod_controller/lib/hexapod_controller
Installing servo_9_node script to /home/ros/hexapod_controller/install/hexapod_controller/lib/hexapod_controller
writing list of installed files to '/home/ros/hexapod_controller/build/hexapod_controller/install.log'
