[2.398s] Invoking command in '/home/ros/hexapod_controller/build/hexapod_controller': PYTHONPATH=/home/ros/hexapod_controller/build/hexapod_controller/prefix_override:/home/ros/hexapod_controller/install/hexapod_controller/lib/python3.10/site-packages:${PYTHONPATH} /usr/bin/python3 setup.py develop --editable --build-directory /home/ros/hexapod_controller/build/hexapod_controller/build --no-deps install_data
[3.384s] running develop
[3.841s] running egg_info
[3.841s] writing hexapod_controller.egg-info/PKG-INFO
[3.843s] writing dependency_links to hexapod_controller.egg-info/dependency_links.txt
[3.843s] writing entry points to hexapod_controller.egg-info/entry_points.txt
[3.844s] writing requirements to hexapod_controller.egg-info/requires.txt
[3.845s] writing top-level names to hexapod_controller.egg-info/top_level.txt
[3.852s] reading manifest file 'hexapod_controller.egg-info/SOURCES.txt'
[3.857s] writing manifest file 'hexapod_controller.egg-info/SOURCES.txt'
[3.863s] running build_ext
[3.864s] Creating /home/ros/hexapod_controller/install/hexapod_controller/lib/python3.10/site-packages/hexapod-controller.egg-link (link to .)
[3.868s] Installing body_IK_node script to /home/ros/hexapod_controller/install/hexapod_controller/lib/hexapod_controller
[3.870s] Installing leg_1_node script to /home/ros/hexapod_controller/install/hexapod_controller/lib/hexapod_controller
[3.870s] Installing leg_2_node script to /home/ros/hexapod_controller/install/hexapod_controller/lib/hexapod_controller
[3.871s] Installing leg_3_node script to /home/ros/hexapod_controller/install/hexapod_controller/lib/hexapod_controller
[3.872s] Installing leg_4_node script to /home/ros/hexapod_controller/install/hexapod_controller/lib/hexapod_controller
[3.873s] Installing leg_5_node script to /home/ros/hexapod_controller/install/hexapod_controller/lib/hexapod_controller
[3.874s] Installing leg_6_node script to /home/ros/hexapod_controller/install/hexapod_controller/lib/hexapod_controller
[3.875s] 
[3.876s] Installed /home/ros/hexapod_controller/build/hexapod_controller
[3.876s] running install_data
[4.014s] Invoked command in '/home/ros/hexapod_controller/build/hexapod_controller' returned '0': PYTHONPATH=/home/ros/hexapod_controller/build/hexapod_controller/prefix_override:/home/ros/hexapod_controller/install/hexapod_controller/lib/python3.10/site-packages:${PYTHONPATH} /usr/bin/python3 setup.py develop --editable --build-directory /home/ros/hexapod_controller/build/hexapod_controller/build --no-deps install_data
