[1.260s] DEBUG:colcon:Command line arguments: ['/usr/bin/colcon', 'build', '--packages-select', 'hexapod_controller', '--symlink-install']
[1.261s] DEBUG:colcon:Parsed command line arguments: Namespace(log_base=None, log_level=None, verb_name='build', build_base='build', install_base='install', merge_install=False, symlink_install=True, test_result_base=None, continue_on_error=False, executor='parallel', parallel_workers=4, event_handlers=None, ignore_user_meta=False, metas=['./colcon.meta'], base_paths=['.'], packages_ignore=None, packages_ignore_regex=None, paths=None, packages_up_to=None, packages_up_to_regex=None, packages_above=None, packages_above_and_dependencies=None, packages_above_depth=None, packages_select_by_dep=None, packages_skip_by_dep=None, packages_skip_up_to=None, packages_select_build_failed=False, packages_skip_build_finished=False, packages_select_test_failures=False, packages_skip_test_passed=False, packages_select=['hexapod_controller'], packages_skip=None, packages_select_regex=None, packages_skip_regex=None, packages_start=None, packages_end=None, cmake_args=None, cmake_target=None, cmake_target_skip_unavailable=False, cmake_clean_cache=False, cmake_clean_first=False, cmake_force_configure=False, ament_cmake_args=None, catkin_cmake_args=None, catkin_skip_building_tests=False, mixin_files=None, mixin=None, verb_parser=<colcon_mixin.mixin.mixin_argument.MixinArgumentDecorator object at 0xffff9624ba00>, verb_extension=<colcon_core.verb.build.BuildVerb object at 0xffff9624b370>, main=<bound method BuildVerb.main of <colcon_core.verb.build.BuildVerb object at 0xffff9624b370>>, mixin_verb=('build',))
[1.394s] Level 1:colcon.colcon_core.package_discovery:discover_packages(colcon_meta) check parameters
[1.397s] INFO:colcon.colcon_metadata.package_discovery.colcon_meta:Using configuration from '/root/.colcon/metadata/default/Gazebo.meta'
[1.399s] INFO:colcon.colcon_metadata.package_discovery.colcon_meta:Using configuration from '/root/.colcon/metadata/default/fastrtps.meta'
[1.399s] Level 1:colcon.colcon_core.package_discovery:discover_packages(recursive) check parameters
[1.399s] Level 1:colcon.colcon_core.package_discovery:discover_packages(ignore) check parameters
[1.399s] Level 1:colcon.colcon_core.package_discovery:discover_packages(path) check parameters
[1.400s] Level 1:colcon.colcon_core.package_discovery:discover_packages(colcon_meta) discover
[1.400s] Level 1:colcon.colcon_core.package_discovery:discover_packages(recursive) discover
[1.400s] INFO:colcon.colcon_core.package_discovery:Crawling recursively for packages in '/home/ros/hexapod_controller'
[1.400s] Level 1:colcon.colcon_core.package_identification:_identify(.) by extensions ['ignore', 'ignore_ament_install']
[1.401s] Level 1:colcon.colcon_core.package_identification:_identify(.) by extension 'ignore'
[1.401s] Level 1:colcon.colcon_core.package_identification:_identify(.) by extension 'ignore_ament_install'
[1.402s] Level 1:colcon.colcon_core.package_identification:_identify(.) by extensions ['colcon_pkg']
[1.402s] Level 1:colcon.colcon_core.package_identification:_identify(.) by extension 'colcon_pkg'
[1.402s] Level 1:colcon.colcon_core.package_identification:_identify(.) by extensions ['colcon_meta']
[1.402s] Level 1:colcon.colcon_core.package_identification:_identify(.) by extension 'colcon_meta'
[1.402s] Level 1:colcon.colcon_core.package_identification:_identify(.) by extensions ['ros']
[1.402s] Level 1:colcon.colcon_core.package_identification:_identify(.) by extension 'ros'
[1.451s] Level 1:colcon.colcon_core.package_identification:_identify(.) by extensions ['cmake', 'python']
[1.451s] Level 1:colcon.colcon_core.package_identification:_identify(.) by extension 'cmake'
[1.452s] Level 1:colcon.colcon_core.package_identification:_identify(.) by extension 'python'
[1.452s] Level 1:colcon.colcon_core.package_identification:_identify(.) by extensions ['python_setup_py']
[1.452s] Level 1:colcon.colcon_core.package_identification:_identify(.) by extension 'python_setup_py'
[1.453s] Level 1:colcon.colcon_core.package_identification:_identify(build) by extensions ['ignore', 'ignore_ament_install']
[1.453s] Level 1:colcon.colcon_core.package_identification:_identify(build) by extension 'ignore'
[1.454s] Level 1:colcon.colcon_core.package_identification:_identify(build) ignored
[1.454s] Level 1:colcon.colcon_core.package_identification:_identify(install) by extensions ['ignore', 'ignore_ament_install']
[1.455s] Level 1:colcon.colcon_core.package_identification:_identify(install) by extension 'ignore'
[1.455s] Level 1:colcon.colcon_core.package_identification:_identify(install) ignored
[1.456s] Level 1:colcon.colcon_core.package_identification:_identify(log) by extensions ['ignore', 'ignore_ament_install']
[1.457s] Level 1:colcon.colcon_core.package_identification:_identify(log) by extension 'ignore'
[1.457s] Level 1:colcon.colcon_core.package_identification:_identify(log) ignored
[1.457s] Level 1:colcon.colcon_core.package_identification:_identify(src) by extensions ['ignore', 'ignore_ament_install']
[1.458s] Level 1:colcon.colcon_core.package_identification:_identify(src) by extension 'ignore'
[1.458s] Level 1:colcon.colcon_core.package_identification:_identify(src) by extension 'ignore_ament_install'
[1.458s] Level 1:colcon.colcon_core.package_identification:_identify(src) by extensions ['colcon_pkg']
[1.458s] Level 1:colcon.colcon_core.package_identification:_identify(src) by extension 'colcon_pkg'
[1.459s] Level 1:colcon.colcon_core.package_identification:_identify(src) by extensions ['colcon_meta']
[1.459s] Level 1:colcon.colcon_core.package_identification:_identify(src) by extension 'colcon_meta'
[1.459s] Level 1:colcon.colcon_core.package_identification:_identify(src) by extensions ['ros']
[1.459s] Level 1:colcon.colcon_core.package_identification:_identify(src) by extension 'ros'
[1.460s] Level 1:colcon.colcon_core.package_identification:_identify(src) by extensions ['cmake', 'python']
[1.460s] Level 1:colcon.colcon_core.package_identification:_identify(src) by extension 'cmake'
[1.460s] Level 1:colcon.colcon_core.package_identification:_identify(src) by extension 'python'
[1.460s] Level 1:colcon.colcon_core.package_identification:_identify(src) by extensions ['python_setup_py']
[1.460s] Level 1:colcon.colcon_core.package_identification:_identify(src) by extension 'python_setup_py'
[1.461s] Level 1:colcon.colcon_core.package_identification:_identify(src/hexapod_controller) by extensions ['ignore', 'ignore_ament_install']
[1.461s] Level 1:colcon.colcon_core.package_identification:_identify(src/hexapod_controller) by extension 'ignore'
[1.462s] Level 1:colcon.colcon_core.package_identification:_identify(src/hexapod_controller) by extension 'ignore_ament_install'
[1.462s] Level 1:colcon.colcon_core.package_identification:_identify(src/hexapod_controller) by extensions ['colcon_pkg']
[1.462s] Level 1:colcon.colcon_core.package_identification:_identify(src/hexapod_controller) by extension 'colcon_pkg'
[1.462s] Level 1:colcon.colcon_core.package_identification:_identify(src/hexapod_controller) by extensions ['colcon_meta']
[1.462s] Level 1:colcon.colcon_core.package_identification:_identify(src/hexapod_controller) by extension 'colcon_meta'
[1.463s] Level 1:colcon.colcon_core.package_identification:_identify(src/hexapod_controller) by extensions ['ros']
[1.463s] Level 1:colcon.colcon_core.package_identification:_identify(src/hexapod_controller) by extension 'ros'
[1.473s] DEBUG:colcon.colcon_core.package_identification:Package 'src/hexapod_controller' with type 'ros.ament_python' and name 'hexapod_controller'
[1.474s] Level 1:colcon.colcon_core.package_identification:_identify(src/hexapod_controller_interfaces) by extensions ['ignore', 'ignore_ament_install']
[1.474s] Level 1:colcon.colcon_core.package_identification:_identify(src/hexapod_controller_interfaces) by extension 'ignore'
[1.475s] Level 1:colcon.colcon_core.package_identification:_identify(src/hexapod_controller_interfaces) by extension 'ignore_ament_install'
[1.475s] Level 1:colcon.colcon_core.package_identification:_identify(src/hexapod_controller_interfaces) by extensions ['colcon_pkg']
[1.475s] Level 1:colcon.colcon_core.package_identification:_identify(src/hexapod_controller_interfaces) by extension 'colcon_pkg'
[1.475s] Level 1:colcon.colcon_core.package_identification:_identify(src/hexapod_controller_interfaces) by extensions ['colcon_meta']
[1.476s] Level 1:colcon.colcon_core.package_identification:_identify(src/hexapod_controller_interfaces) by extension 'colcon_meta'
[1.476s] Level 1:colcon.colcon_core.package_identification:_identify(src/hexapod_controller_interfaces) by extensions ['ros']
[1.476s] Level 1:colcon.colcon_core.package_identification:_identify(src/hexapod_controller_interfaces) by extension 'ros'
[1.478s] DEBUG:colcon.colcon_core.package_identification:Package 'src/hexapod_controller_interfaces' with type 'ros.ament_cmake' and name 'hexapod_controller_interfaces'
[1.478s] Level 1:colcon.colcon_core.package_discovery:discover_packages(recursive) using defaults
[1.479s] Level 1:colcon.colcon_core.package_discovery:discover_packages(ignore) discover
[1.479s] Level 1:colcon.colcon_core.package_discovery:discover_packages(ignore) using defaults
[1.479s] Level 1:colcon.colcon_core.package_discovery:discover_packages(path) discover
[1.479s] Level 1:colcon.colcon_core.package_discovery:discover_packages(path) using defaults
[1.569s] INFO:colcon.colcon_core.package_selection:Skipping not selected package 'hexapod_controller_interfaces' in 'src/hexapod_controller_interfaces'
[1.573s] Level 5:colcon.colcon_core.verb:set package 'hexapod_controller' build argument 'cmake_args' from command line to 'None'
[1.573s] Level 5:colcon.colcon_core.verb:set package 'hexapod_controller' build argument 'cmake_target' from command line to 'None'
[1.573s] Level 5:colcon.colcon_core.verb:set package 'hexapod_controller' build argument 'cmake_target_skip_unavailable' from command line to 'False'
[1.574s] Level 5:colcon.colcon_core.verb:set package 'hexapod_controller' build argument 'cmake_clean_cache' from command line to 'False'
[1.574s] Level 5:colcon.colcon_core.verb:set package 'hexapod_controller' build argument 'cmake_clean_first' from command line to 'False'
[1.574s] Level 5:colcon.colcon_core.verb:set package 'hexapod_controller' build argument 'cmake_force_configure' from command line to 'False'
[1.574s] Level 5:colcon.colcon_core.verb:set package 'hexapod_controller' build argument 'ament_cmake_args' from command line to 'None'
[1.574s] Level 5:colcon.colcon_core.verb:set package 'hexapod_controller' build argument 'catkin_cmake_args' from command line to 'None'
[1.574s] Level 5:colcon.colcon_core.verb:set package 'hexapod_controller' build argument 'catkin_skip_building_tests' from command line to 'False'
[1.574s] DEBUG:colcon.colcon_core.verb:Building package 'hexapod_controller' with the following arguments: {'ament_cmake_args': None, 'build_base': '/home/ros/hexapod_controller/build/hexapod_controller', 'catkin_cmake_args': None, 'catkin_skip_building_tests': False, 'cmake_args': None, 'cmake_clean_cache': False, 'cmake_clean_first': False, 'cmake_force_configure': False, 'cmake_target': None, 'cmake_target_skip_unavailable': False, 'install_base': '/home/ros/hexapod_controller/install/hexapod_controller', 'merge_install': False, 'path': '/home/ros/hexapod_controller/src/hexapod_controller', 'symlink_install': True, 'test_result_base': None}
[1.577s] INFO:colcon.colcon_core.executor:Executing jobs using 'parallel' executor
[1.588s] DEBUG:colcon.colcon_parallel_executor.executor.parallel:run_until_complete
[1.590s] INFO:colcon.colcon_ros.task.ament_python.build:Building ROS package in '/home/ros/hexapod_controller/src/hexapod_controller' with build type 'ament_python'
[1.592s] Level 1:colcon.colcon_core.shell:create_environment_hook('hexapod_controller', 'ament_prefix_path')
[1.611s] INFO:colcon.colcon_core.plugin_system:Skipping extension 'colcon_core.shell.bat': Not used on non-Windows systems
[1.612s] INFO:colcon.colcon_core.shell:Creating environment hook '/home/ros/hexapod_controller/install/hexapod_controller/share/hexapod_controller/hook/ament_prefix_path.ps1'
[1.615s] INFO:colcon.colcon_core.shell:Creating environment descriptor '/home/ros/hexapod_controller/install/hexapod_controller/share/hexapod_controller/hook/ament_prefix_path.dsv'
[1.617s] INFO:colcon.colcon_core.shell:Creating environment hook '/home/ros/hexapod_controller/install/hexapod_controller/share/hexapod_controller/hook/ament_prefix_path.sh'
[1.624s] INFO:colcon.colcon_core.shell:Skip shell extension 'powershell' for command environment: Not usable outside of PowerShell
[1.625s] DEBUG:colcon.colcon_core.shell:Skip shell extension 'dsv' for command environment
[2.675s] INFO:colcon.colcon_core.task.python.build:Building Python package in '/home/ros/hexapod_controller/src/hexapod_controller'
[2.680s] INFO:colcon.colcon_core.shell:Skip shell extension 'powershell' for command environment: Not usable outside of PowerShell
[2.680s] DEBUG:colcon.colcon_core.shell:Skip shell extension 'dsv' for command environment
[4.042s] DEBUG:colcon.colcon_core.task.python.build:While undoing a previous installation files outside the Python library path are being ignored: /home/ros/hexapod_controller/install/hexapod_controller/share/ament_index/resource_index/packages/hexapod_controller
[4.043s] DEBUG:colcon.colcon_core.task.python.build:While undoing a previous installation files outside the Python library path are being ignored: /home/ros/hexapod_controller/install/hexapod_controller/share/hexapod_controller/package.xml
[4.044s] DEBUG:colcon.colcon_core.task.python.build:While undoing a previous installation files outside the Python library path are being ignored: /home/ros/hexapod_controller/install/hexapod_controller/lib/hexapod_controller/body_IK_node = hexapod_controller.body:mainservo_1_node
[4.052s] DEBUG:colcon.colcon_core.event_handler.log_command:Invoking command in '/home/ros/hexapod_controller/build/hexapod_controller': PYTHONPATH=/home/ros/hexapod_controller/build/hexapod_controller/prefix_override:/home/ros/hexapod_controller/install/hexapod_controller/lib/python3.10/site-packages:${PYTHONPATH} /usr/bin/python3 setup.py develop --editable --build-directory /home/ros/hexapod_controller/build/hexapod_controller/build --no-deps install_data
[5.674s] Level 1:colcon.colcon_core.shell:create_environment_hook('hexapod_controller', 'pythonpath_develop')
[5.675s] DEBUG:colcon.colcon_core.event_handler.log_command:Invoked command in '/home/ros/hexapod_controller/build/hexapod_controller' returned '0': PYTHONPATH=/home/ros/hexapod_controller/build/hexapod_controller/prefix_override:/home/ros/hexapod_controller/install/hexapod_controller/lib/python3.10/site-packages:${PYTHONPATH} /usr/bin/python3 setup.py develop --editable --build-directory /home/ros/hexapod_controller/build/hexapod_controller/build --no-deps install_data
[5.681s] INFO:colcon.colcon_core.shell:Creating environment hook '/home/ros/hexapod_controller/build/hexapod_controller/share/hexapod_controller/hook/pythonpath_develop.ps1'
[5.683s] INFO:colcon.colcon_core.shell:Creating environment descriptor '/home/ros/hexapod_controller/build/hexapod_controller/share/hexapod_controller/hook/pythonpath_develop.dsv'
[5.685s] INFO:colcon.colcon_core.shell:Creating environment hook '/home/ros/hexapod_controller/build/hexapod_controller/share/hexapod_controller/hook/pythonpath_develop.sh'
[5.710s] Level 1:colcon.colcon_core.environment:checking '/home/ros/hexapod_controller/install/hexapod_controller' for CMake module files
[5.712s] Level 1:colcon.colcon_core.environment:checking '/home/ros/hexapod_controller/install/hexapod_controller' for CMake config files
[5.716s] Level 1:colcon.colcon_core.environment:checking '/home/ros/hexapod_controller/install/hexapod_controller/lib'
[5.717s] Level 1:colcon.colcon_core.environment:checking '/home/ros/hexapod_controller/install/hexapod_controller/bin'
[5.717s] Level 1:colcon.colcon_core.environment:checking '/home/ros/hexapod_controller/install/hexapod_controller/lib/pkgconfig/hexapod_controller.pc'
[5.718s] Level 1:colcon.colcon_core.environment:checking '/home/ros/hexapod_controller/install/hexapod_controller/lib/python3.10/site-packages'
[5.718s] Level 1:colcon.colcon_core.shell:create_environment_hook('hexapod_controller', 'pythonpath')
[5.723s] INFO:colcon.colcon_core.shell:Creating environment hook '/home/ros/hexapod_controller/install/hexapod_controller/share/hexapod_controller/hook/pythonpath.ps1'
[5.730s] INFO:colcon.colcon_core.shell:Creating environment descriptor '/home/ros/hexapod_controller/install/hexapod_controller/share/hexapod_controller/hook/pythonpath.dsv'
[5.732s] INFO:colcon.colcon_core.shell:Creating environment hook '/home/ros/hexapod_controller/install/hexapod_controller/share/hexapod_controller/hook/pythonpath.sh'
[5.735s] Level 1:colcon.colcon_core.environment:checking '/home/ros/hexapod_controller/install/hexapod_controller/bin'
[5.736s] Level 1:colcon.colcon_core.environment:create_environment_scripts_only(hexapod_controller)
[5.742s] INFO:colcon.colcon_core.shell:Creating package script '/home/ros/hexapod_controller/install/hexapod_controller/share/hexapod_controller/package.ps1'
[5.747s] INFO:colcon.colcon_core.shell:Creating package descriptor '/home/ros/hexapod_controller/install/hexapod_controller/share/hexapod_controller/package.dsv'
[5.751s] INFO:colcon.colcon_core.shell:Creating package script '/home/ros/hexapod_controller/install/hexapod_controller/share/hexapod_controller/package.sh'
[5.755s] INFO:colcon.colcon_core.shell:Creating package script '/home/ros/hexapod_controller/install/hexapod_controller/share/hexapod_controller/package.bash'
[5.760s] INFO:colcon.colcon_core.shell:Creating package script '/home/ros/hexapod_controller/install/hexapod_controller/share/hexapod_controller/package.zsh'
[5.763s] Level 1:colcon.colcon_core.environment:create_file_with_runtime_dependencies(/home/ros/hexapod_controller/install/hexapod_controller/share/colcon-core/packages/hexapod_controller)
[5.765s] DEBUG:colcon.colcon_parallel_executor.executor.parallel:closing loop
[5.766s] DEBUG:colcon.colcon_parallel_executor.executor.parallel:loop closed
[5.767s] DEBUG:colcon.colcon_parallel_executor.executor.parallel:run_until_complete finished with '0'
[5.767s] DEBUG:colcon.colcon_core.event_reactor:joining thread
[5.791s] INFO:colcon.colcon_core.plugin_system:Skipping extension 'colcon_notification.desktop_notification.notify_send': Could not find 'notify-send'
[5.792s] INFO:colcon.colcon_core.plugin_system:Skipping extension 'colcon_notification.desktop_notification.terminal_notifier': Not used on non-Darwin systems
[5.792s] INFO:colcon.colcon_core.plugin_system:Skipping extension 'colcon_notification.desktop_notification.win32': Not used on non-Windows systems
[5.792s] INFO:colcon.colcon_notification.desktop_notification:Sending desktop notification using 'notify2'
[5.793s] DEBUG:colcon.colcon_notification.desktop_notification.notify2:Failed to initialize notify2: org.freedesktop.DBus.Error.NotSupported: Unable to autolaunch a dbus-daemon without a $DISPLAY for X11
[5.793s] DEBUG:colcon.colcon_core.event_reactor:joined thread
[5.798s] INFO:colcon.colcon_core.shell:Creating prefix script '/home/ros/hexapod_controller/install/local_setup.ps1'
[5.802s] INFO:colcon.colcon_core.shell:Creating prefix util module '/home/ros/hexapod_controller/install/_local_setup_util_ps1.py'
[5.808s] INFO:colcon.colcon_core.shell:Creating prefix chain script '/home/ros/hexapod_controller/install/setup.ps1'
[5.815s] INFO:colcon.colcon_core.shell:Creating prefix script '/home/ros/hexapod_controller/install/local_setup.sh'
[5.818s] INFO:colcon.colcon_core.shell:Creating prefix util module '/home/ros/hexapod_controller/install/_local_setup_util_sh.py'
[5.820s] INFO:colcon.colcon_core.shell:Creating prefix chain script '/home/ros/hexapod_controller/install/setup.sh'
[5.826s] INFO:colcon.colcon_core.shell:Creating prefix script '/home/ros/hexapod_controller/install/local_setup.bash'
[5.829s] INFO:colcon.colcon_core.shell:Creating prefix chain script '/home/ros/hexapod_controller/install/setup.bash'
[5.834s] INFO:colcon.colcon_core.shell:Creating prefix script '/home/ros/hexapod_controller/install/local_setup.zsh'
[5.837s] INFO:colcon.colcon_core.shell:Creating prefix chain script '/home/ros/hexapod_controller/install/setup.zsh'
