[2.417s] Invoking command in '/home/ros/hexapod_controller/build/hexapod_controller': PYTHONPATH=/home/ros/hexapod_controller/build/hexapod_controller/prefix_override:/home/ros/hexapod_controller/install/hexapod_controller/lib/python3.10/site-packages:${PYTHONPATH} /usr/bin/python3 setup.py develop --uninstall --editable --build-directory /home/ros/hexapod_controller/build/hexapod_controller/build
[3.419s] running develop
[3.868s] Removing /home/ros/hexapod_controller/install/hexapod_controller/lib/python3.10/site-packages/hexapod-controller.egg-link (link to .)
[4.005s] Invoked command in '/home/ros/hexapod_controller/build/hexapod_controller' returned '0': PYTHONPATH=/home/ros/hexapod_controller/build/hexapod_controller/prefix_override:/home/ros/hexapod_controller/install/hexapod_controller/lib/python3.10/site-packages:${PYTHONPATH} /usr/bin/python3 setup.py develop --uninstall --editable --build-directory /home/ros/hexapod_controller/build/hexapod_controller/build
[4.014s] Invoking command in '/home/ros/hexapod_controller/src/hexapod_controller': PYTHONPATH=/home/ros/hexapod_controller/build/hexapod_controller/prefix_override:/home/ros/hexapod_controller/install/hexapod_controller/lib/python3.10/site-packages:${PYTHONPATH} /usr/bin/python3 setup.py egg_info --egg-base ../../build/hexapod_controller build --build-base /home/ros/hexapod_controller/build/hexapod_controller/build install --record /home/ros/hexapod_controller/build/hexapod_controller/install.log --single-version-externally-managed
[4.918s] running egg_info
[4.920s] writing ../../build/hexapod_controller/hexapod_controller.egg-info/PKG-INFO
[4.922s] writing dependency_links to ../../build/hexapod_controller/hexapod_controller.egg-info/dependency_links.txt
[4.923s] writing entry points to ../../build/hexapod_controller/hexapod_controller.egg-info/entry_points.txt
[4.924s] writing requirements to ../../build/hexapod_controller/hexapod_controller.egg-info/requires.txt
[4.925s] writing top-level names to ../../build/hexapod_controller/hexapod_controller.egg-info/top_level.txt
[4.932s] reading manifest file '../../build/hexapod_controller/hexapod_controller.egg-info/SOURCES.txt'
[4.937s] writing manifest file '../../build/hexapod_controller/hexapod_controller.egg-info/SOURCES.txt'
[4.939s] running build
[4.940s] running build_py
[4.942s] running install
[4.943s] running install_lib
[4.947s] creating /home/ros/hexapod_controller/install/hexapod_controller/lib/python3.10/site-packages/hexapod_controller
[4.947s] copying /home/ros/hexapod_controller/build/hexapod_controller/build/lib/hexapod_controller/body.py -> /home/ros/hexapod_controller/install/hexapod_controller/lib/python3.10/site-packages/hexapod_controller
[4.951s] copying /home/ros/hexapod_controller/build/hexapod_controller/build/lib/hexapod_controller/inverse_kinematics.py -> /home/ros/hexapod_controller/install/hexapod_controller/lib/python3.10/site-packages/hexapod_controller
[4.952s] copying /home/ros/hexapod_controller/build/hexapod_controller/build/lib/hexapod_controller/body copy.py -> /home/ros/hexapod_controller/install/hexapod_controller/lib/python3.10/site-packages/hexapod_controller
[4.952s] copying /home/ros/hexapod_controller/build/hexapod_controller/build/lib/hexapod_controller/__init__.py -> /home/ros/hexapod_controller/install/hexapod_controller/lib/python3.10/site-packages/hexapod_controller
[4.953s] copying /home/ros/hexapod_controller/build/hexapod_controller/build/lib/hexapod_controller/body copy 2.py -> /home/ros/hexapod_controller/install/hexapod_controller/lib/python3.10/site-packages/hexapod_controller
[4.953s] copying /home/ros/hexapod_controller/build/hexapod_controller/build/lib/hexapod_controller/servo_1.py -> /home/ros/hexapod_controller/install/hexapod_controller/lib/python3.10/site-packages/hexapod_controller
[4.954s] copying /home/ros/hexapod_controller/build/hexapod_controller/build/lib/hexapod_controller/com_settings.py -> /home/ros/hexapod_controller/install/hexapod_controller/lib/python3.10/site-packages/hexapod_controller
[4.956s] byte-compiling /home/ros/hexapod_controller/install/hexapod_controller/lib/python3.10/site-packages/hexapod_controller/body.py to body.cpython-310.pyc
[4.960s] byte-compiling /home/ros/hexapod_controller/install/hexapod_controller/lib/python3.10/site-packages/hexapod_controller/inverse_kinematics.py to inverse_kinematics.cpython-310.pyc
[4.967s] byte-compiling /home/ros/hexapod_controller/install/hexapod_controller/lib/python3.10/site-packages/hexapod_controller/body copy.py to body copy.cpython-310.pyc
[4.971s] byte-compiling /home/ros/hexapod_controller/install/hexapod_controller/lib/python3.10/site-packages/hexapod_controller/__init__.py to __init__.cpython-310.pyc
[4.972s] byte-compiling /home/ros/hexapod_controller/install/hexapod_controller/lib/python3.10/site-packages/hexapod_controller/body copy 2.py to body copy 2.cpython-310.pyc
[4.980s] byte-compiling /home/ros/hexapod_controller/install/hexapod_controller/lib/python3.10/site-packages/hexapod_controller/servo_1.py to servo_1.cpython-310.pyc
[4.982s] byte-compiling /home/ros/hexapod_controller/install/hexapod_controller/lib/python3.10/site-packages/hexapod_controller/com_settings.py to com_settings.cpython-310.pyc
[4.984s] running install_data
[4.987s] running install_egg_info
[4.994s] Copying ../../build/hexapod_controller/hexapod_controller.egg-info to /home/ros/hexapod_controller/install/hexapod_controller/lib/python3.10/site-packages/hexapod_controller-0.0.0-py3.10.egg-info
[5.001s] running install_scripts
[5.078s] Installing body_IK_node script to /home/ros/hexapod_controller/install/hexapod_controller/lib/hexapod_controller
[5.079s] Installing servo_1_node script to /home/ros/hexapod_controller/install/hexapod_controller/lib/hexapod_controller
[5.081s] writing list of installed files to '/home/ros/hexapod_controller/build/hexapod_controller/install.log'
[5.203s] Invoked command in '/home/ros/hexapod_controller/src/hexapod_controller' returned '0': PYTHONPATH=/home/ros/hexapod_controller/build/hexapod_controller/prefix_override:/home/ros/hexapod_controller/install/hexapod_controller/lib/python3.10/site-packages:${PYTHONPATH} /usr/bin/python3 setup.py egg_info --egg-base ../../build/hexapod_controller build --build-base /home/ros/hexapod_controller/build/hexapod_controller/build install --record /home/ros/hexapod_controller/build/hexapod_controller/install.log --single-version-externally-managed
