[2.442s] Invoking command in '/home/ros/hexapod_controller/build/hexapod_controller': PYTHONPATH=/home/ros/hexapod_controller/build/hexapod_controller/prefix_override:/home/ros/hexapod_controller/install/hexapod_controller/lib/python3.10/site-packages:${PYTHONPATH} /usr/bin/python3 setup.py develop --uninstall --editable --build-directory /home/ros/hexapod_controller/build/hexapod_controller/build
[3.429s] running develop
[3.877s] Removing /home/ros/hexapod_controller/install/hexapod_controller/lib/python3.10/site-packages/hexapod-controller.egg-link (link to .)
[4.008s] Invoked command in '/home/ros/hexapod_controller/build/hexapod_controller' returned '0': PYTHONPATH=/home/ros/hexapod_controller/build/hexapod_controller/prefix_override:/home/ros/hexapod_controller/install/hexapod_controller/lib/python3.10/site-packages:${PYTHONPATH} /usr/bin/python3 setup.py develop --uninstall --editable --build-directory /home/ros/hexapod_controller/build/hexapod_controller/build
[4.017s] Invoking command in '/home/ros/hexapod_controller/src/hexapod_controller': PYTHONPATH=/home/ros/hexapod_controller/build/hexapod_controller/prefix_override:/home/ros/hexapod_controller/install/hexapod_controller/lib/python3.10/site-packages:${PYTHONPATH} /usr/bin/python3 setup.py egg_info --egg-base ../../build/hexapod_controller build --build-base /home/ros/hexapod_controller/build/hexapod_controller/build install --record /home/ros/hexapod_controller/build/hexapod_controller/install.log --single-version-externally-managed
[4.915s] running egg_info
[4.917s] writing ../../build/hexapod_controller/hexapod_controller.egg-info/PKG-INFO
[4.919s] writing dependency_links to ../../build/hexapod_controller/hexapod_controller.egg-info/dependency_links.txt
[4.920s] writing entry points to ../../build/hexapod_controller/hexapod_controller.egg-info/entry_points.txt
[4.921s] writing requirements to ../../build/hexapod_controller/hexapod_controller.egg-info/requires.txt
[4.922s] writing top-level names to ../../build/hexapod_controller/hexapod_controller.egg-info/top_level.txt
[4.930s] reading manifest file '../../build/hexapod_controller/hexapod_controller.egg-info/SOURCES.txt'
[4.936s] writing manifest file '../../build/hexapod_controller/hexapod_controller.egg-info/SOURCES.txt'
[4.937s] running build
[4.938s] running build_py
[4.939s] copying hexapod_controller/servo_12.py -> /home/ros/hexapod_controller/build/hexapod_controller/build/lib/hexapod_controller
[4.940s] copying hexapod_controller/body.py -> /home/ros/hexapod_controller/build/hexapod_controller/build/lib/hexapod_controller
[4.946s] copying hexapod_controller/servo_10.py -> /home/ros/hexapod_controller/build/hexapod_controller/build/lib/hexapod_controller
[4.948s] copying hexapod_controller/servo_15.py -> /home/ros/hexapod_controller/build/hexapod_controller/build/lib/hexapod_controller
[4.949s] copying hexapod_controller/servo_16.py -> /home/ros/hexapod_controller/build/hexapod_controller/build/lib/hexapod_controller
[4.949s] copying hexapod_controller/servo_17.py -> /home/ros/hexapod_controller/build/hexapod_controller/build/lib/hexapod_controller
[4.950s] copying hexapod_controller/servo_11.py -> /home/ros/hexapod_controller/build/hexapod_controller/build/lib/hexapod_controller
[4.952s] copying hexapod_controller/com_settings.py -> /home/ros/hexapod_controller/build/hexapod_controller/build/lib/hexapod_controller
[4.954s] running install
[4.955s] running install_lib
[4.959s] creating /home/ros/hexapod_controller/install/hexapod_controller/lib/python3.10/site-packages/hexapod_controller
[4.959s] copying /home/ros/hexapod_controller/build/hexapod_controller/build/lib/hexapod_controller/servo_12.py -> /home/ros/hexapod_controller/install/hexapod_controller/lib/python3.10/site-packages/hexapod_controller
[4.960s] copying /home/ros/hexapod_controller/build/hexapod_controller/build/lib/hexapod_controller/body.py -> /home/ros/hexapod_controller/install/hexapod_controller/lib/python3.10/site-packages/hexapod_controller
[4.961s] copying /home/ros/hexapod_controller/build/hexapod_controller/build/lib/hexapod_controller/servo_6.py -> /home/ros/hexapod_controller/install/hexapod_controller/lib/python3.10/site-packages/hexapod_controller
[4.962s] copying /home/ros/hexapod_controller/build/hexapod_controller/build/lib/hexapod_controller/servo_10.py -> /home/ros/hexapod_controller/install/hexapod_controller/lib/python3.10/site-packages/hexapod_controller
[4.963s] copying /home/ros/hexapod_controller/build/hexapod_controller/build/lib/hexapod_controller/inverse_kinematics.py -> /home/ros/hexapod_controller/install/hexapod_controller/lib/python3.10/site-packages/hexapod_controller
[4.964s] copying /home/ros/hexapod_controller/build/hexapod_controller/build/lib/hexapod_controller/servo_15.py -> /home/ros/hexapod_controller/install/hexapod_controller/lib/python3.10/site-packages/hexapod_controller
[4.967s] copying /home/ros/hexapod_controller/build/hexapod_controller/build/lib/hexapod_controller/servo_8.py -> /home/ros/hexapod_controller/install/hexapod_controller/lib/python3.10/site-packages/hexapod_controller
[4.969s] copying /home/ros/hexapod_controller/build/hexapod_controller/build/lib/hexapod_controller/servo_18.py -> /home/ros/hexapod_controller/install/hexapod_controller/lib/python3.10/site-packages/hexapod_controller
[4.970s] copying /home/ros/hexapod_controller/build/hexapod_controller/build/lib/hexapod_controller/servo_14.py -> /home/ros/hexapod_controller/install/hexapod_controller/lib/python3.10/site-packages/hexapod_controller
[4.971s] copying /home/ros/hexapod_controller/build/hexapod_controller/build/lib/hexapod_controller/body copy.py -> /home/ros/hexapod_controller/install/hexapod_controller/lib/python3.10/site-packages/hexapod_controller
[4.971s] copying /home/ros/hexapod_controller/build/hexapod_controller/build/lib/hexapod_controller/servo_4.py -> /home/ros/hexapod_controller/install/hexapod_controller/lib/python3.10/site-packages/hexapod_controller
[4.972s] copying /home/ros/hexapod_controller/build/hexapod_controller/build/lib/hexapod_controller/servo_9.py -> /home/ros/hexapod_controller/install/hexapod_controller/lib/python3.10/site-packages/hexapod_controller
[4.973s] copying /home/ros/hexapod_controller/build/hexapod_controller/build/lib/hexapod_controller/__init__.py -> /home/ros/hexapod_controller/install/hexapod_controller/lib/python3.10/site-packages/hexapod_controller
[4.973s] copying /home/ros/hexapod_controller/build/hexapod_controller/build/lib/hexapod_controller/body copy 2.py -> /home/ros/hexapod_controller/install/hexapod_controller/lib/python3.10/site-packages/hexapod_controller
[4.974s] copying /home/ros/hexapod_controller/build/hexapod_controller/build/lib/hexapod_controller/servo_16.py -> /home/ros/hexapod_controller/install/hexapod_controller/lib/python3.10/site-packages/hexapod_controller
[4.975s] copying /home/ros/hexapod_controller/build/hexapod_controller/build/lib/hexapod_controller/servo_17.py -> /home/ros/hexapod_controller/install/hexapod_controller/lib/python3.10/site-packages/hexapod_controller
[4.976s] copying /home/ros/hexapod_controller/build/hexapod_controller/build/lib/hexapod_controller/servo_3.py -> /home/ros/hexapod_controller/install/hexapod_controller/lib/python3.10/site-packages/hexapod_controller
[4.977s] copying /home/ros/hexapod_controller/build/hexapod_controller/build/lib/hexapod_controller/servo_11.py -> /home/ros/hexapod_controller/install/hexapod_controller/lib/python3.10/site-packages/hexapod_controller
[4.980s] copying /home/ros/hexapod_controller/build/hexapod_controller/build/lib/hexapod_controller/servo_5.py -> /home/ros/hexapod_controller/install/hexapod_controller/lib/python3.10/site-packages/hexapod_controller
[4.982s] copying /home/ros/hexapod_controller/build/hexapod_controller/build/lib/hexapod_controller/servo_13.py -> /home/ros/hexapod_controller/install/hexapod_controller/lib/python3.10/site-packages/hexapod_controller
[4.983s] copying /home/ros/hexapod_controller/build/hexapod_controller/build/lib/hexapod_controller/servo_7.py -> /home/ros/hexapod_controller/install/hexapod_controller/lib/python3.10/site-packages/hexapod_controller
[4.983s] copying /home/ros/hexapod_controller/build/hexapod_controller/build/lib/hexapod_controller/servo_1.py -> /home/ros/hexapod_controller/install/hexapod_controller/lib/python3.10/site-packages/hexapod_controller
[4.984s] copying /home/ros/hexapod_controller/build/hexapod_controller/build/lib/hexapod_controller/servo_2.py -> /home/ros/hexapod_controller/install/hexapod_controller/lib/python3.10/site-packages/hexapod_controller
[4.984s] copying /home/ros/hexapod_controller/build/hexapod_controller/build/lib/hexapod_controller/com_settings.py -> /home/ros/hexapod_controller/install/hexapod_controller/lib/python3.10/site-packages/hexapod_controller
[4.986s] byte-compiling /home/ros/hexapod_controller/install/hexapod_controller/lib/python3.10/site-packages/hexapod_controller/servo_12.py to servo_12.cpython-310.pyc
[4.988s] byte-compiling /home/ros/hexapod_controller/install/hexapod_controller/lib/python3.10/site-packages/hexapod_controller/body.py to body.cpython-310.pyc
[4.993s] byte-compiling /home/ros/hexapod_controller/install/hexapod_controller/lib/python3.10/site-packages/hexapod_controller/servo_6.py to servo_6.cpython-310.pyc
[4.995s] byte-compiling /home/ros/hexapod_controller/install/hexapod_controller/lib/python3.10/site-packages/hexapod_controller/servo_10.py to servo_10.cpython-310.pyc
[4.997s] byte-compiling /home/ros/hexapod_controller/install/hexapod_controller/lib/python3.10/site-packages/hexapod_controller/inverse_kinematics.py to inverse_kinematics.cpython-310.pyc
[5.002s] byte-compiling /home/ros/hexapod_controller/install/hexapod_controller/lib/python3.10/site-packages/hexapod_controller/servo_15.py to servo_15.cpython-310.pyc
[5.005s] byte-compiling /home/ros/hexapod_controller/install/hexapod_controller/lib/python3.10/site-packages/hexapod_controller/servo_8.py to servo_8.cpython-310.pyc
[5.007s] byte-compiling /home/ros/hexapod_controller/install/hexapod_controller/lib/python3.10/site-packages/hexapod_controller/servo_18.py to servo_18.cpython-310.pyc
[5.010s] byte-compiling /home/ros/hexapod_controller/install/hexapod_controller/lib/python3.10/site-packages/hexapod_controller/servo_14.py to servo_14.cpython-310.pyc
[5.011s] byte-compiling /home/ros/hexapod_controller/install/hexapod_controller/lib/python3.10/site-packages/hexapod_controller/body copy.py to body copy.cpython-310.pyc
[5.015s] byte-compiling /home/ros/hexapod_controller/install/hexapod_controller/lib/python3.10/site-packages/hexapod_controller/servo_4.py to servo_4.cpython-310.pyc
[5.017s] byte-compiling /home/ros/hexapod_controller/install/hexapod_controller/lib/python3.10/site-packages/hexapod_controller/servo_9.py to servo_9.cpython-310.pyc
[5.019s] byte-compiling /home/ros/hexapod_controller/install/hexapod_controller/lib/python3.10/site-packages/hexapod_controller/__init__.py to __init__.cpython-310.pyc
[5.021s] byte-compiling /home/ros/hexapod_controller/install/hexapod_controller/lib/python3.10/site-packages/hexapod_controller/body copy 2.py to body copy 2.cpython-310.pyc
[5.028s] byte-compiling /home/ros/hexapod_controller/install/hexapod_controller/lib/python3.10/site-packages/hexapod_controller/servo_16.py to servo_16.cpython-310.pyc
[5.030s] byte-compiling /home/ros/hexapod_controller/install/hexapod_controller/lib/python3.10/site-packages/hexapod_controller/servo_17.py to servo_17.cpython-310.pyc
[5.033s] byte-compiling /home/ros/hexapod_controller/install/hexapod_controller/lib/python3.10/site-packages/hexapod_controller/servo_3.py to servo_3.cpython-310.pyc
[5.035s] byte-compiling /home/ros/hexapod_controller/install/hexapod_controller/lib/python3.10/site-packages/hexapod_controller/servo_11.py to servo_11.cpython-310.pyc
[5.037s] byte-compiling /home/ros/hexapod_controller/install/hexapod_controller/lib/python3.10/site-packages/hexapod_controller/servo_5.py to servo_5.cpython-310.pyc
[5.039s] byte-compiling /home/ros/hexapod_controller/install/hexapod_controller/lib/python3.10/site-packages/hexapod_controller/servo_13.py to servo_13.cpython-310.pyc
[5.046s] byte-compiling /home/ros/hexapod_controller/install/hexapod_controller/lib/python3.10/site-packages/hexapod_controller/servo_7.py to servo_7.cpython-310.pyc
[5.047s] byte-compiling /home/ros/hexapod_controller/install/hexapod_controller/lib/python3.10/site-packages/hexapod_controller/servo_1.py to servo_1.cpython-310.pyc
[5.048s] byte-compiling /home/ros/hexapod_controller/install/hexapod_controller/lib/python3.10/site-packages/hexapod_controller/servo_2.py to servo_2.cpython-310.pyc
[5.050s] byte-compiling /home/ros/hexapod_controller/install/hexapod_controller/lib/python3.10/site-packages/hexapod_controller/com_settings.py to com_settings.cpython-310.pyc
[5.051s] running install_data
[5.053s] running install_egg_info
[5.060s] Copying ../../build/hexapod_controller/hexapod_controller.egg-info to /home/ros/hexapod_controller/install/hexapod_controller/lib/python3.10/site-packages/hexapod_controller-0.0.0-py3.10.egg-info
[5.067s] running install_scripts
[5.155s] Installing body_IK_node script to /home/ros/hexapod_controller/install/hexapod_controller/lib/hexapod_controller
[5.161s] Installing servo_10_node script to /home/ros/hexapod_controller/install/hexapod_controller/lib/hexapod_controller
[5.161s] Installing servo_11_node script to /home/ros/hexapod_controller/install/hexapod_controller/lib/hexapod_controller
[5.162s] Installing servo_12_node script to /home/ros/hexapod_controller/install/hexapod_controller/lib/hexapod_controller
[5.163s] Installing servo_13_node script to /home/ros/hexapod_controller/install/hexapod_controller/lib/hexapod_controller
[5.163s] Installing servo_14_node script to /home/ros/hexapod_controller/install/hexapod_controller/lib/hexapod_controller
[5.167s] Installing servo_15_node script to /home/ros/hexapod_controller/install/hexapod_controller/lib/hexapod_controller
[5.168s] Installing servo_16_node script to /home/ros/hexapod_controller/install/hexapod_controller/lib/hexapod_controller
[5.169s] Installing servo_17_node script to /home/ros/hexapod_controller/install/hexapod_controller/lib/hexapod_controller
[5.170s] Installing servo_18_node script to /home/ros/hexapod_controller/install/hexapod_controller/lib/hexapod_controller
[5.171s] Installing servo_1_node script to /home/ros/hexapod_controller/install/hexapod_controller/lib/hexapod_controller
[5.172s] Installing servo_2_node script to /home/ros/hexapod_controller/install/hexapod_controller/lib/hexapod_controller
[5.173s] Installing servo_3_node script to /home/ros/hexapod_controller/install/hexapod_controller/lib/hexapod_controller
[5.174s] Installing servo_4_node script to /home/ros/hexapod_controller/install/hexapod_controller/lib/hexapod_controller
[5.175s] Installing servo_5_node script to /home/ros/hexapod_controller/install/hexapod_controller/lib/hexapod_controller
[5.175s] Installing servo_6_node script to /home/ros/hexapod_controller/install/hexapod_controller/lib/hexapod_controller
[5.176s] Installing servo_7_node script to /home/ros/hexapod_controller/install/hexapod_controller/lib/hexapod_controller
[5.177s] Installing servo_8_node script to /home/ros/hexapod_controller/install/hexapod_controller/lib/hexapod_controller
[5.178s] Installing servo_9_node script to /home/ros/hexapod_controller/install/hexapod_controller/lib/hexapod_controller
[5.189s] writing list of installed files to '/home/ros/hexapod_controller/build/hexapod_controller/install.log'
[5.330s] Invoked command in '/home/ros/hexapod_controller/src/hexapod_controller' returned '0': PYTHONPATH=/home/ros/hexapod_controller/build/hexapod_controller/prefix_override:/home/ros/hexapod_controller/install/hexapod_controller/lib/python3.10/site-packages:${PYTHONPATH} /usr/bin/python3 setup.py egg_info --egg-base ../../build/hexapod_controller build --build-base /home/ros/hexapod_controller/build/hexapod_controller/build install --record /home/ros/hexapod_controller/build/hexapod_controller/install.log --single-version-externally-managed
