running develop
running egg_info
writing ../../build/hexapod_controller/hexapod_controller.egg-info/PKG-INFO
writing dependency_links to ../../build/hexapod_controller/hexapod_controller.egg-info/dependency_links.txt
writing entry points to ../../build/hexapod_controller/hexapod_controller.egg-info/entry_points.txt
writing requirements to ../../build/hexapod_controller/hexapod_controller.egg-info/requires.txt
writing top-level names to ../../build/hexapod_controller/hexapod_controller.egg-info/top_level.txt
reading manifest file '../../build/hexapod_controller/hexapod_controller.egg-info/SOURCES.txt'
writing manifest file '../../build/hexapod_controller/hexapod_controller.egg-info/SOURCES.txt'
running build
running build_py
running install
running install_lib
running install_data
running install_egg_info
removing '/home/ros/hexapod_controller/install/hexapod_controller/lib/python3.10/site-packages/hexapod_controller-0.0.0-py3.10.egg-info' (and everything under it)
Copying ../../build/hexapod_controller/hexapod_controller.egg-info to /home/ros/hexapod_controller/install/hexapod_controller/lib/python3.10/site-packages/hexapod_controller-0.0.0-py3.10.egg-info
running install_scripts
Installing body_IK_node script to /home/ros/hexapod_controller/install/hexapod_controller/lib/hexapod_controller
writing list of installed files to '/home/ros/hexapod_controller/build/hexapod_controller/install.log'
