running develop
running egg_info
writing hexapod_controller.egg-info/PKG-INFO
writing dependency_links to hexapod_controller.egg-info/dependency_links.txt
writing entry points to hexapod_controller.egg-info/entry_points.txt
writing requirements to hexapod_controller.egg-info/requires.txt
writing top-level names to hexapod_controller.egg-info/top_level.txt
reading manifest file 'hexapod_controller.egg-info/SOURCES.txt'
writing manifest file 'hexapod_controller.egg-info/SOURCES.txt'
running build_ext
Creating /home/ros/hexapod_controller/install/hexapod_controller/lib/python3.10/site-packages/hexapod-controller.egg-link (link to .)
Installing body_IK_node script to /home/ros/hexapod_controller/install/hexapod_controller/lib/hexapod_controller
Installing leg_1_node script to /home/ros/hexapod_controller/install/hexapod_controller/lib/hexapod_controller
Installing leg_2_node script to /home/ros/hexapod_controller/install/hexapod_controller/lib/hexapod_controller
Installing leg_3_node script to /home/ros/hexapod_controller/install/hexapod_controller/lib/hexapod_controller
Installing leg_4_node script to /home/ros/hexapod_controller/install/hexapod_controller/lib/hexapod_controller
Installing leg_5_node script to /home/ros/hexapod_controller/install/hexapod_controller/lib/hexapod_controller
Installing leg_6_node script to /home/ros/hexapod_controller/install/hexapod_controller/lib/hexapod_controller

Installed /home/ros/hexapod_controller/build/hexapod_controller
running install_data
