[2.739s] Invoking command in '/home/ros/hexapod_controller/build/hexapod_controller': PYTHONPATH=/home/ros/hexapod_controller/build/hexapod_controller/prefix_override:/home/ros/hexapod_controller/install/hexapod_controller/lib/python3.10/site-packages:${PYTHONPATH} /usr/bin/python3 setup.py develop --editable --build-directory /home/ros/hexapod_controller/build/hexapod_controller/build --no-deps install_data
[3.862s] running develop
[4.363s] running egg_info
[4.363s] writing hexapod_controller.egg-info/PKG-INFO
[4.365s] writing dependency_links to hexapod_controller.egg-info/dependency_links.txt
[4.366s] writing entry points to hexapod_controller.egg-info/entry_points.txt
[4.367s] writing requirements to hexapod_controller.egg-info/requires.txt
[4.367s] writing top-level names to hexapod_controller.egg-info/top_level.txt
[4.376s] reading manifest file 'hexapod_controller.egg-info/SOURCES.txt'
[4.382s] writing manifest file 'hexapod_controller.egg-info/SOURCES.txt'
[4.388s] running build_ext
[4.389s] Creating /home/ros/hexapod_controller/install/hexapod_controller/lib/python3.10/site-packages/hexapod-controller.egg-link (link to .)
[4.393s] Installing body_IK_node script to /home/ros/hexapod_controller/install/hexapod_controller/lib/hexapod_controller
[4.394s] Installing leg_1_node script to /home/ros/hexapod_controller/install/hexapod_controller/lib/hexapod_controller
[4.395s] Installing leg_2_node script to /home/ros/hexapod_controller/install/hexapod_controller/lib/hexapod_controller
[4.396s] Installing leg_3_node script to /home/ros/hexapod_controller/install/hexapod_controller/lib/hexapod_controller
[4.397s] Installing leg_4_node script to /home/ros/hexapod_controller/install/hexapod_controller/lib/hexapod_controller
[4.398s] Installing leg_5_node script to /home/ros/hexapod_controller/install/hexapod_controller/lib/hexapod_controller
[4.398s] Installing leg_6_node script to /home/ros/hexapod_controller/install/hexapod_controller/lib/hexapod_controller
[4.400s] 
[4.401s] Installed /home/ros/hexapod_controller/build/hexapod_controller
[4.401s] running install_data
[4.542s] Invoked command in '/home/ros/hexapod_controller/build/hexapod_controller' returned '0': PYTHONPATH=/home/ros/hexapod_controller/build/hexapod_controller/prefix_override:/home/ros/hexapod_controller/install/hexapod_controller/lib/python3.10/site-packages:${PYTHONPATH} /usr/bin/python3 setup.py develop --editable --build-directory /home/ros/hexapod_controller/build/hexapod_controller/build --no-deps install_data
