[33mCMake Warning (dev) at CMakeLists.txt:13:
  Syntax Warning in cmake code at column 32

  Argument not separated from preceding token by whitespace.
This warning is for project developers.  Use -Wno-dev to suppress it.
[0m
-- Found ament_cmake: 1.3.4 (/opt/ros/humble/share/ament_cmake/cmake)
-- Override CMake install command with custom implementation using symlinks instead of copying resources
-- Found rosidl_default_generators: 1.2.0 (/opt/ros/humble/share/rosidl_default_generators/cmake)
-- Using all available rosidl_typesupport_c: rosidl_typesupport_fastrtps_c;rosidl_typesupport_introspection_c
-- Found rosidl_adapter: 3.1.4 (/opt/ros/humble/share/rosidl_adapter/cmake)
-- Using all available rosidl_typesupport_cpp: rosidl_typesupport_fastrtps_cpp;rosidl_typesupport_introspection_cpp
[31mCMake Error at /opt/ros/humble/share/rosidl_cmake/cmake/rosidl_generate_interfaces.cmake:93 (message):
  rosidl_generate_interfaces() the passed file ',' doesn't exist relative to
  the CMAKE_CURRENT_SOURCE_DIR
  '/home/ros/hexapod_controller/src/hexapod_controller_interfaces'
Call Stack (most recent call first):
  CMakeLists.txt:12 (rosidl_generate_interfaces)

[0m
-- Configuring incomplete, errors occurred!
See also "/home/ros/hexapod_controller/build/hexapod_controller_interfaces/CMakeFiles/CMakeOutput.log".
gmake: *** [Makefile:963: cmake_check_build_system] Error 1
