[0.097s] Invoking command in '/home/ros/hexapod_controller/build/hexapod_controller_interfaces': CMAKE_PREFIX_PATH=/opt/ros/humble /usr/bin/cmake --build /home/ros/hexapod_controller/build/hexapod_controller_interfaces -- -j4 -l4
[0.656s] -- Found ament_cmake: 1.3.4 (/opt/ros/humble/share/ament_cmake/cmake)
[1.383s] -- Found rosidl_default_generators: 1.2.0 (/opt/ros/humble/share/rosidl_default_generators/cmake)
[1.398s] -- Using all available rosidl_typesupport_c: rosidl_typesupport_fastrtps_c;rosidl_typesupport_introspection_c
[1.419s] -- Found rosidl_adapter: 3.1.4 (/opt/ros/humble/share/rosidl_adapter/cmake)
[1.628s] -- Using all available rosidl_typesupport_cpp: rosidl_typesupport_fastrtps_cpp;rosidl_typesupport_introspection_cpp
[2.915s] -- Found ament_cmake_ros: 0.10.0 (/opt/ros/humble/share/ament_cmake_ros/cmake)
[3.692s] -- Using all available rosidl_typesupport_c: rosidl_typesupport_fastrtps_c;rosidl_typesupport_introspection_c
[4.696s] -- Using all available rosidl_typesupport_cpp: rosidl_typesupport_fastrtps_cpp;rosidl_typesupport_introspection_cpp
[4.784s] -- Found python_cmake_module: 0.10.0 (/opt/ros/humble/share/python_cmake_module/cmake)
[4.877s] -- Using PYTHON_EXECUTABLE: /usr/bin/python3
[4.878s] -- Using PYTHON_INCLUDE_DIRS: /usr/include/python3.10
[4.878s] -- Using PYTHON_LIBRARIES: /usr/lib/aarch64-linux-gnu/libpython3.10.so
[4.990s] -- Configuring done
[5.223s] -- Generating done
[5.248s] -- Build files have been written to: /home/ros/hexapod_controller/build/hexapod_controller_interfaces
[5.425s] [  3%] Built target hexapod_controller_interfaces__cpp
[5.449s] [35m[1mConsolidate compiler generated dependencies of target hexapod_controller_interfaces__rosidl_generator_c[0m
[5.497s] [  3%] Built target ament_cmake_python_copy_hexapod_controller_interfaces
[5.511s] [35m[1mConsolidate compiler generated dependencies of target hexapod_controller_interfaces__rosidl_typesupport_cpp[0m
[5.512s] [35m[1mConsolidate compiler generated dependencies of target hexapod_controller_interfaces__rosidl_typesupport_fastrtps_cpp[0m
[5.538s] [  6%] [32mBuilding C object CMakeFiles/hexapod_controller_interfaces__rosidl_generator_c.dir/rosidl_generator_c/hexapod_controller_interfaces/msg/detail/servo_position_values__functions.c.o[0m
[5.549s] [35m[1mConsolidate compiler generated dependencies of target hexapod_controller_interfaces__rosidl_typesupport_introspection_cpp[0m
[5.634s] [  9%] [32mBuilding CXX object CMakeFiles/hexapod_controller_interfaces__rosidl_typesupport_fastrtps_cpp.dir/rosidl_typesupport_fastrtps_cpp/hexapod_controller_interfaces/msg/detail/dds_fastrtps/servo_position_values__type_support.cpp.o[0m
[5.639s] [ 12%] [32mBuilding CXX object CMakeFiles/hexapod_controller_interfaces__rosidl_typesupport_cpp.dir/rosidl_typesupport_cpp/hexapod_controller_interfaces/msg/servo_position_values__type_support.cpp.o[0m
[5.657s] [ 16%] [32mBuilding CXX object CMakeFiles/hexapod_controller_interfaces__rosidl_typesupport_introspection_cpp.dir/rosidl_typesupport_introspection_cpp/hexapod_controller_interfaces/msg/detail/servo_position_values__type_support.cpp.o[0m
[6.637s] [ 19%] [32m[1mLinking C shared library libhexapod_controller_interfaces__rosidl_generator_c.so[0m
[6.963s] [ 22%] Built target hexapod_controller_interfaces__rosidl_generator_c
[8.342s] [ 25%] [32m[1mLinking CXX shared library libhexapod_controller_interfaces__rosidl_typesupport_cpp.so[0m
[8.669s] [ 29%] Built target hexapod_controller_interfaces__rosidl_typesupport_cpp
[8.739s] [35m[1mConsolidate compiler generated dependencies of target hexapod_controller_interfaces__rosidl_typesupport_fastrtps_c[0m
[8.881s] running egg_info
[8.887s] writing hexapod_controller_interfaces.egg-info/PKG-INFO
[8.890s] writing dependency_links to hexapod_controller_interfaces.egg-info/dependency_links.txt
[8.894s] writing top-level names to hexapod_controller_interfaces.egg-info/top_level.txt
[8.897s] [ 32%] [32mBuilding CXX object CMakeFiles/hexapod_controller_interfaces__rosidl_typesupport_fastrtps_c.dir/rosidl_typesupport_fastrtps_c/hexapod_controller_interfaces/msg/detail/servo_position_values__type_support_c.cpp.o[0m
[8.915s] reading manifest file 'hexapod_controller_interfaces.egg-info/SOURCES.txt'
[8.921s] writing manifest file 'hexapod_controller_interfaces.egg-info/SOURCES.txt'
[9.148s] [ 32%] Built target ament_cmake_python_build_hexapod_controller_interfaces_egg
[9.233s] [35m[1mConsolidate compiler generated dependencies of target hexapod_controller_interfaces__rosidl_typesupport_introspection_c[0m
[9.273s] [ 35%] [32m[1mLinking CXX shared library libhexapod_controller_interfaces__rosidl_typesupport_fastrtps_cpp.so[0m
[9.354s] [ 38%] [32mBuilding C object CMakeFiles/hexapod_controller_interfaces__rosidl_typesupport_introspection_c.dir/rosidl_typesupport_introspection_c/hexapod_controller_interfaces/msg/detail/servo_position_values__type_support.c.o[0m
[9.362s] [ 41%] [32m[1mLinking CXX shared library libhexapod_controller_interfaces__rosidl_typesupport_introspection_cpp.so[0m
[9.708s] [ 45%] [32m[1mLinking C shared library libhexapod_controller_interfaces__rosidl_typesupport_introspection_c.so[0m
[9.782s] [ 48%] Built target hexapod_controller_interfaces__rosidl_typesupport_fastrtps_cpp
[9.786s] [ 51%] Built target hexapod_controller_interfaces__rosidl_typesupport_introspection_cpp
[9.830s] [35m[1mConsolidate compiler generated dependencies of target hexapod_controller_interfaces__rosidl_typesupport_c[0m
[9.871s] [ 54%] Built target hexapod_controller_interfaces__rosidl_typesupport_introspection_c
[9.895s] [ 58%] [32mBuilding CXX object CMakeFiles/hexapod_controller_interfaces__rosidl_typesupport_c.dir/rosidl_typesupport_c/hexapod_controller_interfaces/msg/servo_position_values__type_support.cpp.o[0m
[10.067s] [ 61%] [32m[1mLinking CXX shared library libhexapod_controller_interfaces__rosidl_typesupport_c.so[0m
[10.253s] [ 64%] Built target hexapod_controller_interfaces__rosidl_typesupport_c
[10.976s] [ 67%] [32m[1mLinking CXX shared library libhexapod_controller_interfaces__rosidl_typesupport_fastrtps_c.so[0m
[11.330s] [ 70%] Built target hexapod_controller_interfaces__rosidl_typesupport_fastrtps_c
[11.420s] [ 70%] Built target hexapod_controller_interfaces
[11.544s] [ 74%] Built target hexapod_controller_interfaces__py
[11.591s] [35m[1mConsolidate compiler generated dependencies of target hexapod_controller_interfaces__rosidl_generator_py[0m
[11.672s] [ 77%] [32mBuilding C object CMakeFiles/hexapod_controller_interfaces__rosidl_generator_py.dir/rosidl_generator_py/hexapod_controller_interfaces/msg/_servo_position_values_s.c.o[0m
[12.404s] [ 80%] [32m[1mLinking C shared library rosidl_generator_py/hexapod_controller_interfaces/libhexapod_controller_interfaces__rosidl_generator_py.so[0m
[12.605s] [ 80%] Built target hexapod_controller_interfaces__rosidl_generator_py
[12.657s] [35m[1mConsolidate compiler generated dependencies of target hexapod_controller_interfaces__rosidl_typesupport_introspection_c__pyext[0m
[12.657s] [35m[1mConsolidate compiler generated dependencies of target hexapod_controller_interfaces__rosidl_typesupport_c__pyext[0m
[12.658s] [35m[1mConsolidate compiler generated dependencies of target hexapod_controller_interfaces__rosidl_typesupport_fastrtps_c__pyext[0m
[12.729s] [ 83%] [32mBuilding C object CMakeFiles/hexapod_controller_interfaces__rosidl_typesupport_fastrtps_c__pyext.dir/rosidl_generator_py/hexapod_controller_interfaces/_hexapod_controller_interfaces_s.ep.rosidl_typesupport_fastrtps_c.c.o[0m
[12.730s] [ 87%] [32mBuilding C object CMakeFiles/hexapod_controller_interfaces__rosidl_typesupport_c__pyext.dir/rosidl_generator_py/hexapod_controller_interfaces/_hexapod_controller_interfaces_s.ep.rosidl_typesupport_c.c.o[0m
[12.743s] [ 90%] [32mBuilding C object CMakeFiles/hexapod_controller_interfaces__rosidl_typesupport_introspection_c__pyext.dir/rosidl_generator_py/hexapod_controller_interfaces/_hexapod_controller_interfaces_s.ep.rosidl_typesupport_introspection_c.c.o[0m
[13.300s] [ 93%] [32m[1mLinking C shared library rosidl_generator_py/hexapod_controller_interfaces/hexapod_controller_interfaces_s__rosidl_typesupport_c.cpython-310-aarch64-linux-gnu.so[0m
[13.349s] [ 96%] [32m[1mLinking C shared library rosidl_generator_py/hexapod_controller_interfaces/hexapod_controller_interfaces_s__rosidl_typesupport_introspection_c.cpython-310-aarch64-linux-gnu.so[0m
[13.371s] [100%] [32m[1mLinking C shared library rosidl_generator_py/hexapod_controller_interfaces/hexapod_controller_interfaces_s__rosidl_typesupport_fastrtps_c.cpython-310-aarch64-linux-gnu.so[0m
[13.497s] [100%] Built target hexapod_controller_interfaces__rosidl_typesupport_c__pyext
[13.562s] [100%] Built target hexapod_controller_interfaces__rosidl_typesupport_introspection_c__pyext
[13.585s] [100%] Built target hexapod_controller_interfaces__rosidl_typesupport_fastrtps_c__pyext
[13.632s] Invoked command in '/home/ros/hexapod_controller/build/hexapod_controller_interfaces' returned '0': CMAKE_PREFIX_PATH=/opt/ros/humble /usr/bin/cmake --build /home/ros/hexapod_controller/build/hexapod_controller_interfaces -- -j4 -l4
[14.012s] Invoking command in '/home/ros/hexapod_controller/build/hexapod_controller_interfaces': CMAKE_PREFIX_PATH=/opt/ros/humble /usr/bin/cmake --install /home/ros/hexapod_controller/build/hexapod_controller_interfaces
[14.054s] -- Install configuration: ""
[14.060s] -- Up-to-date: /home/ros/hexapod_controller/install/hexapod_controller_interfaces/share/ament_index/resource_index/rosidl_interfaces/hexapod_controller_interfaces
[14.061s] -- Up-to-date: /home/ros/hexapod_controller/install/hexapod_controller_interfaces/include/hexapod_controller_interfaces/hexapod_controller_interfaces
[14.061s] -- Up-to-date: /home/ros/hexapod_controller/install/hexapod_controller_interfaces/include/hexapod_controller_interfaces/hexapod_controller_interfaces/msg
[14.062s] -- Up-to-date: /home/ros/hexapod_controller/install/hexapod_controller_interfaces/include/hexapod_controller_interfaces/hexapod_controller_interfaces/msg/detail
[14.062s] -- Installing: /home/ros/hexapod_controller/install/hexapod_controller_interfaces/include/hexapod_controller_interfaces/hexapod_controller_interfaces/msg/detail/servo_position_values__functions.h
[14.063s] -- Installing: /home/ros/hexapod_controller/install/hexapod_controller_interfaces/include/hexapod_controller_interfaces/hexapod_controller_interfaces/msg/detail/servo_position_values__struct.h
[14.063s] -- Installing: /home/ros/hexapod_controller/install/hexapod_controller_interfaces/include/hexapod_controller_interfaces/hexapod_controller_interfaces/msg/detail/servo_position_values__functions.c
[14.064s] -- Up-to-date: /home/ros/hexapod_controller/install/hexapod_controller_interfaces/include/hexapod_controller_interfaces/hexapod_controller_interfaces/msg/detail/servo_position_values__type_support.h
[14.064s] -- Up-to-date: /home/ros/hexapod_controller/install/hexapod_controller_interfaces/include/hexapod_controller_interfaces/hexapod_controller_interfaces/msg/rosidl_generator_c__visibility_control.h
[14.065s] -- Up-to-date: /home/ros/hexapod_controller/install/hexapod_controller_interfaces/include/hexapod_controller_interfaces/hexapod_controller_interfaces/msg/servo_position_values.h
[14.065s] -- Installing: /home/ros/hexapod_controller/install/hexapod_controller_interfaces/share/hexapod_controller_interfaces/environment/library_path.sh
[14.067s] -- Installing: /home/ros/hexapod_controller/install/hexapod_controller_interfaces/share/hexapod_controller_interfaces/environment/library_path.dsv
[14.070s] -- Installing: /home/ros/hexapod_controller/install/hexapod_controller_interfaces/lib/libhexapod_controller_interfaces__rosidl_generator_c.so
[14.080s] -- Set runtime path of "/home/ros/hexapod_controller/install/hexapod_controller_interfaces/lib/libhexapod_controller_interfaces__rosidl_generator_c.so" to ""
[14.080s] -- Up-to-date: /home/ros/hexapod_controller/install/hexapod_controller_interfaces/include/hexapod_controller_interfaces/hexapod_controller_interfaces
[14.081s] -- Up-to-date: /home/ros/hexapod_controller/install/hexapod_controller_interfaces/include/hexapod_controller_interfaces/hexapod_controller_interfaces/msg
[14.082s] -- Up-to-date: /home/ros/hexapod_controller/install/hexapod_controller_interfaces/include/hexapod_controller_interfaces/hexapod_controller_interfaces/msg/detail
[14.083s] -- Up-to-date: /home/ros/hexapod_controller/install/hexapod_controller_interfaces/include/hexapod_controller_interfaces/hexapod_controller_interfaces/msg/detail/servo_position_values__rosidl_typesupport_fastrtps_c.h
[14.084s] -- Up-to-date: /home/ros/hexapod_controller/install/hexapod_controller_interfaces/include/hexapod_controller_interfaces/hexapod_controller_interfaces/msg/rosidl_typesupport_fastrtps_c__visibility_control.h
[14.084s] -- Installing: /home/ros/hexapod_controller/install/hexapod_controller_interfaces/lib/libhexapod_controller_interfaces__rosidl_typesupport_fastrtps_c.so
[14.085s] -- Set runtime path of "/home/ros/hexapod_controller/install/hexapod_controller_interfaces/lib/libhexapod_controller_interfaces__rosidl_typesupport_fastrtps_c.so" to ""
[14.086s] -- Up-to-date: /home/ros/hexapod_controller/install/hexapod_controller_interfaces/include/hexapod_controller_interfaces/hexapod_controller_interfaces
[14.086s] -- Up-to-date: /home/ros/hexapod_controller/install/hexapod_controller_interfaces/include/hexapod_controller_interfaces/hexapod_controller_interfaces/msg
[14.086s] -- Up-to-date: /home/ros/hexapod_controller/install/hexapod_controller_interfaces/include/hexapod_controller_interfaces/hexapod_controller_interfaces/msg/detail
[14.087s] -- Up-to-date: /home/ros/hexapod_controller/install/hexapod_controller_interfaces/include/hexapod_controller_interfaces/hexapod_controller_interfaces/msg/detail/servo_position_values__type_support.c
[14.088s] -- Up-to-date: /home/ros/hexapod_controller/install/hexapod_controller_interfaces/include/hexapod_controller_interfaces/hexapod_controller_interfaces/msg/detail/servo_position_values__rosidl_typesupport_introspection_c.h
[14.088s] -- Up-to-date: /home/ros/hexapod_controller/install/hexapod_controller_interfaces/include/hexapod_controller_interfaces/hexapod_controller_interfaces/msg/rosidl_typesupport_introspection_c__visibility_control.h
[14.088s] -- Installing: /home/ros/hexapod_controller/install/hexapod_controller_interfaces/lib/libhexapod_controller_interfaces__rosidl_typesupport_introspection_c.so
[14.090s] -- Set runtime path of "/home/ros/hexapod_controller/install/hexapod_controller_interfaces/lib/libhexapod_controller_interfaces__rosidl_typesupport_introspection_c.so" to ""
[14.091s] -- Installing: /home/ros/hexapod_controller/install/hexapod_controller_interfaces/lib/libhexapod_controller_interfaces__rosidl_typesupport_c.so
[14.094s] -- Set runtime path of "/home/ros/hexapod_controller/install/hexapod_controller_interfaces/lib/libhexapod_controller_interfaces__rosidl_typesupport_c.so" to ""
[14.095s] -- Up-to-date: /home/ros/hexapod_controller/install/hexapod_controller_interfaces/include/hexapod_controller_interfaces/hexapod_controller_interfaces
[14.095s] -- Up-to-date: /home/ros/hexapod_controller/install/hexapod_controller_interfaces/include/hexapod_controller_interfaces/hexapod_controller_interfaces/msg
[14.096s] -- Up-to-date: /home/ros/hexapod_controller/install/hexapod_controller_interfaces/include/hexapod_controller_interfaces/hexapod_controller_interfaces/msg/detail
[14.096s] -- Up-to-date: /home/ros/hexapod_controller/install/hexapod_controller_interfaces/include/hexapod_controller_interfaces/hexapod_controller_interfaces/msg/detail/servo_position_values__builder.hpp
[14.097s] -- Up-to-date: /home/ros/hexapod_controller/install/hexapod_controller_interfaces/include/hexapod_controller_interfaces/hexapod_controller_interfaces/msg/detail/servo_position_values__struct.hpp
[14.101s] -- Up-to-date: /home/ros/hexapod_controller/install/hexapod_controller_interfaces/include/hexapod_controller_interfaces/hexapod_controller_interfaces/msg/detail/servo_position_values__traits.hpp
[14.102s] -- Up-to-date: /home/ros/hexapod_controller/install/hexapod_controller_interfaces/include/hexapod_controller_interfaces/hexapod_controller_interfaces/msg/servo_position_values.hpp
[14.103s] -- Up-to-date: /home/ros/hexapod_controller/install/hexapod_controller_interfaces/include/hexapod_controller_interfaces/hexapod_controller_interfaces
[14.104s] -- Up-to-date: /home/ros/hexapod_controller/install/hexapod_controller_interfaces/include/hexapod_controller_interfaces/hexapod_controller_interfaces/msg
[14.104s] -- Up-to-date: /home/ros/hexapod_controller/install/hexapod_controller_interfaces/include/hexapod_controller_interfaces/hexapod_controller_interfaces/msg/detail
[14.105s] -- Installing: /home/ros/hexapod_controller/install/hexapod_controller_interfaces/include/hexapod_controller_interfaces/hexapod_controller_interfaces/msg/detail/dds_fastrtps
[14.105s] -- Up-to-date: /home/ros/hexapod_controller/install/hexapod_controller_interfaces/include/hexapod_controller_interfaces/hexapod_controller_interfaces/msg/detail/servo_position_values__rosidl_typesupport_fastrtps_cpp.hpp
[14.106s] -- Up-to-date: /home/ros/hexapod_controller/install/hexapod_controller_interfaces/include/hexapod_controller_interfaces/hexapod_controller_interfaces/msg/rosidl_typesupport_fastrtps_cpp__visibility_control.h
[14.106s] -- Installing: /home/ros/hexapod_controller/install/hexapod_controller_interfaces/lib/libhexapod_controller_interfaces__rosidl_typesupport_fastrtps_cpp.so
[14.107s] -- Set runtime path of "/home/ros/hexapod_controller/install/hexapod_controller_interfaces/lib/libhexapod_controller_interfaces__rosidl_typesupport_fastrtps_cpp.so" to ""
[14.107s] -- Up-to-date: /home/ros/hexapod_controller/install/hexapod_controller_interfaces/include/hexapod_controller_interfaces/hexapod_controller_interfaces
[14.108s] -- Up-to-date: /home/ros/hexapod_controller/install/hexapod_controller_interfaces/include/hexapod_controller_interfaces/hexapod_controller_interfaces/msg
[14.109s] -- Up-to-date: /home/ros/hexapod_controller/install/hexapod_controller_interfaces/include/hexapod_controller_interfaces/hexapod_controller_interfaces/msg/detail
[14.109s] -- Up-to-date: /home/ros/hexapod_controller/install/hexapod_controller_interfaces/include/hexapod_controller_interfaces/hexapod_controller_interfaces/msg/detail/servo_position_values__rosidl_typesupport_introspection_cpp.hpp
[14.110s] -- Up-to-date: /home/ros/hexapod_controller/install/hexapod_controller_interfaces/include/hexapod_controller_interfaces/hexapod_controller_interfaces/msg/detail/servo_position_values__type_support.cpp
[14.111s] -- Installing: /home/ros/hexapod_controller/install/hexapod_controller_interfaces/lib/libhexapod_controller_interfaces__rosidl_typesupport_introspection_cpp.so
[14.118s] -- Set runtime path of "/home/ros/hexapod_controller/install/hexapod_controller_interfaces/lib/libhexapod_controller_interfaces__rosidl_typesupport_introspection_cpp.so" to ""
[14.120s] -- Installing: /home/ros/hexapod_controller/install/hexapod_controller_interfaces/lib/libhexapod_controller_interfaces__rosidl_typesupport_cpp.so
[14.124s] -- Set runtime path of "/home/ros/hexapod_controller/install/hexapod_controller_interfaces/lib/libhexapod_controller_interfaces__rosidl_typesupport_cpp.so" to ""
[14.124s] -- Up-to-date: /home/ros/hexapod_controller/install/hexapod_controller_interfaces/share/hexapod_controller_interfaces/environment/pythonpath.sh
[14.125s] -- Installing: /home/ros/hexapod_controller/install/hexapod_controller_interfaces/share/hexapod_controller_interfaces/environment/pythonpath.dsv
[14.132s] -- Installing: /home/ros/hexapod_controller/install/hexapod_controller_interfaces/local/lib/python3.10/dist-packages/hexapod_controller_interfaces-0.0.0-py3.10.egg-info
[14.132s] -- Installing: /home/ros/hexapod_controller/install/hexapod_controller_interfaces/local/lib/python3.10/dist-packages/hexapod_controller_interfaces-0.0.0-py3.10.egg-info/SOURCES.txt
[14.133s] -- Installing: /home/ros/hexapod_controller/install/hexapod_controller_interfaces/local/lib/python3.10/dist-packages/hexapod_controller_interfaces-0.0.0-py3.10.egg-info/PKG-INFO
[14.134s] -- Installing: /home/ros/hexapod_controller/install/hexapod_controller_interfaces/local/lib/python3.10/dist-packages/hexapod_controller_interfaces-0.0.0-py3.10.egg-info/dependency_links.txt
[14.134s] -- Installing: /home/ros/hexapod_controller/install/hexapod_controller_interfaces/local/lib/python3.10/dist-packages/hexapod_controller_interfaces-0.0.0-py3.10.egg-info/top_level.txt
[14.136s] -- Installing: /home/ros/hexapod_controller/install/hexapod_controller_interfaces/local/lib/python3.10/dist-packages/hexapod_controller_interfaces
[14.136s] -- Installing: /home/ros/hexapod_controller/install/hexapod_controller_interfaces/local/lib/python3.10/dist-packages/hexapod_controller_interfaces/hexapod_controller_interfaces_s__rosidl_typesupport_introspection_c.cpython-310-aarch64-linux-gnu.so
[14.140s] -- Installing: /home/ros/hexapod_controller/install/hexapod_controller_interfaces/local/lib/python3.10/dist-packages/hexapod_controller_interfaces/__init__.py
[14.140s] -- Installing: /home/ros/hexapod_controller/install/hexapod_controller_interfaces/local/lib/python3.10/dist-packages/hexapod_controller_interfaces/hexapod_controller_interfaces_s__rosidl_typesupport_c.cpython-310-aarch64-linux-gnu.so
[14.142s] -- Installing: /home/ros/hexapod_controller/install/hexapod_controller_interfaces/local/lib/python3.10/dist-packages/hexapod_controller_interfaces/_hexapod_controller_interfaces_s.ep.rosidl_typesupport_fastrtps_c.c
[14.144s] -- Installing: /home/ros/hexapod_controller/install/hexapod_controller_interfaces/local/lib/python3.10/dist-packages/hexapod_controller_interfaces/libhexapod_controller_interfaces__rosidl_generator_py.so
[14.145s] -- Installing: /home/ros/hexapod_controller/install/hexapod_controller_interfaces/local/lib/python3.10/dist-packages/hexapod_controller_interfaces/msg
[14.146s] -- Installing: /home/ros/hexapod_controller/install/hexapod_controller_interfaces/local/lib/python3.10/dist-packages/hexapod_controller_interfaces/msg/__init__.py
[14.148s] -- Installing: /home/ros/hexapod_controller/install/hexapod_controller_interfaces/local/lib/python3.10/dist-packages/hexapod_controller_interfaces/msg/_servo_position_values_s.c
[14.150s] -- Installing: /home/ros/hexapod_controller/install/hexapod_controller_interfaces/local/lib/python3.10/dist-packages/hexapod_controller_interfaces/msg/_servo_position_values.py
[14.152s] -- Installing: /home/ros/hexapod_controller/install/hexapod_controller_interfaces/local/lib/python3.10/dist-packages/hexapod_controller_interfaces/hexapod_controller_interfaces_s__rosidl_typesupport_fastrtps_c.cpython-310-aarch64-linux-gnu.so
[14.154s] -- Installing: /home/ros/hexapod_controller/install/hexapod_controller_interfaces/local/lib/python3.10/dist-packages/hexapod_controller_interfaces/_hexapod_controller_interfaces_s.ep.rosidl_typesupport_c.c
[14.156s] -- Installing: /home/ros/hexapod_controller/install/hexapod_controller_interfaces/local/lib/python3.10/dist-packages/hexapod_controller_interfaces/_hexapod_controller_interfaces_s.ep.rosidl_typesupport_introspection_c.c
[14.323s] Listing '/home/ros/hexapod_controller/install/hexapod_controller_interfaces/local/lib/python3.10/dist-packages/hexapod_controller_interfaces'...
[14.324s] Compiling '/home/ros/hexapod_controller/install/hexapod_controller_interfaces/local/lib/python3.10/dist-packages/hexapod_controller_interfaces/__init__.py'...
[14.325s] Listing '/home/ros/hexapod_controller/install/hexapod_controller_interfaces/local/lib/python3.10/dist-packages/hexapod_controller_interfaces/msg'...
[14.327s] Compiling '/home/ros/hexapod_controller/install/hexapod_controller_interfaces/local/lib/python3.10/dist-packages/hexapod_controller_interfaces/msg/__init__.py'...
[14.328s] Compiling '/home/ros/hexapod_controller/install/hexapod_controller_interfaces/local/lib/python3.10/dist-packages/hexapod_controller_interfaces/msg/_servo_position_values.py'...
[14.350s] -- Installing: /home/ros/hexapod_controller/install/hexapod_controller_interfaces/local/lib/python3.10/dist-packages/hexapod_controller_interfaces/hexapod_controller_interfaces_s__rosidl_typesupport_fastrtps_c.cpython-310-aarch64-linux-gnu.so
[14.354s] -- Set runtime path of "/home/ros/hexapod_controller/install/hexapod_controller_interfaces/local/lib/python3.10/dist-packages/hexapod_controller_interfaces/hexapod_controller_interfaces_s__rosidl_typesupport_fastrtps_c.cpython-310-aarch64-linux-gnu.so" to ""
[14.356s] -- Installing: /home/ros/hexapod_controller/install/hexapod_controller_interfaces/local/lib/python3.10/dist-packages/hexapod_controller_interfaces/hexapod_controller_interfaces_s__rosidl_typesupport_introspection_c.cpython-310-aarch64-linux-gnu.so
[14.360s] -- Set runtime path of "/home/ros/hexapod_controller/install/hexapod_controller_interfaces/local/lib/python3.10/dist-packages/hexapod_controller_interfaces/hexapod_controller_interfaces_s__rosidl_typesupport_introspection_c.cpython-310-aarch64-linux-gnu.so" to ""
[14.362s] -- Installing: /home/ros/hexapod_controller/install/hexapod_controller_interfaces/local/lib/python3.10/dist-packages/hexapod_controller_interfaces/hexapod_controller_interfaces_s__rosidl_typesupport_c.cpython-310-aarch64-linux-gnu.so
[14.366s] -- Set runtime path of "/home/ros/hexapod_controller/install/hexapod_controller_interfaces/local/lib/python3.10/dist-packages/hexapod_controller_interfaces/hexapod_controller_interfaces_s__rosidl_typesupport_c.cpython-310-aarch64-linux-gnu.so" to ""
[14.368s] -- Installing: /home/ros/hexapod_controller/install/hexapod_controller_interfaces/lib/libhexapod_controller_interfaces__rosidl_generator_py.so
[14.371s] -- Set runtime path of "/home/ros/hexapod_controller/install/hexapod_controller_interfaces/lib/libhexapod_controller_interfaces__rosidl_generator_py.so" to ""
[14.372s] -- Up-to-date: /home/ros/hexapod_controller/install/hexapod_controller_interfaces/share/hexapod_controller_interfaces/msg/ServoPositionValues.idl
[14.373s] -- Installing: /home/ros/hexapod_controller/install/hexapod_controller_interfaces/share/hexapod_controller_interfaces/msg/ServoPositionValues.msg
[14.374s] -- Up-to-date: /home/ros/hexapod_controller/install/hexapod_controller_interfaces/share/ament_index/resource_index/package_run_dependencies/hexapod_controller_interfaces
[14.375s] -- Installing: /home/ros/hexapod_controller/install/hexapod_controller_interfaces/share/ament_index/resource_index/parent_prefix_path/hexapod_controller_interfaces
[14.378s] -- Installing: /home/ros/hexapod_controller/install/hexapod_controller_interfaces/share/hexapod_controller_interfaces/environment/ament_prefix_path.sh
[14.380s] -- Installing: /home/ros/hexapod_controller/install/hexapod_controller_interfaces/share/hexapod_controller_interfaces/environment/ament_prefix_path.dsv
[14.381s] -- Installing: /home/ros/hexapod_controller/install/hexapod_controller_interfaces/share/hexapod_controller_interfaces/environment/path.sh
[14.383s] -- Installing: /home/ros/hexapod_controller/install/hexapod_controller_interfaces/share/hexapod_controller_interfaces/environment/path.dsv
[14.385s] -- Up-to-date: /home/ros/hexapod_controller/install/hexapod_controller_interfaces/share/hexapod_controller_interfaces/local_setup.bash
[14.386s] -- Up-to-date: /home/ros/hexapod_controller/install/hexapod_controller_interfaces/share/hexapod_controller_interfaces/local_setup.sh
[14.386s] -- Up-to-date: /home/ros/hexapod_controller/install/hexapod_controller_interfaces/share/hexapod_controller_interfaces/local_setup.zsh
[14.387s] -- Installing: /home/ros/hexapod_controller/install/hexapod_controller_interfaces/share/hexapod_controller_interfaces/local_setup.dsv
[14.389s] -- Installing: /home/ros/hexapod_controller/install/hexapod_controller_interfaces/share/hexapod_controller_interfaces/package.dsv
[14.390s] -- Up-to-date: /home/ros/hexapod_controller/install/hexapod_controller_interfaces/share/ament_index/resource_index/packages/hexapod_controller_interfaces
[14.392s] -- Up-to-date: /home/ros/hexapod_controller/install/hexapod_controller_interfaces/share/hexapod_controller_interfaces/cmake/export_hexapod_controller_interfaces__rosidl_generator_cExport.cmake
[14.392s] -- Up-to-date: /home/ros/hexapod_controller/install/hexapod_controller_interfaces/share/hexapod_controller_interfaces/cmake/export_hexapod_controller_interfaces__rosidl_generator_cExport-noconfig.cmake
[14.393s] -- Up-to-date: /home/ros/hexapod_controller/install/hexapod_controller_interfaces/share/hexapod_controller_interfaces/cmake/export_hexapod_controller_interfaces__rosidl_typesupport_fastrtps_cExport.cmake
[14.394s] -- Up-to-date: /home/ros/hexapod_controller/install/hexapod_controller_interfaces/share/hexapod_controller_interfaces/cmake/export_hexapod_controller_interfaces__rosidl_typesupport_fastrtps_cExport-noconfig.cmake
[14.395s] -- Up-to-date: /home/ros/hexapod_controller/install/hexapod_controller_interfaces/share/hexapod_controller_interfaces/cmake/hexapod_controller_interfaces__rosidl_typesupport_introspection_cExport.cmake
[14.396s] -- Up-to-date: /home/ros/hexapod_controller/install/hexapod_controller_interfaces/share/hexapod_controller_interfaces/cmake/hexapod_controller_interfaces__rosidl_typesupport_introspection_cExport-noconfig.cmake
[14.397s] -- Up-to-date: /home/ros/hexapod_controller/install/hexapod_controller_interfaces/share/hexapod_controller_interfaces/cmake/hexapod_controller_interfaces__rosidl_typesupport_cExport.cmake
[14.398s] -- Up-to-date: /home/ros/hexapod_controller/install/hexapod_controller_interfaces/share/hexapod_controller_interfaces/cmake/hexapod_controller_interfaces__rosidl_typesupport_cExport-noconfig.cmake
[14.399s] -- Up-to-date: /home/ros/hexapod_controller/install/hexapod_controller_interfaces/share/hexapod_controller_interfaces/cmake/export_hexapod_controller_interfaces__rosidl_generator_cppExport.cmake
[14.400s] -- Up-to-date: /home/ros/hexapod_controller/install/hexapod_controller_interfaces/share/hexapod_controller_interfaces/cmake/export_hexapod_controller_interfaces__rosidl_typesupport_fastrtps_cppExport.cmake
[14.401s] -- Up-to-date: /home/ros/hexapod_controller/install/hexapod_controller_interfaces/share/hexapod_controller_interfaces/cmake/export_hexapod_controller_interfaces__rosidl_typesupport_fastrtps_cppExport-noconfig.cmake
[14.402s] -- Up-to-date: /home/ros/hexapod_controller/install/hexapod_controller_interfaces/share/hexapod_controller_interfaces/cmake/hexapod_controller_interfaces__rosidl_typesupport_introspection_cppExport.cmake
[14.403s] -- Up-to-date: /home/ros/hexapod_controller/install/hexapod_controller_interfaces/share/hexapod_controller_interfaces/cmake/hexapod_controller_interfaces__rosidl_typesupport_introspection_cppExport-noconfig.cmake
[14.404s] -- Up-to-date: /home/ros/hexapod_controller/install/hexapod_controller_interfaces/share/hexapod_controller_interfaces/cmake/hexapod_controller_interfaces__rosidl_typesupport_cppExport.cmake
[14.405s] -- Up-to-date: /home/ros/hexapod_controller/install/hexapod_controller_interfaces/share/hexapod_controller_interfaces/cmake/hexapod_controller_interfaces__rosidl_typesupport_cppExport-noconfig.cmake
[14.406s] -- Up-to-date: /home/ros/hexapod_controller/install/hexapod_controller_interfaces/share/hexapod_controller_interfaces/cmake/export_hexapod_controller_interfaces__rosidl_generator_pyExport.cmake
[14.407s] -- Up-to-date: /home/ros/hexapod_controller/install/hexapod_controller_interfaces/share/hexapod_controller_interfaces/cmake/export_hexapod_controller_interfaces__rosidl_generator_pyExport-noconfig.cmake
[14.407s] -- Up-to-date: /home/ros/hexapod_controller/install/hexapod_controller_interfaces/share/hexapod_controller_interfaces/cmake/rosidl_cmake-extras.cmake
[14.408s] -- Up-to-date: /home/ros/hexapod_controller/install/hexapod_controller_interfaces/share/hexapod_controller_interfaces/cmake/ament_cmake_export_include_directories-extras.cmake
[14.409s] -- Up-to-date: /home/ros/hexapod_controller/install/hexapod_controller_interfaces/share/hexapod_controller_interfaces/cmake/ament_cmake_export_libraries-extras.cmake
[14.409s] -- Up-to-date: /home/ros/hexapod_controller/install/hexapod_controller_interfaces/share/hexapod_controller_interfaces/cmake/ament_cmake_export_targets-extras.cmake
[14.410s] -- Up-to-date: /home/ros/hexapod_controller/install/hexapod_controller_interfaces/share/hexapod_controller_interfaces/cmake/rosidl_cmake_export_typesupport_targets-extras.cmake
[14.411s] -- Up-to-date: /home/ros/hexapod_controller/install/hexapod_controller_interfaces/share/hexapod_controller_interfaces/cmake/ament_cmake_export_dependencies-extras.cmake
[14.411s] -- Up-to-date: /home/ros/hexapod_controller/install/hexapod_controller_interfaces/share/hexapod_controller_interfaces/cmake/rosidl_cmake_export_typesupport_libraries-extras.cmake
[14.412s] -- Up-to-date: /home/ros/hexapod_controller/install/hexapod_controller_interfaces/share/hexapod_controller_interfaces/cmake/hexapod_controller_interfacesConfig.cmake
[14.412s] -- Up-to-date: /home/ros/hexapod_controller/install/hexapod_controller_interfaces/share/hexapod_controller_interfaces/cmake/hexapod_controller_interfacesConfig-version.cmake
[14.413s] -- Up-to-date: /home/ros/hexapod_controller/install/hexapod_controller_interfaces/share/hexapod_controller_interfaces/package.xml
[14.424s] Invoked command in '/home/ros/hexapod_controller/build/hexapod_controller_interfaces' returned '0': CMAKE_PREFIX_PATH=/opt/ros/humble /usr/bin/cmake --install /home/ros/hexapod_controller/build/hexapod_controller_interfaces
