[0.071s] Invoking command in '/home/ros/hexapod_controller/build/hexapod_controller_interfaces': CMAKE_PREFIX_PATH=${CMAKE_PREFIX_PATH}:/home/ros/hexapod_controller/install/hexapod_controller:/opt/ros/humble /usr/bin/cmake /home/ros/hexapod_controller/src/hexapod_controller_interfaces -DCMAKE_INSTALL_PREFIX=/home/ros/hexapod_controller/install/hexapod_controller_interfaces
[0.364s] -- The C compiler identification is GNU 11.3.0
[0.646s] -- The CXX compiler identification is GNU 11.3.0
[0.680s] -- Detecting C compiler ABI info
[1.022s] -- Detecting C compiler ABI info - done
[1.053s] -- Check for working C compiler: /usr/bin/cc - skipped
[1.054s] -- Detecting C compile features
[1.056s] -- Detecting C compile features - done
[1.071s] -- Detecting CXX compiler ABI info
[1.450s] -- Detecting CXX compiler ABI info - done
[1.482s] -- Check for working CXX compiler: /usr/bin/c++ - skipped
[1.483s] -- Detecting CXX compile features
[1.485s] -- Detecting CXX compile features - done
[1.508s] -- Found ament_cmake: 1.3.4 (/opt/ros/humble/share/ament_cmake/cmake)
[2.246s] -- Found Python3: /usr/bin/python3.10 (found version "3.10.6") found components: Interpreter 
[2.808s] -- Found rosidl_default_generators: 1.2.0 (/opt/ros/humble/share/rosidl_default_generators/cmake)
[2.831s] -- Using all available rosidl_typesupport_c: rosidl_typesupport_fastrtps_c;rosidl_typesupport_introspection_c
[2.886s] -- Found rosidl_adapter: 3.1.4 (/opt/ros/humble/share/rosidl_adapter/cmake)
[3.147s] -- Using all available rosidl_typesupport_cpp: rosidl_typesupport_fastrtps_cpp;rosidl_typesupport_introspection_cpp
[4.450s] -- Found ament_cmake_ros: 0.10.0 (/opt/ros/humble/share/ament_cmake_ros/cmake)
[5.266s] -- Using all available rosidl_typesupport_c: rosidl_typesupport_fastrtps_c;rosidl_typesupport_introspection_c
[6.278s] -- Using all available rosidl_typesupport_cpp: rosidl_typesupport_fastrtps_cpp;rosidl_typesupport_introspection_cpp
[6.362s] -- Found PythonInterp: /usr/bin/python3 (found suitable version "3.10.6", minimum required is "3.6") 
[6.380s] -- Found python_cmake_module: 0.10.0 (/opt/ros/humble/share/python_cmake_module/cmake)
[6.472s] -- Found PythonLibs: /usr/lib/aarch64-linux-gnu/libpython3.10.so (found suitable version "3.10.6", minimum required is "3.5") 
[6.473s] -- Using PYTHON_EXECUTABLE: /usr/bin/python3
[6.473s] -- Using PYTHON_INCLUDE_DIRS: /usr/include/python3.10
[6.474s] -- Using PYTHON_LIBRARIES: /usr/lib/aarch64-linux-gnu/libpython3.10.so
[6.553s] -- Found PythonExtra: .so  
[6.732s] -- Configuring done
[6.935s] -- Generating done
[6.957s] -- Build files have been written to: /home/ros/hexapod_controller/build/hexapod_controller_interfaces
[6.975s] Invoked command in '/home/ros/hexapod_controller/build/hexapod_controller_interfaces' returned '0': CMAKE_PREFIX_PATH=${CMAKE_PREFIX_PATH}:/home/ros/hexapod_controller/install/hexapod_controller:/opt/ros/humble /usr/bin/cmake /home/ros/hexapod_controller/src/hexapod_controller_interfaces -DCMAKE_INSTALL_PREFIX=/home/ros/hexapod_controller/install/hexapod_controller_interfaces
[6.985s] Invoking command in '/home/ros/hexapod_controller/build/hexapod_controller_interfaces': CMAKE_PREFIX_PATH=${CMAKE_PREFIX_PATH}:/home/ros/hexapod_controller/install/hexapod_controller:/opt/ros/humble /usr/bin/cmake --build /home/ros/hexapod_controller/build/hexapod_controller_interfaces -- -j4 -l4
[7.167s] [  3%] [34m[1mGenerating C code for ROS interfaces[0m
[7.215s] [  6%] [34m[1mGenerating C++ code for ROS interfaces[0m
[7.270s] [  6%] Built target ament_cmake_python_copy_hexapod_controller_interfaces
[8.733s] running egg_info
[8.738s] creating hexapod_controller_interfaces.egg-info
[8.739s] writing hexapod_controller_interfaces.egg-info/PKG-INFO
[8.740s] writing dependency_links to hexapod_controller_interfaces.egg-info/dependency_links.txt
[8.741s] writing top-level names to hexapod_controller_interfaces.egg-info/top_level.txt
[8.742s] writing manifest file 'hexapod_controller_interfaces.egg-info/SOURCES.txt'
[8.754s] reading manifest file 'hexapod_controller_interfaces.egg-info/SOURCES.txt'
[8.757s] writing manifest file 'hexapod_controller_interfaces.egg-info/SOURCES.txt'
[8.887s] [  6%] Built target hexapod_controller_interfaces__cpp
[8.928s] [  6%] Built target ament_cmake_python_build_hexapod_controller_interfaces_egg
[8.971s] [  9%] [34m[1mGenerating C++ introspection for ROS interfaces[0m
[8.989s] [ 12%] [34m[1mGenerating C++ type support dispatch for ROS interfaces[0m
[9.003s] [ 16%] [34m[1mGenerating C++ type support for eProsima Fast-RTPS[0m
[9.020s] [ 19%] [32mBuilding C object CMakeFiles/hexapod_controller_interfaces__rosidl_generator_c.dir/rosidl_generator_c/hexapod_controller_interfaces/msg/detail/servo_position_values__functions.c.o[0m
[9.525s] [ 22%] [32m[1mLinking C shared library libhexapod_controller_interfaces__rosidl_generator_c.so[0m
[9.932s] [ 22%] Built target hexapod_controller_interfaces__rosidl_generator_c
[10.021s] [ 25%] [34m[1mGenerating C introspection for ROS interfaces[0m
[10.755s] [ 29%] [32mBuilding CXX object CMakeFiles/hexapod_controller_interfaces__rosidl_typesupport_cpp.dir/rosidl_typesupport_cpp/hexapod_controller_interfaces/msg/servo_position_values__type_support.cpp.o[0m
[10.838s] [ 32%] [32mBuilding CXX object CMakeFiles/hexapod_controller_interfaces__rosidl_typesupport_introspection_cpp.dir/rosidl_typesupport_introspection_cpp/hexapod_controller_interfaces/msg/detail/servo_position_values__type_support.cpp.o[0m
[10.877s] [ 35%] [32mBuilding CXX object CMakeFiles/hexapod_controller_interfaces__rosidl_typesupport_fastrtps_cpp.dir/rosidl_typesupport_fastrtps_cpp/hexapod_controller_interfaces/msg/detail/dds_fastrtps/servo_position_values__type_support.cpp.o[0m
[11.719s] [ 38%] [32mBuilding C object CMakeFiles/hexapod_controller_interfaces__rosidl_typesupport_introspection_c.dir/rosidl_typesupport_introspection_c/hexapod_controller_interfaces/msg/detail/servo_position_values__type_support.c.o[0m
[11.988s] [ 41%] [32m[1mLinking C shared library libhexapod_controller_interfaces__rosidl_typesupport_introspection_c.so[0m
[12.212s] [ 41%] Built target hexapod_controller_interfaces__rosidl_typesupport_introspection_c
[12.290s] [ 45%] [34m[1mGenerating C type support dispatch for ROS interfaces[0m
[12.613s] [ 48%] [32m[1mLinking CXX shared library libhexapod_controller_interfaces__rosidl_typesupport_cpp.so[0m
[12.860s] [ 48%] Built target hexapod_controller_interfaces__rosidl_typesupport_cpp
[12.926s] [ 51%] [34m[1mGenerating C type support for eProsima Fast-RTPS[0m
[13.668s] [ 54%] [32m[1mLinking CXX shared library libhexapod_controller_interfaces__rosidl_typesupport_introspection_cpp.so[0m
[13.873s] [ 58%] [32m[1mLinking CXX shared library libhexapod_controller_interfaces__rosidl_typesupport_fastrtps_cpp.so[0m
[14.106s] [ 61%] [32mBuilding CXX object CMakeFiles/hexapod_controller_interfaces__rosidl_typesupport_c.dir/rosidl_typesupport_c/hexapod_controller_interfaces/msg/servo_position_values__type_support.cpp.o[0m
[14.150s] [ 61%] Built target hexapod_controller_interfaces__rosidl_typesupport_introspection_cpp
[14.300s] [ 64%] [32m[1mLinking CXX shared library libhexapod_controller_interfaces__rosidl_typesupport_c.so[0m
[14.336s] [ 64%] Built target hexapod_controller_interfaces__rosidl_typesupport_fastrtps_cpp
[14.496s] [ 64%] Built target hexapod_controller_interfaces__rosidl_typesupport_c
[14.685s] [ 67%] [32mBuilding CXX object CMakeFiles/hexapod_controller_interfaces__rosidl_typesupport_fastrtps_c.dir/rosidl_typesupport_fastrtps_c/hexapod_controller_interfaces/msg/detail/servo_position_values__type_support_c.cpp.o[0m
[16.303s] [ 70%] [32m[1mLinking CXX shared library libhexapod_controller_interfaces__rosidl_typesupport_fastrtps_c.so[0m
[16.673s] [ 70%] Built target hexapod_controller_interfaces__rosidl_typesupport_fastrtps_c
[16.768s] [ 70%] Built target hexapod_controller_interfaces
[16.910s] [ 74%] [34m[1mGenerating Python code for ROS interfaces[0m
[18.538s] [ 74%] Built target hexapod_controller_interfaces__py
[18.631s] [ 77%] [32mBuilding C object CMakeFiles/hexapod_controller_interfaces__rosidl_generator_py.dir/rosidl_generator_py/hexapod_controller_interfaces/msg/_servo_position_values_s.c.o[0m
[19.152s] [ 80%] [32m[1mLinking C shared library rosidl_generator_py/hexapod_controller_interfaces/libhexapod_controller_interfaces__rosidl_generator_py.so[0m
[19.343s] [ 80%] Built target hexapod_controller_interfaces__rosidl_generator_py
[19.445s] [ 83%] [32mBuilding C object CMakeFiles/hexapod_controller_interfaces__rosidl_typesupport_fastrtps_c__pyext.dir/rosidl_generator_py/hexapod_controller_interfaces/_hexapod_controller_interfaces_s.ep.rosidl_typesupport_fastrtps_c.c.o[0m
[19.446s] [ 90%] [32mBuilding C object CMakeFiles/hexapod_controller_interfaces__rosidl_typesupport_introspection_c__pyext.dir/rosidl_generator_py/hexapod_controller_interfaces/_hexapod_controller_interfaces_s.ep.rosidl_typesupport_introspection_c.c.o[0m
[19.448s] [ 90%] [32mBuilding C object CMakeFiles/hexapod_controller_interfaces__rosidl_typesupport_c__pyext.dir/rosidl_generator_py/hexapod_controller_interfaces/_hexapod_controller_interfaces_s.ep.rosidl_typesupport_c.c.o[0m
[19.981s] [ 93%] [32m[1mLinking C shared library rosidl_generator_py/hexapod_controller_interfaces/hexapod_controller_interfaces_s__rosidl_typesupport_c.cpython-310-aarch64-linux-gnu.so[0m
[19.990s] [ 96%] [32m[1mLinking C shared library rosidl_generator_py/hexapod_controller_interfaces/hexapod_controller_interfaces_s__rosidl_typesupport_introspection_c.cpython-310-aarch64-linux-gnu.so[0m
[20.079s] [100%] [32m[1mLinking C shared library rosidl_generator_py/hexapod_controller_interfaces/hexapod_controller_interfaces_s__rosidl_typesupport_fastrtps_c.cpython-310-aarch64-linux-gnu.so[0m
[20.175s] [100%] Built target hexapod_controller_interfaces__rosidl_typesupport_c__pyext
[20.182s] [100%] Built target hexapod_controller_interfaces__rosidl_typesupport_introspection_c__pyext
[20.276s] [100%] Built target hexapod_controller_interfaces__rosidl_typesupport_fastrtps_c__pyext
[20.324s] Invoked command in '/home/ros/hexapod_controller/build/hexapod_controller_interfaces' returned '0': CMAKE_PREFIX_PATH=${CMAKE_PREFIX_PATH}:/home/ros/hexapod_controller/install/hexapod_controller:/opt/ros/humble /usr/bin/cmake --build /home/ros/hexapod_controller/build/hexapod_controller_interfaces -- -j4 -l4
[20.771s] Invoking command in '/home/ros/hexapod_controller/build/hexapod_controller_interfaces': CMAKE_PREFIX_PATH=${CMAKE_PREFIX_PATH}:/home/ros/hexapod_controller/install/hexapod_controller:/opt/ros/humble /usr/bin/cmake --install /home/ros/hexapod_controller/build/hexapod_controller_interfaces
[20.803s] -- Install configuration: ""
[20.804s] -- Installing: /home/ros/hexapod_controller/install/hexapod_controller_interfaces/share/ament_index/resource_index/rosidl_interfaces/hexapod_controller_interfaces
[20.806s] -- Installing: /home/ros/hexapod_controller/install/hexapod_controller_interfaces/include/hexapod_controller_interfaces/hexapod_controller_interfaces
[20.807s] -- Installing: /home/ros/hexapod_controller/install/hexapod_controller_interfaces/include/hexapod_controller_interfaces/hexapod_controller_interfaces/msg
[20.808s] -- Installing: /home/ros/hexapod_controller/install/hexapod_controller_interfaces/include/hexapod_controller_interfaces/hexapod_controller_interfaces/msg/detail
[20.809s] -- Installing: /home/ros/hexapod_controller/install/hexapod_controller_interfaces/include/hexapod_controller_interfaces/hexapod_controller_interfaces/msg/detail/servo_position_values__functions.h
[20.811s] -- Installing: /home/ros/hexapod_controller/install/hexapod_controller_interfaces/include/hexapod_controller_interfaces/hexapod_controller_interfaces/msg/detail/servo_position_values__struct.h
[20.812s] -- Installing: /home/ros/hexapod_controller/install/hexapod_controller_interfaces/include/hexapod_controller_interfaces/hexapod_controller_interfaces/msg/detail/servo_position_values__functions.c
[20.814s] -- Installing: /home/ros/hexapod_controller/install/hexapod_controller_interfaces/include/hexapod_controller_interfaces/hexapod_controller_interfaces/msg/detail/servo_position_values__type_support.h
[20.816s] -- Installing: /home/ros/hexapod_controller/install/hexapod_controller_interfaces/include/hexapod_controller_interfaces/hexapod_controller_interfaces/msg/rosidl_generator_c__visibility_control.h
[20.817s] -- Installing: /home/ros/hexapod_controller/install/hexapod_controller_interfaces/include/hexapod_controller_interfaces/hexapod_controller_interfaces/msg/servo_position_values.h
[20.819s] -- Installing: /home/ros/hexapod_controller/install/hexapod_controller_interfaces/share/hexapod_controller_interfaces/environment/library_path.sh
[20.821s] -- Installing: /home/ros/hexapod_controller/install/hexapod_controller_interfaces/share/hexapod_controller_interfaces/environment/library_path.dsv
[20.823s] -- Installing: /home/ros/hexapod_controller/install/hexapod_controller_interfaces/lib/libhexapod_controller_interfaces__rosidl_generator_c.so
[20.827s] -- Set runtime path of "/home/ros/hexapod_controller/install/hexapod_controller_interfaces/lib/libhexapod_controller_interfaces__rosidl_generator_c.so" to ""
[20.827s] -- Up-to-date: /home/ros/hexapod_controller/install/hexapod_controller_interfaces/include/hexapod_controller_interfaces/hexapod_controller_interfaces
[20.828s] -- Up-to-date: /home/ros/hexapod_controller/install/hexapod_controller_interfaces/include/hexapod_controller_interfaces/hexapod_controller_interfaces/msg
[20.828s] -- Up-to-date: /home/ros/hexapod_controller/install/hexapod_controller_interfaces/include/hexapod_controller_interfaces/hexapod_controller_interfaces/msg/detail
[20.829s] -- Installing: /home/ros/hexapod_controller/install/hexapod_controller_interfaces/include/hexapod_controller_interfaces/hexapod_controller_interfaces/msg/detail/servo_position_values__rosidl_typesupport_fastrtps_c.h
[20.831s] -- Installing: /home/ros/hexapod_controller/install/hexapod_controller_interfaces/include/hexapod_controller_interfaces/hexapod_controller_interfaces/msg/rosidl_typesupport_fastrtps_c__visibility_control.h
[20.832s] -- Installing: /home/ros/hexapod_controller/install/hexapod_controller_interfaces/lib/libhexapod_controller_interfaces__rosidl_typesupport_fastrtps_c.so
[20.836s] -- Set runtime path of "/home/ros/hexapod_controller/install/hexapod_controller_interfaces/lib/libhexapod_controller_interfaces__rosidl_typesupport_fastrtps_c.so" to ""
[20.837s] -- Up-to-date: /home/ros/hexapod_controller/install/hexapod_controller_interfaces/include/hexapod_controller_interfaces/hexapod_controller_interfaces
[20.837s] -- Up-to-date: /home/ros/hexapod_controller/install/hexapod_controller_interfaces/include/hexapod_controller_interfaces/hexapod_controller_interfaces/msg
[20.838s] -- Up-to-date: /home/ros/hexapod_controller/install/hexapod_controller_interfaces/include/hexapod_controller_interfaces/hexapod_controller_interfaces/msg/detail
[20.838s] -- Installing: /home/ros/hexapod_controller/install/hexapod_controller_interfaces/include/hexapod_controller_interfaces/hexapod_controller_interfaces/msg/detail/servo_position_values__type_support.c
[20.840s] -- Installing: /home/ros/hexapod_controller/install/hexapod_controller_interfaces/include/hexapod_controller_interfaces/hexapod_controller_interfaces/msg/detail/servo_position_values__rosidl_typesupport_introspection_c.h
[20.842s] -- Installing: /home/ros/hexapod_controller/install/hexapod_controller_interfaces/include/hexapod_controller_interfaces/hexapod_controller_interfaces/msg/rosidl_typesupport_introspection_c__visibility_control.h
[20.844s] -- Installing: /home/ros/hexapod_controller/install/hexapod_controller_interfaces/lib/libhexapod_controller_interfaces__rosidl_typesupport_introspection_c.so
[20.847s] -- Set runtime path of "/home/ros/hexapod_controller/install/hexapod_controller_interfaces/lib/libhexapod_controller_interfaces__rosidl_typesupport_introspection_c.so" to ""
[20.848s] -- Installing: /home/ros/hexapod_controller/install/hexapod_controller_interfaces/lib/libhexapod_controller_interfaces__rosidl_typesupport_c.so
[20.851s] -- Set runtime path of "/home/ros/hexapod_controller/install/hexapod_controller_interfaces/lib/libhexapod_controller_interfaces__rosidl_typesupport_c.so" to ""
[20.852s] -- Up-to-date: /home/ros/hexapod_controller/install/hexapod_controller_interfaces/include/hexapod_controller_interfaces/hexapod_controller_interfaces
[20.852s] -- Up-to-date: /home/ros/hexapod_controller/install/hexapod_controller_interfaces/include/hexapod_controller_interfaces/hexapod_controller_interfaces/msg
[20.853s] -- Up-to-date: /home/ros/hexapod_controller/install/hexapod_controller_interfaces/include/hexapod_controller_interfaces/hexapod_controller_interfaces/msg/detail
[20.853s] -- Installing: /home/ros/hexapod_controller/install/hexapod_controller_interfaces/include/hexapod_controller_interfaces/hexapod_controller_interfaces/msg/detail/servo_position_values__builder.hpp
[20.855s] -- Installing: /home/ros/hexapod_controller/install/hexapod_controller_interfaces/include/hexapod_controller_interfaces/hexapod_controller_interfaces/msg/detail/servo_position_values__struct.hpp
[20.857s] -- Installing: /home/ros/hexapod_controller/install/hexapod_controller_interfaces/include/hexapod_controller_interfaces/hexapod_controller_interfaces/msg/detail/servo_position_values__traits.hpp
[20.858s] -- Installing: /home/ros/hexapod_controller/install/hexapod_controller_interfaces/include/hexapod_controller_interfaces/hexapod_controller_interfaces/msg/servo_position_values.hpp
[20.860s] -- Up-to-date: /home/ros/hexapod_controller/install/hexapod_controller_interfaces/include/hexapod_controller_interfaces/hexapod_controller_interfaces
[20.860s] -- Up-to-date: /home/ros/hexapod_controller/install/hexapod_controller_interfaces/include/hexapod_controller_interfaces/hexapod_controller_interfaces/msg
[20.861s] -- Up-to-date: /home/ros/hexapod_controller/install/hexapod_controller_interfaces/include/hexapod_controller_interfaces/hexapod_controller_interfaces/msg/detail
[20.861s] -- Installing: /home/ros/hexapod_controller/install/hexapod_controller_interfaces/include/hexapod_controller_interfaces/hexapod_controller_interfaces/msg/detail/dds_fastrtps
[20.863s] -- Installing: /home/ros/hexapod_controller/install/hexapod_controller_interfaces/include/hexapod_controller_interfaces/hexapod_controller_interfaces/msg/detail/servo_position_values__rosidl_typesupport_fastrtps_cpp.hpp
[20.864s] -- Installing: /home/ros/hexapod_controller/install/hexapod_controller_interfaces/include/hexapod_controller_interfaces/hexapod_controller_interfaces/msg/rosidl_typesupport_fastrtps_cpp__visibility_control.h
[20.867s] -- Installing: /home/ros/hexapod_controller/install/hexapod_controller_interfaces/lib/libhexapod_controller_interfaces__rosidl_typesupport_fastrtps_cpp.so
[20.870s] -- Set runtime path of "/home/ros/hexapod_controller/install/hexapod_controller_interfaces/lib/libhexapod_controller_interfaces__rosidl_typesupport_fastrtps_cpp.so" to ""
[20.871s] -- Up-to-date: /home/ros/hexapod_controller/install/hexapod_controller_interfaces/include/hexapod_controller_interfaces/hexapod_controller_interfaces
[20.871s] -- Up-to-date: /home/ros/hexapod_controller/install/hexapod_controller_interfaces/include/hexapod_controller_interfaces/hexapod_controller_interfaces/msg
[20.872s] -- Up-to-date: /home/ros/hexapod_controller/install/hexapod_controller_interfaces/include/hexapod_controller_interfaces/hexapod_controller_interfaces/msg/detail
[20.872s] -- Installing: /home/ros/hexapod_controller/install/hexapod_controller_interfaces/include/hexapod_controller_interfaces/hexapod_controller_interfaces/msg/detail/servo_position_values__rosidl_typesupport_introspection_cpp.hpp
[20.874s] -- Installing: /home/ros/hexapod_controller/install/hexapod_controller_interfaces/include/hexapod_controller_interfaces/hexapod_controller_interfaces/msg/detail/servo_position_values__type_support.cpp
[20.876s] -- Installing: /home/ros/hexapod_controller/install/hexapod_controller_interfaces/lib/libhexapod_controller_interfaces__rosidl_typesupport_introspection_cpp.so
[20.880s] -- Set runtime path of "/home/ros/hexapod_controller/install/hexapod_controller_interfaces/lib/libhexapod_controller_interfaces__rosidl_typesupport_introspection_cpp.so" to ""
[20.880s] -- Installing: /home/ros/hexapod_controller/install/hexapod_controller_interfaces/lib/libhexapod_controller_interfaces__rosidl_typesupport_cpp.so
[20.884s] -- Set runtime path of "/home/ros/hexapod_controller/install/hexapod_controller_interfaces/lib/libhexapod_controller_interfaces__rosidl_typesupport_cpp.so" to ""
[20.884s] -- Installing: /home/ros/hexapod_controller/install/hexapod_controller_interfaces/share/hexapod_controller_interfaces/environment/pythonpath.sh
[20.886s] -- Installing: /home/ros/hexapod_controller/install/hexapod_controller_interfaces/share/hexapod_controller_interfaces/environment/pythonpath.dsv
[20.889s] -- Installing: /home/ros/hexapod_controller/install/hexapod_controller_interfaces/local/lib/python3.10/dist-packages/hexapod_controller_interfaces-0.0.0-py3.10.egg-info
[20.889s] -- Installing: /home/ros/hexapod_controller/install/hexapod_controller_interfaces/local/lib/python3.10/dist-packages/hexapod_controller_interfaces-0.0.0-py3.10.egg-info/SOURCES.txt
[20.891s] -- Installing: /home/ros/hexapod_controller/install/hexapod_controller_interfaces/local/lib/python3.10/dist-packages/hexapod_controller_interfaces-0.0.0-py3.10.egg-info/PKG-INFO
[20.892s] -- Installing: /home/ros/hexapod_controller/install/hexapod_controller_interfaces/local/lib/python3.10/dist-packages/hexapod_controller_interfaces-0.0.0-py3.10.egg-info/dependency_links.txt
[20.894s] -- Installing: /home/ros/hexapod_controller/install/hexapod_controller_interfaces/local/lib/python3.10/dist-packages/hexapod_controller_interfaces-0.0.0-py3.10.egg-info/top_level.txt
[20.896s] -- Installing: /home/ros/hexapod_controller/install/hexapod_controller_interfaces/local/lib/python3.10/dist-packages/hexapod_controller_interfaces
[20.897s] -- Installing: /home/ros/hexapod_controller/install/hexapod_controller_interfaces/local/lib/python3.10/dist-packages/hexapod_controller_interfaces/hexapod_controller_interfaces_s__rosidl_typesupport_introspection_c.cpython-310-aarch64-linux-gnu.so
[20.899s] -- Installing: /home/ros/hexapod_controller/install/hexapod_controller_interfaces/local/lib/python3.10/dist-packages/hexapod_controller_interfaces/__init__.py
[20.900s] -- Installing: /home/ros/hexapod_controller/install/hexapod_controller_interfaces/local/lib/python3.10/dist-packages/hexapod_controller_interfaces/hexapod_controller_interfaces_s__rosidl_typesupport_c.cpython-310-aarch64-linux-gnu.so
[20.902s] -- Installing: /home/ros/hexapod_controller/install/hexapod_controller_interfaces/local/lib/python3.10/dist-packages/hexapod_controller_interfaces/_hexapod_controller_interfaces_s.ep.rosidl_typesupport_fastrtps_c.c
[20.904s] -- Installing: /home/ros/hexapod_controller/install/hexapod_controller_interfaces/local/lib/python3.10/dist-packages/hexapod_controller_interfaces/libhexapod_controller_interfaces__rosidl_generator_py.so
[20.906s] -- Installing: /home/ros/hexapod_controller/install/hexapod_controller_interfaces/local/lib/python3.10/dist-packages/hexapod_controller_interfaces/msg
[20.907s] -- Installing: /home/ros/hexapod_controller/install/hexapod_controller_interfaces/local/lib/python3.10/dist-packages/hexapod_controller_interfaces/msg/__init__.py
[20.908s] -- Installing: /home/ros/hexapod_controller/install/hexapod_controller_interfaces/local/lib/python3.10/dist-packages/hexapod_controller_interfaces/msg/_servo_position_values_s.c
[20.910s] -- Installing: /home/ros/hexapod_controller/install/hexapod_controller_interfaces/local/lib/python3.10/dist-packages/hexapod_controller_interfaces/msg/_servo_position_values.py
[20.911s] -- Installing: /home/ros/hexapod_controller/install/hexapod_controller_interfaces/local/lib/python3.10/dist-packages/hexapod_controller_interfaces/hexapod_controller_interfaces_s__rosidl_typesupport_fastrtps_c.cpython-310-aarch64-linux-gnu.so
[20.913s] -- Installing: /home/ros/hexapod_controller/install/hexapod_controller_interfaces/local/lib/python3.10/dist-packages/hexapod_controller_interfaces/_hexapod_controller_interfaces_s.ep.rosidl_typesupport_c.c
[20.915s] -- Installing: /home/ros/hexapod_controller/install/hexapod_controller_interfaces/local/lib/python3.10/dist-packages/hexapod_controller_interfaces/_hexapod_controller_interfaces_s.ep.rosidl_typesupport_introspection_c.c
[21.082s] Listing '/home/ros/hexapod_controller/install/hexapod_controller_interfaces/local/lib/python3.10/dist-packages/hexapod_controller_interfaces'...
[21.083s] Compiling '/home/ros/hexapod_controller/install/hexapod_controller_interfaces/local/lib/python3.10/dist-packages/hexapod_controller_interfaces/__init__.py'...
[21.084s] Listing '/home/ros/hexapod_controller/install/hexapod_controller_interfaces/local/lib/python3.10/dist-packages/hexapod_controller_interfaces/msg'...
[21.085s] Compiling '/home/ros/hexapod_controller/install/hexapod_controller_interfaces/local/lib/python3.10/dist-packages/hexapod_controller_interfaces/msg/__init__.py'...
[21.086s] Compiling '/home/ros/hexapod_controller/install/hexapod_controller_interfaces/local/lib/python3.10/dist-packages/hexapod_controller_interfaces/msg/_servo_position_values.py'...
[21.108s] -- Installing: /home/ros/hexapod_controller/install/hexapod_controller_interfaces/local/lib/python3.10/dist-packages/hexapod_controller_interfaces/hexapod_controller_interfaces_s__rosidl_typesupport_fastrtps_c.cpython-310-aarch64-linux-gnu.so
[21.112s] -- Set runtime path of "/home/ros/hexapod_controller/install/hexapod_controller_interfaces/local/lib/python3.10/dist-packages/hexapod_controller_interfaces/hexapod_controller_interfaces_s__rosidl_typesupport_fastrtps_c.cpython-310-aarch64-linux-gnu.so" to ""
[21.114s] -- Installing: /home/ros/hexapod_controller/install/hexapod_controller_interfaces/local/lib/python3.10/dist-packages/hexapod_controller_interfaces/hexapod_controller_interfaces_s__rosidl_typesupport_introspection_c.cpython-310-aarch64-linux-gnu.so
[21.119s] -- Set runtime path of "/home/ros/hexapod_controller/install/hexapod_controller_interfaces/local/lib/python3.10/dist-packages/hexapod_controller_interfaces/hexapod_controller_interfaces_s__rosidl_typesupport_introspection_c.cpython-310-aarch64-linux-gnu.so" to ""
[21.121s] -- Installing: /home/ros/hexapod_controller/install/hexapod_controller_interfaces/local/lib/python3.10/dist-packages/hexapod_controller_interfaces/hexapod_controller_interfaces_s__rosidl_typesupport_c.cpython-310-aarch64-linux-gnu.so
[21.126s] -- Set runtime path of "/home/ros/hexapod_controller/install/hexapod_controller_interfaces/local/lib/python3.10/dist-packages/hexapod_controller_interfaces/hexapod_controller_interfaces_s__rosidl_typesupport_c.cpython-310-aarch64-linux-gnu.so" to ""
[21.127s] -- Installing: /home/ros/hexapod_controller/install/hexapod_controller_interfaces/lib/libhexapod_controller_interfaces__rosidl_generator_py.so
[21.131s] -- Set runtime path of "/home/ros/hexapod_controller/install/hexapod_controller_interfaces/lib/libhexapod_controller_interfaces__rosidl_generator_py.so" to ""
[21.131s] -- Installing: /home/ros/hexapod_controller/install/hexapod_controller_interfaces/share/hexapod_controller_interfaces/msg/ServoPositionValues.idl
[21.133s] -- Installing: /home/ros/hexapod_controller/install/hexapod_controller_interfaces/share/hexapod_controller_interfaces/msg/ServoPositionValues.msg
[21.135s] -- Installing: /home/ros/hexapod_controller/install/hexapod_controller_interfaces/share/ament_index/resource_index/package_run_dependencies/hexapod_controller_interfaces
[21.137s] -- Installing: /home/ros/hexapod_controller/install/hexapod_controller_interfaces/share/ament_index/resource_index/parent_prefix_path/hexapod_controller_interfaces
[21.139s] -- Installing: /home/ros/hexapod_controller/install/hexapod_controller_interfaces/share/hexapod_controller_interfaces/environment/ament_prefix_path.sh
[21.141s] -- Installing: /home/ros/hexapod_controller/install/hexapod_controller_interfaces/share/hexapod_controller_interfaces/environment/ament_prefix_path.dsv
[21.142s] -- Installing: /home/ros/hexapod_controller/install/hexapod_controller_interfaces/share/hexapod_controller_interfaces/environment/path.sh
[21.144s] -- Installing: /home/ros/hexapod_controller/install/hexapod_controller_interfaces/share/hexapod_controller_interfaces/environment/path.dsv
[21.145s] -- Installing: /home/ros/hexapod_controller/install/hexapod_controller_interfaces/share/hexapod_controller_interfaces/local_setup.bash
[21.147s] -- Installing: /home/ros/hexapod_controller/install/hexapod_controller_interfaces/share/hexapod_controller_interfaces/local_setup.sh
[21.148s] -- Installing: /home/ros/hexapod_controller/install/hexapod_controller_interfaces/share/hexapod_controller_interfaces/local_setup.zsh
[21.150s] -- Installing: /home/ros/hexapod_controller/install/hexapod_controller_interfaces/share/hexapod_controller_interfaces/local_setup.dsv
[21.151s] -- Installing: /home/ros/hexapod_controller/install/hexapod_controller_interfaces/share/hexapod_controller_interfaces/package.dsv
[21.153s] -- Installing: /home/ros/hexapod_controller/install/hexapod_controller_interfaces/share/ament_index/resource_index/packages/hexapod_controller_interfaces
[21.156s] -- Installing: /home/ros/hexapod_controller/install/hexapod_controller_interfaces/share/hexapod_controller_interfaces/cmake/export_hexapod_controller_interfaces__rosidl_generator_cExport.cmake
[21.158s] -- Installing: /home/ros/hexapod_controller/install/hexapod_controller_interfaces/share/hexapod_controller_interfaces/cmake/export_hexapod_controller_interfaces__rosidl_generator_cExport-noconfig.cmake
[21.160s] -- Installing: /home/ros/hexapod_controller/install/hexapod_controller_interfaces/share/hexapod_controller_interfaces/cmake/export_hexapod_controller_interfaces__rosidl_typesupport_fastrtps_cExport.cmake
[21.162s] -- Installing: /home/ros/hexapod_controller/install/hexapod_controller_interfaces/share/hexapod_controller_interfaces/cmake/export_hexapod_controller_interfaces__rosidl_typesupport_fastrtps_cExport-noconfig.cmake
[21.164s] -- Installing: /home/ros/hexapod_controller/install/hexapod_controller_interfaces/share/hexapod_controller_interfaces/cmake/hexapod_controller_interfaces__rosidl_typesupport_introspection_cExport.cmake
[21.166s] -- Installing: /home/ros/hexapod_controller/install/hexapod_controller_interfaces/share/hexapod_controller_interfaces/cmake/hexapod_controller_interfaces__rosidl_typesupport_introspection_cExport-noconfig.cmake
[21.168s] -- Installing: /home/ros/hexapod_controller/install/hexapod_controller_interfaces/share/hexapod_controller_interfaces/cmake/hexapod_controller_interfaces__rosidl_typesupport_cExport.cmake
[21.170s] -- Installing: /home/ros/hexapod_controller/install/hexapod_controller_interfaces/share/hexapod_controller_interfaces/cmake/hexapod_controller_interfaces__rosidl_typesupport_cExport-noconfig.cmake
[21.172s] -- Installing: /home/ros/hexapod_controller/install/hexapod_controller_interfaces/share/hexapod_controller_interfaces/cmake/export_hexapod_controller_interfaces__rosidl_generator_cppExport.cmake
[21.174s] -- Installing: /home/ros/hexapod_controller/install/hexapod_controller_interfaces/share/hexapod_controller_interfaces/cmake/export_hexapod_controller_interfaces__rosidl_typesupport_fastrtps_cppExport.cmake
[21.176s] -- Installing: /home/ros/hexapod_controller/install/hexapod_controller_interfaces/share/hexapod_controller_interfaces/cmake/export_hexapod_controller_interfaces__rosidl_typesupport_fastrtps_cppExport-noconfig.cmake
[21.179s] -- Installing: /home/ros/hexapod_controller/install/hexapod_controller_interfaces/share/hexapod_controller_interfaces/cmake/hexapod_controller_interfaces__rosidl_typesupport_introspection_cppExport.cmake
[21.181s] -- Installing: /home/ros/hexapod_controller/install/hexapod_controller_interfaces/share/hexapod_controller_interfaces/cmake/hexapod_controller_interfaces__rosidl_typesupport_introspection_cppExport-noconfig.cmake
[21.183s] -- Installing: /home/ros/hexapod_controller/install/hexapod_controller_interfaces/share/hexapod_controller_interfaces/cmake/hexapod_controller_interfaces__rosidl_typesupport_cppExport.cmake
[21.185s] -- Installing: /home/ros/hexapod_controller/install/hexapod_controller_interfaces/share/hexapod_controller_interfaces/cmake/hexapod_controller_interfaces__rosidl_typesupport_cppExport-noconfig.cmake
[21.187s] -- Installing: /home/ros/hexapod_controller/install/hexapod_controller_interfaces/share/hexapod_controller_interfaces/cmake/export_hexapod_controller_interfaces__rosidl_generator_pyExport.cmake
[21.189s] -- Installing: /home/ros/hexapod_controller/install/hexapod_controller_interfaces/share/hexapod_controller_interfaces/cmake/export_hexapod_controller_interfaces__rosidl_generator_pyExport-noconfig.cmake
[21.191s] -- Installing: /home/ros/hexapod_controller/install/hexapod_controller_interfaces/share/hexapod_controller_interfaces/cmake/rosidl_cmake-extras.cmake
[21.193s] -- Installing: /home/ros/hexapod_controller/install/hexapod_controller_interfaces/share/hexapod_controller_interfaces/cmake/ament_cmake_export_include_directories-extras.cmake
[21.195s] -- Installing: /home/ros/hexapod_controller/install/hexapod_controller_interfaces/share/hexapod_controller_interfaces/cmake/ament_cmake_export_libraries-extras.cmake
[21.197s] -- Installing: /home/ros/hexapod_controller/install/hexapod_controller_interfaces/share/hexapod_controller_interfaces/cmake/ament_cmake_export_targets-extras.cmake
[21.199s] -- Installing: /home/ros/hexapod_controller/install/hexapod_controller_interfaces/share/hexapod_controller_interfaces/cmake/rosidl_cmake_export_typesupport_targets-extras.cmake
[21.200s] -- Installing: /home/ros/hexapod_controller/install/hexapod_controller_interfaces/share/hexapod_controller_interfaces/cmake/ament_cmake_export_dependencies-extras.cmake
[21.202s] -- Installing: /home/ros/hexapod_controller/install/hexapod_controller_interfaces/share/hexapod_controller_interfaces/cmake/rosidl_cmake_export_typesupport_libraries-extras.cmake
[21.204s] -- Installing: /home/ros/hexapod_controller/install/hexapod_controller_interfaces/share/hexapod_controller_interfaces/cmake/hexapod_controller_interfacesConfig.cmake
[21.205s] -- Installing: /home/ros/hexapod_controller/install/hexapod_controller_interfaces/share/hexapod_controller_interfaces/cmake/hexapod_controller_interfacesConfig-version.cmake
[21.207s] -- Installing: /home/ros/hexapod_controller/install/hexapod_controller_interfaces/share/hexapod_controller_interfaces/package.xml
[21.217s] Invoked command in '/home/ros/hexapod_controller/build/hexapod_controller_interfaces' returned '0': CMAKE_PREFIX_PATH=${CMAKE_PREFIX_PATH}:/home/ros/hexapod_controller/install/hexapod_controller:/opt/ros/humble /usr/bin/cmake --install /home/ros/hexapod_controller/build/hexapod_controller_interfaces
