[0.074s] Invoking command in '/home/ros/hexapod_controller/build/hexapod_controller_interfaces': CMAKE_PREFIX_PATH=${CMAKE_PREFIX_PATH}:/home/ros/hexapod_controller/install/hexapod_controller:/home/ros/ros2_ws/install/my_robot_controller:/opt/ros/humble /usr/bin/cmake --build /home/ros/hexapod_controller/build/hexapod_controller_interfaces -- -j4 -l4
[0.308s] [  3%] Built target hexapod_controller_interfaces__cpp
[0.316s] [ 12%] Built target hexapod_controller_interfaces__rosidl_generator_c
[0.365s] [ 12%] Built target ament_cmake_python_copy_hexapod_controller_interfaces
[0.433s] [ 22%] Built target hexapod_controller_interfaces__rosidl_typesupport_introspection_cpp
[0.450s] [ 32%] Built target hexapod_controller_interfaces__rosidl_typesupport_cpp
[0.453s] [ 41%] Built target hexapod_controller_interfaces__rosidl_typesupport_fastrtps_cpp
[0.477s] [ 51%] Built target hexapod_controller_interfaces__rosidl_typesupport_fastrtps_c
[0.549s] [ 67%] Built target hexapod_controller_interfaces__rosidl_typesupport_introspection_c
[0.552s] [ 70%] Built target hexapod_controller_interfaces__rosidl_typesupport_c
[0.660s] [ 70%] Built target hexapod_controller_interfaces
[0.754s] [ 74%] Built target hexapod_controller_interfaces__py
[0.856s] [ 80%] Built target hexapod_controller_interfaces__rosidl_generator_py
[0.970s] [ 87%] Built target hexapod_controller_interfaces__rosidl_typesupport_introspection_c__pyext
[0.987s] [ 93%] Built target hexapod_controller_interfaces__rosidl_typesupport_c__pyext
[0.990s] [100%] Built target hexapod_controller_interfaces__rosidl_typesupport_fastrtps_c__pyext
[1.526s] running egg_info
[1.528s] writing hexapod_controller_interfaces.egg-info/PKG-INFO
[1.529s] writing dependency_links to hexapod_controller_interfaces.egg-info/dependency_links.txt
[1.530s] writing top-level names to hexapod_controller_interfaces.egg-info/top_level.txt
[1.540s] reading manifest file 'hexapod_controller_interfaces.egg-info/SOURCES.txt'
[1.543s] writing manifest file 'hexapod_controller_interfaces.egg-info/SOURCES.txt'
[1.663s] [100%] Built target ament_cmake_python_build_hexapod_controller_interfaces_egg
[1.707s] Invoked command in '/home/ros/hexapod_controller/build/hexapod_controller_interfaces' returned '0': CMAKE_PREFIX_PATH=${CMAKE_PREFIX_PATH}:/home/ros/hexapod_controller/install/hexapod_controller:/home/ros/ros2_ws/install/my_robot_controller:/opt/ros/humble /usr/bin/cmake --build /home/ros/hexapod_controller/build/hexapod_controller_interfaces -- -j4 -l4
[2.121s] Invoking command in '/home/ros/hexapod_controller/build/hexapod_controller_interfaces': CMAKE_PREFIX_PATH=${CMAKE_PREFIX_PATH}:/home/ros/hexapod_controller/install/hexapod_controller:/home/ros/ros2_ws/install/my_robot_controller:/opt/ros/humble /usr/bin/cmake --install /home/ros/hexapod_controller/build/hexapod_controller_interfaces
[2.153s] -- Install configuration: ""
[2.153s] -- Up-to-date: /home/ros/hexapod_controller/install/hexapod_controller_interfaces/share/ament_index/resource_index/rosidl_interfaces/hexapod_controller_interfaces
[2.154s] -- Up-to-date: /home/ros/hexapod_controller/install/hexapod_controller_interfaces/include/hexapod_controller_interfaces/hexapod_controller_interfaces
[2.154s] -- Up-to-date: /home/ros/hexapod_controller/install/hexapod_controller_interfaces/include/hexapod_controller_interfaces/hexapod_controller_interfaces/msg
[2.155s] -- Up-to-date: /home/ros/hexapod_controller/install/hexapod_controller_interfaces/include/hexapod_controller_interfaces/hexapod_controller_interfaces/msg/detail
[2.155s] -- Up-to-date: /home/ros/hexapod_controller/install/hexapod_controller_interfaces/include/hexapod_controller_interfaces/hexapod_controller_interfaces/msg/detail/servo_position_values__struct.h
[2.155s] -- Up-to-date: /home/ros/hexapod_controller/install/hexapod_controller_interfaces/include/hexapod_controller_interfaces/hexapod_controller_interfaces/msg/detail/servo_position_values__functions.c
[2.156s] -- Up-to-date: /home/ros/hexapod_controller/install/hexapod_controller_interfaces/include/hexapod_controller_interfaces/hexapod_controller_interfaces/msg/detail/servo_position_values__functions.h
[2.156s] -- Up-to-date: /home/ros/hexapod_controller/install/hexapod_controller_interfaces/include/hexapod_controller_interfaces/hexapod_controller_interfaces/msg/detail/servo_position_values__type_support.h
[2.157s] -- Up-to-date: /home/ros/hexapod_controller/install/hexapod_controller_interfaces/include/hexapod_controller_interfaces/hexapod_controller_interfaces/msg/rosidl_generator_c__visibility_control.h
[2.157s] -- Up-to-date: /home/ros/hexapod_controller/install/hexapod_controller_interfaces/include/hexapod_controller_interfaces/hexapod_controller_interfaces/msg/servo_position_values.h
[2.158s] -- Up-to-date: /home/ros/hexapod_controller/install/hexapod_controller_interfaces/share/hexapod_controller_interfaces/environment/library_path.sh
[2.158s] -- Up-to-date: /home/ros/hexapod_controller/install/hexapod_controller_interfaces/share/hexapod_controller_interfaces/environment/library_path.dsv
[2.159s] -- Up-to-date: /home/ros/hexapod_controller/install/hexapod_controller_interfaces/lib/libhexapod_controller_interfaces__rosidl_generator_c.so
[2.160s] -- Up-to-date: /home/ros/hexapod_controller/install/hexapod_controller_interfaces/include/hexapod_controller_interfaces/hexapod_controller_interfaces
[2.161s] -- Up-to-date: /home/ros/hexapod_controller/install/hexapod_controller_interfaces/include/hexapod_controller_interfaces/hexapod_controller_interfaces/msg
[2.162s] -- Up-to-date: /home/ros/hexapod_controller/install/hexapod_controller_interfaces/include/hexapod_controller_interfaces/hexapod_controller_interfaces/msg/rosidl_typesupport_fastrtps_c__visibility_control.h
[2.162s] -- Up-to-date: /home/ros/hexapod_controller/install/hexapod_controller_interfaces/include/hexapod_controller_interfaces/hexapod_controller_interfaces/msg/detail
[2.163s] -- Up-to-date: /home/ros/hexapod_controller/install/hexapod_controller_interfaces/include/hexapod_controller_interfaces/hexapod_controller_interfaces/msg/detail/servo_position_values__rosidl_typesupport_fastrtps_c.h
[2.164s] -- Up-to-date: /home/ros/hexapod_controller/install/hexapod_controller_interfaces/lib/libhexapod_controller_interfaces__rosidl_typesupport_fastrtps_c.so
[2.165s] -- Up-to-date: /home/ros/hexapod_controller/install/hexapod_controller_interfaces/include/hexapod_controller_interfaces/hexapod_controller_interfaces
[2.166s] -- Up-to-date: /home/ros/hexapod_controller/install/hexapod_controller_interfaces/include/hexapod_controller_interfaces/hexapod_controller_interfaces/msg
[2.166s] -- Up-to-date: /home/ros/hexapod_controller/install/hexapod_controller_interfaces/include/hexapod_controller_interfaces/hexapod_controller_interfaces/msg/detail
[2.167s] -- Up-to-date: /home/ros/hexapod_controller/install/hexapod_controller_interfaces/include/hexapod_controller_interfaces/hexapod_controller_interfaces/msg/detail/servo_position_values__rosidl_typesupport_introspection_c.h
[2.168s] -- Up-to-date: /home/ros/hexapod_controller/install/hexapod_controller_interfaces/include/hexapod_controller_interfaces/hexapod_controller_interfaces/msg/detail/servo_position_values__type_support.c
[2.168s] -- Up-to-date: /home/ros/hexapod_controller/install/hexapod_controller_interfaces/include/hexapod_controller_interfaces/hexapod_controller_interfaces/msg/rosidl_typesupport_introspection_c__visibility_control.h
[2.169s] -- Up-to-date: /home/ros/hexapod_controller/install/hexapod_controller_interfaces/lib/libhexapod_controller_interfaces__rosidl_typesupport_introspection_c.so
[2.172s] -- Up-to-date: /home/ros/hexapod_controller/install/hexapod_controller_interfaces/lib/libhexapod_controller_interfaces__rosidl_typesupport_c.so
[2.173s] -- Up-to-date: /home/ros/hexapod_controller/install/hexapod_controller_interfaces/include/hexapod_controller_interfaces/hexapod_controller_interfaces
[2.174s] -- Up-to-date: /home/ros/hexapod_controller/install/hexapod_controller_interfaces/include/hexapod_controller_interfaces/hexapod_controller_interfaces/msg
[2.174s] -- Up-to-date: /home/ros/hexapod_controller/install/hexapod_controller_interfaces/include/hexapod_controller_interfaces/hexapod_controller_interfaces/msg/detail
[2.175s] -- Up-to-date: /home/ros/hexapod_controller/install/hexapod_controller_interfaces/include/hexapod_controller_interfaces/hexapod_controller_interfaces/msg/detail/servo_position_values__struct.hpp
[2.175s] -- Up-to-date: /home/ros/hexapod_controller/install/hexapod_controller_interfaces/include/hexapod_controller_interfaces/hexapod_controller_interfaces/msg/detail/servo_position_values__traits.hpp
[2.176s] -- Up-to-date: /home/ros/hexapod_controller/install/hexapod_controller_interfaces/include/hexapod_controller_interfaces/hexapod_controller_interfaces/msg/detail/servo_position_values__builder.hpp
[2.176s] -- Up-to-date: /home/ros/hexapod_controller/install/hexapod_controller_interfaces/include/hexapod_controller_interfaces/hexapod_controller_interfaces/msg/servo_position_values.hpp
[2.177s] -- Up-to-date: /home/ros/hexapod_controller/install/hexapod_controller_interfaces/include/hexapod_controller_interfaces/hexapod_controller_interfaces
[2.177s] -- Up-to-date: /home/ros/hexapod_controller/install/hexapod_controller_interfaces/include/hexapod_controller_interfaces/hexapod_controller_interfaces/msg
[2.177s] -- Up-to-date: /home/ros/hexapod_controller/install/hexapod_controller_interfaces/include/hexapod_controller_interfaces/hexapod_controller_interfaces/msg/detail
[2.178s] -- Up-to-date: /home/ros/hexapod_controller/install/hexapod_controller_interfaces/include/hexapod_controller_interfaces/hexapod_controller_interfaces/msg/detail/dds_fastrtps
[2.179s] -- Up-to-date: /home/ros/hexapod_controller/install/hexapod_controller_interfaces/include/hexapod_controller_interfaces/hexapod_controller_interfaces/msg/detail/servo_position_values__rosidl_typesupport_fastrtps_cpp.hpp
[2.179s] -- Up-to-date: /home/ros/hexapod_controller/install/hexapod_controller_interfaces/include/hexapod_controller_interfaces/hexapod_controller_interfaces/msg/rosidl_typesupport_fastrtps_cpp__visibility_control.h
[2.180s] -- Up-to-date: /home/ros/hexapod_controller/install/hexapod_controller_interfaces/lib/libhexapod_controller_interfaces__rosidl_typesupport_fastrtps_cpp.so
[2.181s] -- Up-to-date: /home/ros/hexapod_controller/install/hexapod_controller_interfaces/include/hexapod_controller_interfaces/hexapod_controller_interfaces
[2.182s] -- Up-to-date: /home/ros/hexapod_controller/install/hexapod_controller_interfaces/include/hexapod_controller_interfaces/hexapod_controller_interfaces/msg
[2.182s] -- Up-to-date: /home/ros/hexapod_controller/install/hexapod_controller_interfaces/include/hexapod_controller_interfaces/hexapod_controller_interfaces/msg/detail
[2.183s] -- Up-to-date: /home/ros/hexapod_controller/install/hexapod_controller_interfaces/include/hexapod_controller_interfaces/hexapod_controller_interfaces/msg/detail/servo_position_values__rosidl_typesupport_introspection_cpp.hpp
[2.183s] -- Up-to-date: /home/ros/hexapod_controller/install/hexapod_controller_interfaces/include/hexapod_controller_interfaces/hexapod_controller_interfaces/msg/detail/servo_position_values__type_support.cpp
[2.185s] -- Up-to-date: /home/ros/hexapod_controller/install/hexapod_controller_interfaces/lib/libhexapod_controller_interfaces__rosidl_typesupport_introspection_cpp.so
[2.187s] -- Up-to-date: /home/ros/hexapod_controller/install/hexapod_controller_interfaces/lib/libhexapod_controller_interfaces__rosidl_typesupport_cpp.so
[2.188s] -- Up-to-date: /home/ros/hexapod_controller/install/hexapod_controller_interfaces/share/hexapod_controller_interfaces/environment/pythonpath.sh
[2.189s] -- Up-to-date: /home/ros/hexapod_controller/install/hexapod_controller_interfaces/share/hexapod_controller_interfaces/environment/pythonpath.dsv
[2.189s] -- Up-to-date: /home/ros/hexapod_controller/install/hexapod_controller_interfaces/local/lib/python3.10/dist-packages/hexapod_controller_interfaces-0.0.0-py3.10.egg-info
[2.189s] -- Installing: /home/ros/hexapod_controller/install/hexapod_controller_interfaces/local/lib/python3.10/dist-packages/hexapod_controller_interfaces-0.0.0-py3.10.egg-info/dependency_links.txt
[2.191s] -- Installing: /home/ros/hexapod_controller/install/hexapod_controller_interfaces/local/lib/python3.10/dist-packages/hexapod_controller_interfaces-0.0.0-py3.10.egg-info/top_level.txt
[2.193s] -- Installing: /home/ros/hexapod_controller/install/hexapod_controller_interfaces/local/lib/python3.10/dist-packages/hexapod_controller_interfaces-0.0.0-py3.10.egg-info/SOURCES.txt
[2.194s] -- Installing: /home/ros/hexapod_controller/install/hexapod_controller_interfaces/local/lib/python3.10/dist-packages/hexapod_controller_interfaces-0.0.0-py3.10.egg-info/PKG-INFO
[2.196s] -- Up-to-date: /home/ros/hexapod_controller/install/hexapod_controller_interfaces/local/lib/python3.10/dist-packages/hexapod_controller_interfaces
[2.196s] -- Up-to-date: /home/ros/hexapod_controller/install/hexapod_controller_interfaces/local/lib/python3.10/dist-packages/hexapod_controller_interfaces/msg
[2.197s] -- Up-to-date: /home/ros/hexapod_controller/install/hexapod_controller_interfaces/local/lib/python3.10/dist-packages/hexapod_controller_interfaces/msg/_servo_position_values_s.c
[2.197s] -- Up-to-date: /home/ros/hexapod_controller/install/hexapod_controller_interfaces/local/lib/python3.10/dist-packages/hexapod_controller_interfaces/msg/__init__.py
[2.198s] -- Up-to-date: /home/ros/hexapod_controller/install/hexapod_controller_interfaces/local/lib/python3.10/dist-packages/hexapod_controller_interfaces/msg/_servo_position_values.py
[2.198s] -- Up-to-date: /home/ros/hexapod_controller/install/hexapod_controller_interfaces/local/lib/python3.10/dist-packages/hexapod_controller_interfaces/_hexapod_controller_interfaces_s.ep.rosidl_typesupport_introspection_c.c
[2.199s] -- Up-to-date: /home/ros/hexapod_controller/install/hexapod_controller_interfaces/local/lib/python3.10/dist-packages/hexapod_controller_interfaces/hexapod_controller_interfaces_s__rosidl_typesupport_fastrtps_c.cpython-310-aarch64-linux-gnu.so
[2.199s] -- Up-to-date: /home/ros/hexapod_controller/install/hexapod_controller_interfaces/local/lib/python3.10/dist-packages/hexapod_controller_interfaces/hexapod_controller_interfaces_s__rosidl_typesupport_introspection_c.cpython-310-aarch64-linux-gnu.so
[2.199s] -- Up-to-date: /home/ros/hexapod_controller/install/hexapod_controller_interfaces/local/lib/python3.10/dist-packages/hexapod_controller_interfaces/hexapod_controller_interfaces_s__rosidl_typesupport_c.cpython-310-aarch64-linux-gnu.so
[2.200s] -- Up-to-date: /home/ros/hexapod_controller/install/hexapod_controller_interfaces/local/lib/python3.10/dist-packages/hexapod_controller_interfaces/__init__.py
[2.200s] -- Up-to-date: /home/ros/hexapod_controller/install/hexapod_controller_interfaces/local/lib/python3.10/dist-packages/hexapod_controller_interfaces/_hexapod_controller_interfaces_s.ep.rosidl_typesupport_c.c
[2.201s] -- Up-to-date: /home/ros/hexapod_controller/install/hexapod_controller_interfaces/local/lib/python3.10/dist-packages/hexapod_controller_interfaces/libhexapod_controller_interfaces__rosidl_generator_py.so
[2.201s] -- Up-to-date: /home/ros/hexapod_controller/install/hexapod_controller_interfaces/local/lib/python3.10/dist-packages/hexapod_controller_interfaces/_hexapod_controller_interfaces_s.ep.rosidl_typesupport_fastrtps_c.c
[2.357s] Listing '/home/ros/hexapod_controller/install/hexapod_controller_interfaces/local/lib/python3.10/dist-packages/hexapod_controller_interfaces'...
[2.359s] Listing '/home/ros/hexapod_controller/install/hexapod_controller_interfaces/local/lib/python3.10/dist-packages/hexapod_controller_interfaces/msg'...
[2.382s] -- Up-to-date: /home/ros/hexapod_controller/install/hexapod_controller_interfaces/local/lib/python3.10/dist-packages/hexapod_controller_interfaces/hexapod_controller_interfaces_s__rosidl_typesupport_fastrtps_c.cpython-310-aarch64-linux-gnu.so
[2.385s] -- Up-to-date: /home/ros/hexapod_controller/install/hexapod_controller_interfaces/local/lib/python3.10/dist-packages/hexapod_controller_interfaces/hexapod_controller_interfaces_s__rosidl_typesupport_introspection_c.cpython-310-aarch64-linux-gnu.so
[2.387s] -- Up-to-date: /home/ros/hexapod_controller/install/hexapod_controller_interfaces/local/lib/python3.10/dist-packages/hexapod_controller_interfaces/hexapod_controller_interfaces_s__rosidl_typesupport_c.cpython-310-aarch64-linux-gnu.so
[2.390s] -- Up-to-date: /home/ros/hexapod_controller/install/hexapod_controller_interfaces/lib/libhexapod_controller_interfaces__rosidl_generator_py.so
[2.391s] -- Up-to-date: /home/ros/hexapod_controller/install/hexapod_controller_interfaces/share/hexapod_controller_interfaces/msg/ServoPositionValues.idl
[2.392s] -- Up-to-date: /home/ros/hexapod_controller/install/hexapod_controller_interfaces/share/hexapod_controller_interfaces/msg/ServoPositionValues.msg
[2.392s] -- Up-to-date: /home/ros/hexapod_controller/install/hexapod_controller_interfaces/share/ament_index/resource_index/package_run_dependencies/hexapod_controller_interfaces
[2.393s] -- Up-to-date: /home/ros/hexapod_controller/install/hexapod_controller_interfaces/share/ament_index/resource_index/parent_prefix_path/hexapod_controller_interfaces
[2.393s] -- Up-to-date: /home/ros/hexapod_controller/install/hexapod_controller_interfaces/share/hexapod_controller_interfaces/environment/ament_prefix_path.sh
[2.394s] -- Up-to-date: /home/ros/hexapod_controller/install/hexapod_controller_interfaces/share/hexapod_controller_interfaces/environment/ament_prefix_path.dsv
[2.395s] -- Up-to-date: /home/ros/hexapod_controller/install/hexapod_controller_interfaces/share/hexapod_controller_interfaces/environment/path.sh
[2.395s] -- Up-to-date: /home/ros/hexapod_controller/install/hexapod_controller_interfaces/share/hexapod_controller_interfaces/environment/path.dsv
[2.396s] -- Up-to-date: /home/ros/hexapod_controller/install/hexapod_controller_interfaces/share/hexapod_controller_interfaces/local_setup.bash
[2.396s] -- Up-to-date: /home/ros/hexapod_controller/install/hexapod_controller_interfaces/share/hexapod_controller_interfaces/local_setup.sh
[2.397s] -- Up-to-date: /home/ros/hexapod_controller/install/hexapod_controller_interfaces/share/hexapod_controller_interfaces/local_setup.zsh
[2.397s] -- Up-to-date: /home/ros/hexapod_controller/install/hexapod_controller_interfaces/share/hexapod_controller_interfaces/local_setup.dsv
[2.398s] -- Installing: /home/ros/hexapod_controller/install/hexapod_controller_interfaces/share/hexapod_controller_interfaces/package.dsv
[2.399s] -- Up-to-date: /home/ros/hexapod_controller/install/hexapod_controller_interfaces/share/ament_index/resource_index/packages/hexapod_controller_interfaces
[2.401s] -- Up-to-date: /home/ros/hexapod_controller/install/hexapod_controller_interfaces/share/hexapod_controller_interfaces/cmake/export_hexapod_controller_interfaces__rosidl_generator_cExport.cmake
[2.401s] -- Up-to-date: /home/ros/hexapod_controller/install/hexapod_controller_interfaces/share/hexapod_controller_interfaces/cmake/export_hexapod_controller_interfaces__rosidl_generator_cExport-noconfig.cmake
[2.402s] -- Up-to-date: /home/ros/hexapod_controller/install/hexapod_controller_interfaces/share/hexapod_controller_interfaces/cmake/export_hexapod_controller_interfaces__rosidl_typesupport_fastrtps_cExport.cmake
[2.403s] -- Up-to-date: /home/ros/hexapod_controller/install/hexapod_controller_interfaces/share/hexapod_controller_interfaces/cmake/export_hexapod_controller_interfaces__rosidl_typesupport_fastrtps_cExport-noconfig.cmake
[2.404s] -- Up-to-date: /home/ros/hexapod_controller/install/hexapod_controller_interfaces/share/hexapod_controller_interfaces/cmake/hexapod_controller_interfaces__rosidl_typesupport_introspection_cExport.cmake
[2.405s] -- Up-to-date: /home/ros/hexapod_controller/install/hexapod_controller_interfaces/share/hexapod_controller_interfaces/cmake/hexapod_controller_interfaces__rosidl_typesupport_introspection_cExport-noconfig.cmake
[2.406s] -- Up-to-date: /home/ros/hexapod_controller/install/hexapod_controller_interfaces/share/hexapod_controller_interfaces/cmake/hexapod_controller_interfaces__rosidl_typesupport_cExport.cmake
[2.406s] -- Up-to-date: /home/ros/hexapod_controller/install/hexapod_controller_interfaces/share/hexapod_controller_interfaces/cmake/hexapod_controller_interfaces__rosidl_typesupport_cExport-noconfig.cmake
[2.407s] -- Up-to-date: /home/ros/hexapod_controller/install/hexapod_controller_interfaces/share/hexapod_controller_interfaces/cmake/export_hexapod_controller_interfaces__rosidl_generator_cppExport.cmake
[2.408s] -- Up-to-date: /home/ros/hexapod_controller/install/hexapod_controller_interfaces/share/hexapod_controller_interfaces/cmake/export_hexapod_controller_interfaces__rosidl_typesupport_fastrtps_cppExport.cmake
[2.409s] -- Up-to-date: /home/ros/hexapod_controller/install/hexapod_controller_interfaces/share/hexapod_controller_interfaces/cmake/export_hexapod_controller_interfaces__rosidl_typesupport_fastrtps_cppExport-noconfig.cmake
[2.410s] -- Up-to-date: /home/ros/hexapod_controller/install/hexapod_controller_interfaces/share/hexapod_controller_interfaces/cmake/hexapod_controller_interfaces__rosidl_typesupport_introspection_cppExport.cmake
[2.411s] -- Up-to-date: /home/ros/hexapod_controller/install/hexapod_controller_interfaces/share/hexapod_controller_interfaces/cmake/hexapod_controller_interfaces__rosidl_typesupport_introspection_cppExport-noconfig.cmake
[2.412s] -- Up-to-date: /home/ros/hexapod_controller/install/hexapod_controller_interfaces/share/hexapod_controller_interfaces/cmake/hexapod_controller_interfaces__rosidl_typesupport_cppExport.cmake
[2.412s] -- Up-to-date: /home/ros/hexapod_controller/install/hexapod_controller_interfaces/share/hexapod_controller_interfaces/cmake/hexapod_controller_interfaces__rosidl_typesupport_cppExport-noconfig.cmake
[2.413s] -- Up-to-date: /home/ros/hexapod_controller/install/hexapod_controller_interfaces/share/hexapod_controller_interfaces/cmake/export_hexapod_controller_interfaces__rosidl_generator_pyExport.cmake
[2.414s] -- Up-to-date: /home/ros/hexapod_controller/install/hexapod_controller_interfaces/share/hexapod_controller_interfaces/cmake/export_hexapod_controller_interfaces__rosidl_generator_pyExport-noconfig.cmake
[2.416s] -- Up-to-date: /home/ros/hexapod_controller/install/hexapod_controller_interfaces/share/hexapod_controller_interfaces/cmake/rosidl_cmake-extras.cmake
[2.418s] -- Up-to-date: /home/ros/hexapod_controller/install/hexapod_controller_interfaces/share/hexapod_controller_interfaces/cmake/ament_cmake_export_include_directories-extras.cmake
[2.418s] -- Up-to-date: /home/ros/hexapod_controller/install/hexapod_controller_interfaces/share/hexapod_controller_interfaces/cmake/ament_cmake_export_libraries-extras.cmake
[2.419s] -- Up-to-date: /home/ros/hexapod_controller/install/hexapod_controller_interfaces/share/hexapod_controller_interfaces/cmake/ament_cmake_export_targets-extras.cmake
[2.419s] -- Up-to-date: /home/ros/hexapod_controller/install/hexapod_controller_interfaces/share/hexapod_controller_interfaces/cmake/rosidl_cmake_export_typesupport_targets-extras.cmake
[2.420s] -- Up-to-date: /home/ros/hexapod_controller/install/hexapod_controller_interfaces/share/hexapod_controller_interfaces/cmake/ament_cmake_export_dependencies-extras.cmake
[2.420s] -- Up-to-date: /home/ros/hexapod_controller/install/hexapod_controller_interfaces/share/hexapod_controller_interfaces/cmake/rosidl_cmake_export_typesupport_libraries-extras.cmake
[2.421s] -- Up-to-date: /home/ros/hexapod_controller/install/hexapod_controller_interfaces/share/hexapod_controller_interfaces/cmake/hexapod_controller_interfacesConfig.cmake
[2.421s] -- Up-to-date: /home/ros/hexapod_controller/install/hexapod_controller_interfaces/share/hexapod_controller_interfaces/cmake/hexapod_controller_interfacesConfig-version.cmake
[2.422s] -- Up-to-date: /home/ros/hexapod_controller/install/hexapod_controller_interfaces/share/hexapod_controller_interfaces/package.xml
[2.428s] Invoked command in '/home/ros/hexapod_controller/build/hexapod_controller_interfaces' returned '0': CMAKE_PREFIX_PATH=${CMAKE_PREFIX_PATH}:/home/ros/hexapod_controller/install/hexapod_controller:/home/ros/ros2_ws/install/my_robot_controller:/opt/ros/humble /usr/bin/cmake --install /home/ros/hexapod_controller/build/hexapod_controller_interfaces
