[2.847s] Invoking command in '/home/ros/hexapod_controller/build/hexapod_controller': AMENT_PREFIX_PATH=/home/ros/hexapod_controller/install/hexapod_controller_interfaces:${AMENT_PREFIX_PATH} CMAKE_PREFIX_PATH=/home/ros/hexapod_controller/install/hexapod_controller_interfaces LD_LIBRARY_PATH=/home/ros/hexapod_controller/install/hexapod_controller_interfaces/lib:${LD_LIBRARY_PATH} PYTHONPATH=/home/ros/hexapod_controller/build/hexapod_controller/prefix_override:/home/ros/hexapod_controller/install/hexapod_controller/lib/python3.10/site-packages:/home/ros/hexapod_controller/install/hexapod_controller_interfaces/local/lib/python3.10/dist-packages:${PYTHONPATH} /usr/bin/python3 setup.py develop --uninstall --editable --build-directory /home/ros/hexapod_controller/build/hexapod_controller/build
[3.945s] running develop
[4.464s] Removing /home/ros/hexapod_controller/install/hexapod_controller/lib/python3.10/site-packages/hexapod-controller.egg-link (link to .)
[4.599s] Invoked command in '/home/ros/hexapod_controller/build/hexapod_controller' returned '0': AMENT_PREFIX_PATH=/home/ros/hexapod_controller/install/hexapod_controller_interfaces:${AMENT_PREFIX_PATH} CMAKE_PREFIX_PATH=/home/ros/hexapod_controller/install/hexapod_controller_interfaces LD_LIBRARY_PATH=/home/ros/hexapod_controller/install/hexapod_controller_interfaces/lib:${LD_LIBRARY_PATH} PYTHONPATH=/home/ros/hexapod_controller/build/hexapod_controller/prefix_override:/home/ros/hexapod_controller/install/hexapod_controller/lib/python3.10/site-packages:/home/ros/hexapod_controller/install/hexapod_controller_interfaces/local/lib/python3.10/dist-packages:${PYTHONPATH} /usr/bin/python3 setup.py develop --uninstall --editable --build-directory /home/ros/hexapod_controller/build/hexapod_controller/build
[4.609s] Invoking command in '/home/ros/hexapod_controller/src/hexapod_controller': AMENT_PREFIX_PATH=/home/ros/hexapod_controller/install/hexapod_controller_interfaces:${AMENT_PREFIX_PATH} CMAKE_PREFIX_PATH=/home/ros/hexapod_controller/install/hexapod_controller_interfaces LD_LIBRARY_PATH=/home/ros/hexapod_controller/install/hexapod_controller_interfaces/lib:${LD_LIBRARY_PATH} PYTHONPATH=/home/ros/hexapod_controller/build/hexapod_controller/prefix_override:/home/ros/hexapod_controller/install/hexapod_controller/lib/python3.10/site-packages:/home/ros/hexapod_controller/install/hexapod_controller_interfaces/local/lib/python3.10/dist-packages:${PYTHONPATH} /usr/bin/python3 setup.py egg_info --egg-base ../../build/hexapod_controller build --build-base /home/ros/hexapod_controller/build/hexapod_controller/build install --record /home/ros/hexapod_controller/build/hexapod_controller/install.log --single-version-externally-managed
[5.641s] running egg_info
[5.644s] writing ../../build/hexapod_controller/hexapod_controller.egg-info/PKG-INFO
[5.644s] writing dependency_links to ../../build/hexapod_controller/hexapod_controller.egg-info/dependency_links.txt
[5.645s] writing entry points to ../../build/hexapod_controller/hexapod_controller.egg-info/entry_points.txt
[5.646s] writing requirements to ../../build/hexapod_controller/hexapod_controller.egg-info/requires.txt
[5.646s] writing top-level names to ../../build/hexapod_controller/hexapod_controller.egg-info/top_level.txt
[5.652s] reading manifest file '../../build/hexapod_controller/hexapod_controller.egg-info/SOURCES.txt'
[5.657s] writing manifest file '../../build/hexapod_controller/hexapod_controller.egg-info/SOURCES.txt'
[5.662s] running build
[5.663s] running build_py
[5.663s] copying hexapod_controller/body.py -> /home/ros/hexapod_controller/build/hexapod_controller/build/lib/hexapod_controller
[5.664s] running install
[5.664s] running install_lib
[5.669s] creating /home/ros/hexapod_controller/install/hexapod_controller/lib/python3.10/site-packages/hexapod_controller
[5.670s] copying /home/ros/hexapod_controller/build/hexapod_controller/build/lib/hexapod_controller/inverse_kinematics.py -> /home/ros/hexapod_controller/install/hexapod_controller/lib/python3.10/site-packages/hexapod_controller
[5.670s] copying /home/ros/hexapod_controller/build/hexapod_controller/build/lib/hexapod_controller/__init__.py -> /home/ros/hexapod_controller/install/hexapod_controller/lib/python3.10/site-packages/hexapod_controller
[5.671s] copying /home/ros/hexapod_controller/build/hexapod_controller/build/lib/hexapod_controller/com_settings.py -> /home/ros/hexapod_controller/install/hexapod_controller/lib/python3.10/site-packages/hexapod_controller
[5.671s] copying /home/ros/hexapod_controller/build/hexapod_controller/build/lib/hexapod_controller/body.py -> /home/ros/hexapod_controller/install/hexapod_controller/lib/python3.10/site-packages/hexapod_controller
[5.673s] byte-compiling /home/ros/hexapod_controller/install/hexapod_controller/lib/python3.10/site-packages/hexapod_controller/inverse_kinematics.py to inverse_kinematics.cpython-310.pyc
[5.681s] byte-compiling /home/ros/hexapod_controller/install/hexapod_controller/lib/python3.10/site-packages/hexapod_controller/__init__.py to __init__.cpython-310.pyc
[5.682s] byte-compiling /home/ros/hexapod_controller/install/hexapod_controller/lib/python3.10/site-packages/hexapod_controller/com_settings.py to com_settings.cpython-310.pyc
[5.698s] byte-compiling /home/ros/hexapod_controller/install/hexapod_controller/lib/python3.10/site-packages/hexapod_controller/body.py to body.cpython-310.pyc
[5.699s] running install_data
[5.699s] running install_egg_info
[5.700s] Copying ../../build/hexapod_controller/hexapod_controller.egg-info to /home/ros/hexapod_controller/install/hexapod_controller/lib/python3.10/site-packages/hexapod_controller-0.0.0-py3.10.egg-info
[5.711s] running install_scripts
[5.799s] Installing body_IK_node script to /home/ros/hexapod_controller/install/hexapod_controller/lib/hexapod_controller
[5.801s] writing list of installed files to '/home/ros/hexapod_controller/build/hexapod_controller/install.log'
[5.939s] Invoked command in '/home/ros/hexapod_controller/src/hexapod_controller' returned '0': AMENT_PREFIX_PATH=/home/ros/hexapod_controller/install/hexapod_controller_interfaces:${AMENT_PREFIX_PATH} CMAKE_PREFIX_PATH=/home/ros/hexapod_controller/install/hexapod_controller_interfaces LD_LIBRARY_PATH=/home/ros/hexapod_controller/install/hexapod_controller_interfaces/lib:${LD_LIBRARY_PATH} PYTHONPATH=/home/ros/hexapod_controller/build/hexapod_controller/prefix_override:/home/ros/hexapod_controller/install/hexapod_controller/lib/python3.10/site-packages:/home/ros/hexapod_controller/install/hexapod_controller_interfaces/local/lib/python3.10/dist-packages:${PYTHONPATH} /usr/bin/python3 setup.py egg_info --egg-base ../../build/hexapod_controller build --build-base /home/ros/hexapod_controller/build/hexapod_controller/build install --record /home/ros/hexapod_controller/build/hexapod_controller/install.log --single-version-externally-managed
