[2.458s] Invoking command in '/home/ros/hexapod_controller/build/hexapod_controller': PYTHONPATH=/home/ros/hexapod_controller/build/hexapod_controller/prefix_override:/home/ros/hexapod_controller/install/hexapod_controller/lib/python3.10/site-packages:${PYTHONPATH} /usr/bin/python3 setup.py develop --uninstall --editable --build-directory /home/ros/hexapod_controller/build/hexapod_controller/build
[3.436s] running develop
[3.900s] Removing /home/ros/hexapod_controller/install/hexapod_controller/lib/python3.10/site-packages/hexapod-controller.egg-link (link to .)
[4.030s] Invoked command in '/home/ros/hexapod_controller/build/hexapod_controller' returned '0': PYTHONPATH=/home/ros/hexapod_controller/build/hexapod_controller/prefix_override:/home/ros/hexapod_controller/install/hexapod_controller/lib/python3.10/site-packages:${PYTHONPATH} /usr/bin/python3 setup.py develop --uninstall --editable --build-directory /home/ros/hexapod_controller/build/hexapod_controller/build
[4.038s] Invoking command in '/home/ros/hexapod_controller/src/hexapod_controller': PYTHONPATH=/home/ros/hexapod_controller/build/hexapod_controller/prefix_override:/home/ros/hexapod_controller/install/hexapod_controller/lib/python3.10/site-packages:${PYTHONPATH} /usr/bin/python3 setup.py egg_info --egg-base ../../build/hexapod_controller build --build-base /home/ros/hexapod_controller/build/hexapod_controller/build install --record /home/ros/hexapod_controller/build/hexapod_controller/install.log --single-version-externally-managed
[4.927s] running egg_info
[4.930s] writing ../../build/hexapod_controller/hexapod_controller.egg-info/PKG-INFO
[4.931s] writing dependency_links to ../../build/hexapod_controller/hexapod_controller.egg-info/dependency_links.txt
[4.932s] writing entry points to ../../build/hexapod_controller/hexapod_controller.egg-info/entry_points.txt
[4.934s] writing requirements to ../../build/hexapod_controller/hexapod_controller.egg-info/requires.txt
[4.935s] writing top-level names to ../../build/hexapod_controller/hexapod_controller.egg-info/top_level.txt
[4.942s] reading manifest file '../../build/hexapod_controller/hexapod_controller.egg-info/SOURCES.txt'
[4.946s] writing manifest file '../../build/hexapod_controller/hexapod_controller.egg-info/SOURCES.txt'
[4.947s] running build
[4.947s] running build_py
[4.948s] copying hexapod_controller/body.py -> /home/ros/hexapod_controller/build/hexapod_controller/build/lib/hexapod_controller
[4.949s] copying hexapod_controller/inverse_kinematics.py -> /home/ros/hexapod_controller/build/hexapod_controller/build/lib/hexapod_controller
[4.950s] copying hexapod_controller/com_settings.py -> /home/ros/hexapod_controller/build/hexapod_controller/build/lib/hexapod_controller
[4.952s] running install
[4.953s] running install_lib
[4.957s] copying /home/ros/hexapod_controller/build/hexapod_controller/build/lib/hexapod_controller/body.py -> /home/ros/hexapod_controller/install/hexapod_controller/lib/python3.10/site-packages/hexapod_controller
[4.958s] copying /home/ros/hexapod_controller/build/hexapod_controller/build/lib/hexapod_controller/inverse_kinematics.py -> /home/ros/hexapod_controller/install/hexapod_controller/lib/python3.10/site-packages/hexapod_controller
[4.959s] copying /home/ros/hexapod_controller/build/hexapod_controller/build/lib/hexapod_controller/com_settings.py -> /home/ros/hexapod_controller/install/hexapod_controller/lib/python3.10/site-packages/hexapod_controller
[4.962s] byte-compiling /home/ros/hexapod_controller/install/hexapod_controller/lib/python3.10/site-packages/hexapod_controller/body.py to body.cpython-310.pyc
[4.967s] byte-compiling /home/ros/hexapod_controller/install/hexapod_controller/lib/python3.10/site-packages/hexapod_controller/inverse_kinematics.py to inverse_kinematics.cpython-310.pyc
[4.973s] byte-compiling /home/ros/hexapod_controller/install/hexapod_controller/lib/python3.10/site-packages/hexapod_controller/com_settings.py to com_settings.cpython-310.pyc
[4.976s] running install_data
[4.978s] running install_egg_info
[4.984s] removing '/home/ros/hexapod_controller/install/hexapod_controller/lib/python3.10/site-packages/hexapod_controller-0.0.0-py3.10.egg-info' (and everything under it)
[4.986s] Copying ../../build/hexapod_controller/hexapod_controller.egg-info to /home/ros/hexapod_controller/install/hexapod_controller/lib/python3.10/site-packages/hexapod_controller-0.0.0-py3.10.egg-info
[4.992s] running install_scripts
[5.073s] Installing body_IK_node script to /home/ros/hexapod_controller/install/hexapod_controller/lib/hexapod_controller
[5.075s] writing list of installed files to '/home/ros/hexapod_controller/build/hexapod_controller/install.log'
[5.195s] Invoked command in '/home/ros/hexapod_controller/src/hexapod_controller' returned '0': PYTHONPATH=/home/ros/hexapod_controller/build/hexapod_controller/prefix_override:/home/ros/hexapod_controller/install/hexapod_controller/lib/python3.10/site-packages:${PYTHONPATH} /usr/bin/python3 setup.py egg_info --egg-base ../../build/hexapod_controller build --build-base /home/ros/hexapod_controller/build/hexapod_controller/build install --record /home/ros/hexapod_controller/build/hexapod_controller/install.log --single-version-externally-managed
