[2.712s] Invoking command in '/home/ros/hexapod_controller/src/hexapod_controller': PYTHONPATH=/home/ros/hexapod_controller/build/hexapod_controller/prefix_override:/home/ros/hexapod_controller/install/hexapod_controller/lib/python3.10/site-packages:${PYTHONPATH} /usr/bin/python3 setup.py egg_info --egg-base ../../build/hexapod_controller build --build-base /home/ros/hexapod_controller/build/hexapod_controller/build install --record /home/ros/hexapod_controller/build/hexapod_controller/install.log --single-version-externally-managed
[3.704s] running egg_info
[3.706s] creating ../../build/hexapod_controller/hexapod_controller.egg-info
[3.706s] writing ../../build/hexapod_controller/hexapod_controller.egg-info/PKG-INFO
[3.708s] writing dependency_links to ../../build/hexapod_controller/hexapod_controller.egg-info/dependency_links.txt
[3.709s] writing entry points to ../../build/hexapod_controller/hexapod_controller.egg-info/entry_points.txt
[3.709s] writing requirements to ../../build/hexapod_controller/hexapod_controller.egg-info/requires.txt
[3.710s] writing top-level names to ../../build/hexapod_controller/hexapod_controller.egg-info/top_level.txt
[3.711s] writing manifest file '../../build/hexapod_controller/hexapod_controller.egg-info/SOURCES.txt'
[3.718s] reading manifest file '../../build/hexapod_controller/hexapod_controller.egg-info/SOURCES.txt'
[3.722s] writing manifest file '../../build/hexapod_controller/hexapod_controller.egg-info/SOURCES.txt'
[3.723s] running build
[3.724s] running build_py
[3.725s] creating /home/ros/hexapod_controller/build/hexapod_controller/build
[3.726s] creating /home/ros/hexapod_controller/build/hexapod_controller/build/lib
[3.726s] creating /home/ros/hexapod_controller/build/hexapod_controller/build/lib/hexapod_controller
[3.727s] copying hexapod_controller/inverse_kinematics.py -> /home/ros/hexapod_controller/build/hexapod_controller/build/lib/hexapod_controller
[3.727s] copying hexapod_controller/__init__.py -> /home/ros/hexapod_controller/build/hexapod_controller/build/lib/hexapod_controller
[3.728s] copying hexapod_controller/body copy.py -> /home/ros/hexapod_controller/build/hexapod_controller/build/lib/hexapod_controller
[3.728s] copying hexapod_controller/body copy 2.py -> /home/ros/hexapod_controller/build/hexapod_controller/build/lib/hexapod_controller
[3.729s] copying hexapod_controller/servos.py -> /home/ros/hexapod_controller/build/hexapod_controller/build/lib/hexapod_controller
[3.730s] copying hexapod_controller/com_settings.py -> /home/ros/hexapod_controller/build/hexapod_controller/build/lib/hexapod_controller
[3.731s] copying hexapod_controller/body.py -> /home/ros/hexapod_controller/build/hexapod_controller/build/lib/hexapod_controller
[3.732s] copying hexapod_controller/legs.py -> /home/ros/hexapod_controller/build/hexapod_controller/build/lib/hexapod_controller
[3.733s] running install
[3.735s] running install_lib
[3.738s] creating /home/ros/hexapod_controller/install/hexapod_controller/lib/python3.10/site-packages/hexapod_controller
[3.739s] copying /home/ros/hexapod_controller/build/hexapod_controller/build/lib/hexapod_controller/inverse_kinematics.py -> /home/ros/hexapod_controller/install/hexapod_controller/lib/python3.10/site-packages/hexapod_controller
[3.739s] copying /home/ros/hexapod_controller/build/hexapod_controller/build/lib/hexapod_controller/__init__.py -> /home/ros/hexapod_controller/install/hexapod_controller/lib/python3.10/site-packages/hexapod_controller
[3.740s] copying /home/ros/hexapod_controller/build/hexapod_controller/build/lib/hexapod_controller/body copy.py -> /home/ros/hexapod_controller/install/hexapod_controller/lib/python3.10/site-packages/hexapod_controller
[3.741s] copying /home/ros/hexapod_controller/build/hexapod_controller/build/lib/hexapod_controller/body copy 2.py -> /home/ros/hexapod_controller/install/hexapod_controller/lib/python3.10/site-packages/hexapod_controller
[3.742s] copying /home/ros/hexapod_controller/build/hexapod_controller/build/lib/hexapod_controller/servos.py -> /home/ros/hexapod_controller/install/hexapod_controller/lib/python3.10/site-packages/hexapod_controller
[3.743s] copying /home/ros/hexapod_controller/build/hexapod_controller/build/lib/hexapod_controller/com_settings.py -> /home/ros/hexapod_controller/install/hexapod_controller/lib/python3.10/site-packages/hexapod_controller
[3.744s] copying /home/ros/hexapod_controller/build/hexapod_controller/build/lib/hexapod_controller/body.py -> /home/ros/hexapod_controller/install/hexapod_controller/lib/python3.10/site-packages/hexapod_controller
[3.745s] copying /home/ros/hexapod_controller/build/hexapod_controller/build/lib/hexapod_controller/legs.py -> /home/ros/hexapod_controller/install/hexapod_controller/lib/python3.10/site-packages/hexapod_controller
[3.748s] byte-compiling /home/ros/hexapod_controller/install/hexapod_controller/lib/python3.10/site-packages/hexapod_controller/inverse_kinematics.py to inverse_kinematics.cpython-310.pyc
[3.755s] byte-compiling /home/ros/hexapod_controller/install/hexapod_controller/lib/python3.10/site-packages/hexapod_controller/__init__.py to __init__.cpython-310.pyc
[3.756s] byte-compiling /home/ros/hexapod_controller/install/hexapod_controller/lib/python3.10/site-packages/hexapod_controller/body copy.py to body copy.cpython-310.pyc
[3.760s] byte-compiling /home/ros/hexapod_controller/install/hexapod_controller/lib/python3.10/site-packages/hexapod_controller/body copy 2.py to body copy 2.cpython-310.pyc
[3.768s] byte-compiling /home/ros/hexapod_controller/install/hexapod_controller/lib/python3.10/site-packages/hexapod_controller/servos.py to servos.cpython-310.pyc
[3.772s] byte-compiling /home/ros/hexapod_controller/install/hexapod_controller/lib/python3.10/site-packages/hexapod_controller/com_settings.py to com_settings.cpython-310.pyc
[3.774s] byte-compiling /home/ros/hexapod_controller/install/hexapod_controller/lib/python3.10/site-packages/hexapod_controller/body.py to body.cpython-310.pyc
[3.779s] byte-compiling /home/ros/hexapod_controller/install/hexapod_controller/lib/python3.10/site-packages/hexapod_controller/legs.py to legs.cpython-310.pyc
[3.783s] running install_data
[3.785s] creating /home/ros/hexapod_controller/install/hexapod_controller/share/ament_index
[3.785s] creating /home/ros/hexapod_controller/install/hexapod_controller/share/ament_index/resource_index
[3.786s] creating /home/ros/hexapod_controller/install/hexapod_controller/share/ament_index/resource_index/packages
[3.786s] copying resource/hexapod_controller -> /home/ros/hexapod_controller/install/hexapod_controller/share/ament_index/resource_index/packages
[3.787s] copying package.xml -> /home/ros/hexapod_controller/install/hexapod_controller/share/hexapod_controller
[3.787s] creating /home/ros/hexapod_controller/install/hexapod_controller/share/hexapod_controller/launch
[3.788s] copying launch/hexapod.launch.py -> /home/ros/hexapod_controller/install/hexapod_controller/share/hexapod_controller/launch/
[3.789s] running install_egg_info
[3.796s] Copying ../../build/hexapod_controller/hexapod_controller.egg-info to /home/ros/hexapod_controller/install/hexapod_controller/lib/python3.10/site-packages/hexapod_controller-0.0.0-py3.10.egg-info
[3.804s] running install_scripts
[3.887s] Installing body_IK_node script to /home/ros/hexapod_controller/install/hexapod_controller/lib/hexapod_controller
[3.888s] Installing leg_1_node script to /home/ros/hexapod_controller/install/hexapod_controller/lib/hexapod_controller
[3.889s] Installing leg_2_node script to /home/ros/hexapod_controller/install/hexapod_controller/lib/hexapod_controller
[3.890s] Installing leg_3_node script to /home/ros/hexapod_controller/install/hexapod_controller/lib/hexapod_controller
[3.890s] Installing leg_4_node script to /home/ros/hexapod_controller/install/hexapod_controller/lib/hexapod_controller
[3.891s] Installing leg_5_node script to /home/ros/hexapod_controller/install/hexapod_controller/lib/hexapod_controller
[3.892s] Installing leg_6_node script to /home/ros/hexapod_controller/install/hexapod_controller/lib/hexapod_controller
[3.894s] writing list of installed files to '/home/ros/hexapod_controller/build/hexapod_controller/install.log'
[4.027s] Invoked command in '/home/ros/hexapod_controller/src/hexapod_controller' returned '0': PYTHONPATH=/home/ros/hexapod_controller/build/hexapod_controller/prefix_override:/home/ros/hexapod_controller/install/hexapod_controller/lib/python3.10/site-packages:${PYTHONPATH} /usr/bin/python3 setup.py egg_info --egg-base ../../build/hexapod_controller build --build-base /home/ros/hexapod_controller/build/hexapod_controller/build install --record /home/ros/hexapod_controller/build/hexapod_controller/install.log --single-version-externally-managed
