[2.728s] Invoking command in '/home/ros/hexapod_controller/src/hexapod_controller': PYTHONPATH=/home/ros/hexapod_controller/build/hexapod_controller/prefix_override:/home/ros/hexapod_controller/install/hexapod_controller/lib/python3.10/site-packages:${PYTHONPATH} /usr/bin/python3 setup.py egg_info --egg-base ../../build/hexapod_controller build --build-base /home/ros/hexapod_controller/build/hexapod_controller/build install --record /home/ros/hexapod_controller/build/hexapod_controller/install.log --single-version-externally-managed
[3.728s] running egg_info
[3.730s] creating ../../build/hexapod_controller/hexapod_controller.egg-info
[3.736s] writing ../../build/hexapod_controller/hexapod_controller.egg-info/PKG-INFO
[3.737s] writing dependency_links to ../../build/hexapod_controller/hexapod_controller.egg-info/dependency_links.txt
[3.737s] writing entry points to ../../build/hexapod_controller/hexapod_controller.egg-info/entry_points.txt
[3.738s] writing requirements to ../../build/hexapod_controller/hexapod_controller.egg-info/requires.txt
[3.738s] writing top-level names to ../../build/hexapod_controller/hexapod_controller.egg-info/top_level.txt
[3.738s] writing manifest file '../../build/hexapod_controller/hexapod_controller.egg-info/SOURCES.txt'
[3.742s] reading manifest file '../../build/hexapod_controller/hexapod_controller.egg-info/SOURCES.txt'
[3.747s] writing manifest file '../../build/hexapod_controller/hexapod_controller.egg-info/SOURCES.txt'
[3.748s] running build
[3.748s] running build_py
[3.749s] creating /home/ros/hexapod_controller/build/hexapod_controller/build
[3.750s] creating /home/ros/hexapod_controller/build/hexapod_controller/build/lib
[3.750s] creating /home/ros/hexapod_controller/build/hexapod_controller/build/lib/hexapod_controller
[3.751s] copying hexapod_controller/inverse_kinematics.py -> /home/ros/hexapod_controller/build/hexapod_controller/build/lib/hexapod_controller
[3.751s] copying hexapod_controller/__init__.py -> /home/ros/hexapod_controller/build/hexapod_controller/build/lib/hexapod_controller
[3.752s] copying hexapod_controller/body copy.py -> /home/ros/hexapod_controller/build/hexapod_controller/build/lib/hexapod_controller
[3.753s] copying hexapod_controller/body copy 2.py -> /home/ros/hexapod_controller/build/hexapod_controller/build/lib/hexapod_controller
[3.754s] copying hexapod_controller/servos.py -> /home/ros/hexapod_controller/build/hexapod_controller/build/lib/hexapod_controller
[3.754s] copying hexapod_controller/com_settings.py -> /home/ros/hexapod_controller/build/hexapod_controller/build/lib/hexapod_controller
[3.755s] copying hexapod_controller/body.py -> /home/ros/hexapod_controller/build/hexapod_controller/build/lib/hexapod_controller
[3.756s] copying hexapod_controller/legs.py -> /home/ros/hexapod_controller/build/hexapod_controller/build/lib/hexapod_controller
[3.758s] running install
[3.759s] running install_lib
[3.762s] creating /home/ros/hexapod_controller/install/hexapod_controller/lib/python3.10/site-packages/hexapod_controller
[3.763s] copying /home/ros/hexapod_controller/build/hexapod_controller/build/lib/hexapod_controller/inverse_kinematics.py -> /home/ros/hexapod_controller/install/hexapod_controller/lib/python3.10/site-packages/hexapod_controller
[3.764s] copying /home/ros/hexapod_controller/build/hexapod_controller/build/lib/hexapod_controller/__init__.py -> /home/ros/hexapod_controller/install/hexapod_controller/lib/python3.10/site-packages/hexapod_controller
[3.765s] copying /home/ros/hexapod_controller/build/hexapod_controller/build/lib/hexapod_controller/body copy.py -> /home/ros/hexapod_controller/install/hexapod_controller/lib/python3.10/site-packages/hexapod_controller
[3.766s] copying /home/ros/hexapod_controller/build/hexapod_controller/build/lib/hexapod_controller/body copy 2.py -> /home/ros/hexapod_controller/install/hexapod_controller/lib/python3.10/site-packages/hexapod_controller
[3.767s] copying /home/ros/hexapod_controller/build/hexapod_controller/build/lib/hexapod_controller/servos.py -> /home/ros/hexapod_controller/install/hexapod_controller/lib/python3.10/site-packages/hexapod_controller
[3.768s] copying /home/ros/hexapod_controller/build/hexapod_controller/build/lib/hexapod_controller/com_settings.py -> /home/ros/hexapod_controller/install/hexapod_controller/lib/python3.10/site-packages/hexapod_controller
[3.769s] copying /home/ros/hexapod_controller/build/hexapod_controller/build/lib/hexapod_controller/body.py -> /home/ros/hexapod_controller/install/hexapod_controller/lib/python3.10/site-packages/hexapod_controller
[3.769s] copying /home/ros/hexapod_controller/build/hexapod_controller/build/lib/hexapod_controller/legs.py -> /home/ros/hexapod_controller/install/hexapod_controller/lib/python3.10/site-packages/hexapod_controller
[3.773s] byte-compiling /home/ros/hexapod_controller/install/hexapod_controller/lib/python3.10/site-packages/hexapod_controller/inverse_kinematics.py to inverse_kinematics.cpython-310.pyc
[3.780s] byte-compiling /home/ros/hexapod_controller/install/hexapod_controller/lib/python3.10/site-packages/hexapod_controller/__init__.py to __init__.cpython-310.pyc
[3.781s] byte-compiling /home/ros/hexapod_controller/install/hexapod_controller/lib/python3.10/site-packages/hexapod_controller/body copy.py to body copy.cpython-310.pyc
[3.785s] byte-compiling /home/ros/hexapod_controller/install/hexapod_controller/lib/python3.10/site-packages/hexapod_controller/body copy 2.py to body copy 2.cpython-310.pyc
[3.793s] byte-compiling /home/ros/hexapod_controller/install/hexapod_controller/lib/python3.10/site-packages/hexapod_controller/servos.py to servos.cpython-310.pyc
[3.798s] byte-compiling /home/ros/hexapod_controller/install/hexapod_controller/lib/python3.10/site-packages/hexapod_controller/com_settings.py to com_settings.cpython-310.pyc
[3.799s] byte-compiling /home/ros/hexapod_controller/install/hexapod_controller/lib/python3.10/site-packages/hexapod_controller/body.py to body.cpython-310.pyc
[3.804s] byte-compiling /home/ros/hexapod_controller/install/hexapod_controller/lib/python3.10/site-packages/hexapod_controller/legs.py to legs.cpython-310.pyc
[3.807s] running install_data
[3.809s] creating /home/ros/hexapod_controller/install/hexapod_controller/share/ament_index
[3.810s] creating /home/ros/hexapod_controller/install/hexapod_controller/share/ament_index/resource_index
[3.810s] creating /home/ros/hexapod_controller/install/hexapod_controller/share/ament_index/resource_index/packages
[3.811s] copying resource/hexapod_controller -> /home/ros/hexapod_controller/install/hexapod_controller/share/ament_index/resource_index/packages
[3.811s] copying package.xml -> /home/ros/hexapod_controller/install/hexapod_controller/share/hexapod_controller
[3.812s] creating /home/ros/hexapod_controller/install/hexapod_controller/share/hexapod_controller/launch
[3.813s] copying launch/hexapod.launch.py -> /home/ros/hexapod_controller/install/hexapod_controller/share/hexapod_controller/launch/
[3.813s] running install_egg_info
[3.821s] Copying ../../build/hexapod_controller/hexapod_controller.egg-info to /home/ros/hexapod_controller/install/hexapod_controller/lib/python3.10/site-packages/hexapod_controller-0.0.0-py3.10.egg-info
[3.830s] running install_scripts
[3.915s] Installing body_IK_node script to /home/ros/hexapod_controller/install/hexapod_controller/lib/hexapod_controller
[3.915s] Installing leg_1_node script to /home/ros/hexapod_controller/install/hexapod_controller/lib/hexapod_controller
[3.916s] Installing leg_2_node script to /home/ros/hexapod_controller/install/hexapod_controller/lib/hexapod_controller
[3.917s] Installing leg_3_node script to /home/ros/hexapod_controller/install/hexapod_controller/lib/hexapod_controller
[3.918s] Installing leg_4_node script to /home/ros/hexapod_controller/install/hexapod_controller/lib/hexapod_controller
[3.918s] Installing leg_5_node script to /home/ros/hexapod_controller/install/hexapod_controller/lib/hexapod_controller
[3.919s] Installing leg_6_node script to /home/ros/hexapod_controller/install/hexapod_controller/lib/hexapod_controller
[3.921s] writing list of installed files to '/home/ros/hexapod_controller/build/hexapod_controller/install.log'
[4.056s] Invoked command in '/home/ros/hexapod_controller/src/hexapod_controller' returned '0': PYTHONPATH=/home/ros/hexapod_controller/build/hexapod_controller/prefix_override:/home/ros/hexapod_controller/install/hexapod_controller/lib/python3.10/site-packages:${PYTHONPATH} /usr/bin/python3 setup.py egg_info --egg-base ../../build/hexapod_controller build --build-base /home/ros/hexapod_controller/build/hexapod_controller/build install --record /home/ros/hexapod_controller/build/hexapod_controller/install.log --single-version-externally-managed
