[2.427s] Invoking command in '/home/ros/hexapod_controller/build/hexapod_controller': PYTHONPATH=/home/ros/hexapod_controller/build/hexapod_controller/prefix_override:/home/ros/hexapod_controller/install/hexapod_controller/lib/python3.10/site-packages:${PYTHONPATH} /usr/bin/python3 setup.py develop --uninstall --editable --build-directory /home/ros/hexapod_controller/build/hexapod_controller/build
[3.411s] running develop
[3.887s] Removing /home/ros/hexapod_controller/install/hexapod_controller/lib/python3.10/site-packages/hexapod-controller.egg-link (link to .)
[4.038s] Invoked command in '/home/ros/hexapod_controller/build/hexapod_controller' returned '0': PYTHONPATH=/home/ros/hexapod_controller/build/hexapod_controller/prefix_override:/home/ros/hexapod_controller/install/hexapod_controller/lib/python3.10/site-packages:${PYTHONPATH} /usr/bin/python3 setup.py develop --uninstall --editable --build-directory /home/ros/hexapod_controller/build/hexapod_controller/build
[4.040s] Invoking command in '/home/ros/hexapod_controller/src/hexapod_controller': PYTHONPATH=/home/ros/hexapod_controller/build/hexapod_controller/prefix_override:/home/ros/hexapod_controller/install/hexapod_controller/lib/python3.10/site-packages:${PYTHONPATH} /usr/bin/python3 setup.py egg_info --egg-base ../../build/hexapod_controller build --build-base /home/ros/hexapod_controller/build/hexapod_controller/build install --record /home/ros/hexapod_controller/build/hexapod_controller/install.log --single-version-externally-managed
[4.976s] running egg_info
[4.978s] writing ../../build/hexapod_controller/hexapod_controller.egg-info/PKG-INFO
[4.980s] writing dependency_links to ../../build/hexapod_controller/hexapod_controller.egg-info/dependency_links.txt
[4.982s] writing entry points to ../../build/hexapod_controller/hexapod_controller.egg-info/entry_points.txt
[4.983s] writing requirements to ../../build/hexapod_controller/hexapod_controller.egg-info/requires.txt
[4.983s] writing top-level names to ../../build/hexapod_controller/hexapod_controller.egg-info/top_level.txt
[4.991s] reading manifest file '../../build/hexapod_controller/hexapod_controller.egg-info/SOURCES.txt'
[4.996s] writing manifest file '../../build/hexapod_controller/hexapod_controller.egg-info/SOURCES.txt'
[4.997s] running build
[4.997s] running build_py
[4.998s] copying hexapod_controller/servo_12.py -> /home/ros/hexapod_controller/build/hexapod_controller/build/lib/hexapod_controller
[4.999s] copying hexapod_controller/body.py -> /home/ros/hexapod_controller/build/hexapod_controller/build/lib/hexapod_controller
[5.000s] copying hexapod_controller/servo_6.py -> /home/ros/hexapod_controller/build/hexapod_controller/build/lib/hexapod_controller
[5.001s] copying hexapod_controller/servo_10.py -> /home/ros/hexapod_controller/build/hexapod_controller/build/lib/hexapod_controller
[5.003s] copying hexapod_controller/servo_15.py -> /home/ros/hexapod_controller/build/hexapod_controller/build/lib/hexapod_controller
[5.003s] copying hexapod_controller/servo_8.py -> /home/ros/hexapod_controller/build/hexapod_controller/build/lib/hexapod_controller
[5.004s] copying hexapod_controller/servo_18.py -> /home/ros/hexapod_controller/build/hexapod_controller/build/lib/hexapod_controller
[5.005s] copying hexapod_controller/servo_14.py -> /home/ros/hexapod_controller/build/hexapod_controller/build/lib/hexapod_controller
[5.006s] copying hexapod_controller/servo_4.py -> /home/ros/hexapod_controller/build/hexapod_controller/build/lib/hexapod_controller
[5.007s] copying hexapod_controller/servo_9.py -> /home/ros/hexapod_controller/build/hexapod_controller/build/lib/hexapod_controller
[5.009s] copying hexapod_controller/servo_16.py -> /home/ros/hexapod_controller/build/hexapod_controller/build/lib/hexapod_controller
[5.009s] copying hexapod_controller/servo_17.py -> /home/ros/hexapod_controller/build/hexapod_controller/build/lib/hexapod_controller
[5.010s] copying hexapod_controller/servo_3.py -> /home/ros/hexapod_controller/build/hexapod_controller/build/lib/hexapod_controller
[5.011s] copying hexapod_controller/servo_11.py -> /home/ros/hexapod_controller/build/hexapod_controller/build/lib/hexapod_controller
[5.012s] copying hexapod_controller/servo_5.py -> /home/ros/hexapod_controller/build/hexapod_controller/build/lib/hexapod_controller
[5.013s] copying hexapod_controller/servo_13.py -> /home/ros/hexapod_controller/build/hexapod_controller/build/lib/hexapod_controller
[5.014s] copying hexapod_controller/servo_7.py -> /home/ros/hexapod_controller/build/hexapod_controller/build/lib/hexapod_controller
[5.015s] copying hexapod_controller/servo_1.py -> /home/ros/hexapod_controller/build/hexapod_controller/build/lib/hexapod_controller
[5.016s] copying hexapod_controller/servo_2.py -> /home/ros/hexapod_controller/build/hexapod_controller/build/lib/hexapod_controller
[5.016s] copying hexapod_controller/com_settings.py -> /home/ros/hexapod_controller/build/hexapod_controller/build/lib/hexapod_controller
[5.019s] running install
[5.021s] running install_lib
[5.024s] creating /home/ros/hexapod_controller/install/hexapod_controller/lib/python3.10/site-packages/hexapod_controller
[5.025s] copying /home/ros/hexapod_controller/build/hexapod_controller/build/lib/hexapod_controller/servo_12.py -> /home/ros/hexapod_controller/install/hexapod_controller/lib/python3.10/site-packages/hexapod_controller
[5.026s] copying /home/ros/hexapod_controller/build/hexapod_controller/build/lib/hexapod_controller/body.py -> /home/ros/hexapod_controller/install/hexapod_controller/lib/python3.10/site-packages/hexapod_controller
[5.026s] copying /home/ros/hexapod_controller/build/hexapod_controller/build/lib/hexapod_controller/servo_6.py -> /home/ros/hexapod_controller/install/hexapod_controller/lib/python3.10/site-packages/hexapod_controller
[5.027s] copying /home/ros/hexapod_controller/build/hexapod_controller/build/lib/hexapod_controller/servo_10.py -> /home/ros/hexapod_controller/install/hexapod_controller/lib/python3.10/site-packages/hexapod_controller
[5.028s] copying /home/ros/hexapod_controller/build/hexapod_controller/build/lib/hexapod_controller/inverse_kinematics.py -> /home/ros/hexapod_controller/install/hexapod_controller/lib/python3.10/site-packages/hexapod_controller
[5.029s] copying /home/ros/hexapod_controller/build/hexapod_controller/build/lib/hexapod_controller/servo_15.py -> /home/ros/hexapod_controller/install/hexapod_controller/lib/python3.10/site-packages/hexapod_controller
[5.030s] copying /home/ros/hexapod_controller/build/hexapod_controller/build/lib/hexapod_controller/servo_8.py -> /home/ros/hexapod_controller/install/hexapod_controller/lib/python3.10/site-packages/hexapod_controller
[5.031s] copying /home/ros/hexapod_controller/build/hexapod_controller/build/lib/hexapod_controller/servo_18.py -> /home/ros/hexapod_controller/install/hexapod_controller/lib/python3.10/site-packages/hexapod_controller
[5.032s] copying /home/ros/hexapod_controller/build/hexapod_controller/build/lib/hexapod_controller/servo_14.py -> /home/ros/hexapod_controller/install/hexapod_controller/lib/python3.10/site-packages/hexapod_controller
[5.033s] copying /home/ros/hexapod_controller/build/hexapod_controller/build/lib/hexapod_controller/body copy.py -> /home/ros/hexapod_controller/install/hexapod_controller/lib/python3.10/site-packages/hexapod_controller
[5.034s] copying /home/ros/hexapod_controller/build/hexapod_controller/build/lib/hexapod_controller/servo_4.py -> /home/ros/hexapod_controller/install/hexapod_controller/lib/python3.10/site-packages/hexapod_controller
[5.035s] copying /home/ros/hexapod_controller/build/hexapod_controller/build/lib/hexapod_controller/servo_9.py -> /home/ros/hexapod_controller/install/hexapod_controller/lib/python3.10/site-packages/hexapod_controller
[5.036s] copying /home/ros/hexapod_controller/build/hexapod_controller/build/lib/hexapod_controller/__init__.py -> /home/ros/hexapod_controller/install/hexapod_controller/lib/python3.10/site-packages/hexapod_controller
[5.037s] copying /home/ros/hexapod_controller/build/hexapod_controller/build/lib/hexapod_controller/body copy 2.py -> /home/ros/hexapod_controller/install/hexapod_controller/lib/python3.10/site-packages/hexapod_controller
[5.038s] copying /home/ros/hexapod_controller/build/hexapod_controller/build/lib/hexapod_controller/servo_16.py -> /home/ros/hexapod_controller/install/hexapod_controller/lib/python3.10/site-packages/hexapod_controller
[5.046s] copying /home/ros/hexapod_controller/build/hexapod_controller/build/lib/hexapod_controller/servo_17.py -> /home/ros/hexapod_controller/install/hexapod_controller/lib/python3.10/site-packages/hexapod_controller
[5.047s] copying /home/ros/hexapod_controller/build/hexapod_controller/build/lib/hexapod_controller/servo_3.py -> /home/ros/hexapod_controller/install/hexapod_controller/lib/python3.10/site-packages/hexapod_controller
[5.048s] copying /home/ros/hexapod_controller/build/hexapod_controller/build/lib/hexapod_controller/servo_11.py -> /home/ros/hexapod_controller/install/hexapod_controller/lib/python3.10/site-packages/hexapod_controller
[5.048s] copying /home/ros/hexapod_controller/build/hexapod_controller/build/lib/hexapod_controller/servo_5.py -> /home/ros/hexapod_controller/install/hexapod_controller/lib/python3.10/site-packages/hexapod_controller
[5.049s] copying /home/ros/hexapod_controller/build/hexapod_controller/build/lib/hexapod_controller/servo_13.py -> /home/ros/hexapod_controller/install/hexapod_controller/lib/python3.10/site-packages/hexapod_controller
[5.050s] copying /home/ros/hexapod_controller/build/hexapod_controller/build/lib/hexapod_controller/servo_7.py -> /home/ros/hexapod_controller/install/hexapod_controller/lib/python3.10/site-packages/hexapod_controller
[5.050s] copying /home/ros/hexapod_controller/build/hexapod_controller/build/lib/hexapod_controller/servo_1.py -> /home/ros/hexapod_controller/install/hexapod_controller/lib/python3.10/site-packages/hexapod_controller
[5.051s] copying /home/ros/hexapod_controller/build/hexapod_controller/build/lib/hexapod_controller/servo_2.py -> /home/ros/hexapod_controller/install/hexapod_controller/lib/python3.10/site-packages/hexapod_controller
[5.052s] copying /home/ros/hexapod_controller/build/hexapod_controller/build/lib/hexapod_controller/com_settings.py -> /home/ros/hexapod_controller/install/hexapod_controller/lib/python3.10/site-packages/hexapod_controller
[5.052s] byte-compiling /home/ros/hexapod_controller/install/hexapod_controller/lib/python3.10/site-packages/hexapod_controller/servo_12.py to servo_12.cpython-310.pyc
[5.053s] byte-compiling /home/ros/hexapod_controller/install/hexapod_controller/lib/python3.10/site-packages/hexapod_controller/body.py to body.cpython-310.pyc
[5.057s] byte-compiling /home/ros/hexapod_controller/install/hexapod_controller/lib/python3.10/site-packages/hexapod_controller/servo_6.py to servo_6.cpython-310.pyc
[5.059s] byte-compiling /home/ros/hexapod_controller/install/hexapod_controller/lib/python3.10/site-packages/hexapod_controller/servo_10.py to servo_10.cpython-310.pyc
[5.061s] byte-compiling /home/ros/hexapod_controller/install/hexapod_controller/lib/python3.10/site-packages/hexapod_controller/inverse_kinematics.py to inverse_kinematics.cpython-310.pyc
[5.067s] byte-compiling /home/ros/hexapod_controller/install/hexapod_controller/lib/python3.10/site-packages/hexapod_controller/servo_15.py to servo_15.cpython-310.pyc
[5.069s] byte-compiling /home/ros/hexapod_controller/install/hexapod_controller/lib/python3.10/site-packages/hexapod_controller/servo_8.py to servo_8.cpython-310.pyc
[5.071s] byte-compiling /home/ros/hexapod_controller/install/hexapod_controller/lib/python3.10/site-packages/hexapod_controller/servo_18.py to servo_18.cpython-310.pyc
[5.074s] byte-compiling /home/ros/hexapod_controller/install/hexapod_controller/lib/python3.10/site-packages/hexapod_controller/servo_14.py to servo_14.cpython-310.pyc
[5.076s] byte-compiling /home/ros/hexapod_controller/install/hexapod_controller/lib/python3.10/site-packages/hexapod_controller/body copy.py to body copy.cpython-310.pyc
[5.082s] byte-compiling /home/ros/hexapod_controller/install/hexapod_controller/lib/python3.10/site-packages/hexapod_controller/servo_4.py to servo_4.cpython-310.pyc
[5.083s] byte-compiling /home/ros/hexapod_controller/install/hexapod_controller/lib/python3.10/site-packages/hexapod_controller/servo_9.py to servo_9.cpython-310.pyc
[5.086s] byte-compiling /home/ros/hexapod_controller/install/hexapod_controller/lib/python3.10/site-packages/hexapod_controller/__init__.py to __init__.cpython-310.pyc
[5.087s] byte-compiling /home/ros/hexapod_controller/install/hexapod_controller/lib/python3.10/site-packages/hexapod_controller/body copy 2.py to body copy 2.cpython-310.pyc
[5.095s] byte-compiling /home/ros/hexapod_controller/install/hexapod_controller/lib/python3.10/site-packages/hexapod_controller/servo_16.py to servo_16.cpython-310.pyc
[5.098s] byte-compiling /home/ros/hexapod_controller/install/hexapod_controller/lib/python3.10/site-packages/hexapod_controller/servo_17.py to servo_17.cpython-310.pyc
[5.100s] byte-compiling /home/ros/hexapod_controller/install/hexapod_controller/lib/python3.10/site-packages/hexapod_controller/servo_3.py to servo_3.cpython-310.pyc
[5.102s] byte-compiling /home/ros/hexapod_controller/install/hexapod_controller/lib/python3.10/site-packages/hexapod_controller/servo_11.py to servo_11.cpython-310.pyc
[5.105s] byte-compiling /home/ros/hexapod_controller/install/hexapod_controller/lib/python3.10/site-packages/hexapod_controller/servo_5.py to servo_5.cpython-310.pyc
[5.107s] byte-compiling /home/ros/hexapod_controller/install/hexapod_controller/lib/python3.10/site-packages/hexapod_controller/servo_13.py to servo_13.cpython-310.pyc
[5.110s] byte-compiling /home/ros/hexapod_controller/install/hexapod_controller/lib/python3.10/site-packages/hexapod_controller/servo_7.py to servo_7.cpython-310.pyc
[5.112s] byte-compiling /home/ros/hexapod_controller/install/hexapod_controller/lib/python3.10/site-packages/hexapod_controller/servo_1.py to servo_1.cpython-310.pyc
[5.115s] byte-compiling /home/ros/hexapod_controller/install/hexapod_controller/lib/python3.10/site-packages/hexapod_controller/servo_2.py to servo_2.cpython-310.pyc
[5.117s] byte-compiling /home/ros/hexapod_controller/install/hexapod_controller/lib/python3.10/site-packages/hexapod_controller/com_settings.py to com_settings.cpython-310.pyc
[5.120s] running install_data
[5.123s] creating /home/ros/hexapod_controller/install/hexapod_controller/share/hexapod_controller/launch
[5.124s] copying launch/hexapod.launch.py -> /home/ros/hexapod_controller/install/hexapod_controller/share/hexapod_controller/launch/
[5.125s] running install_egg_info
[5.132s] Copying ../../build/hexapod_controller/hexapod_controller.egg-info to /home/ros/hexapod_controller/install/hexapod_controller/lib/python3.10/site-packages/hexapod_controller-0.0.0-py3.10.egg-info
[5.141s] running install_scripts
[5.229s] Installing body_IK_node script to /home/ros/hexapod_controller/install/hexapod_controller/lib/hexapod_controller
[5.230s] Installing servo_10_node script to /home/ros/hexapod_controller/install/hexapod_controller/lib/hexapod_controller
[5.230s] Installing servo_12_node script to /home/ros/hexapod_controller/install/hexapod_controller/lib/hexapod_controller
[5.231s] Installing servo_13_node script to /home/ros/hexapod_controller/install/hexapod_controller/lib/hexapod_controller
[5.232s] Installing servo_14_node script to /home/ros/hexapod_controller/install/hexapod_controller/lib/hexapod_controller
[5.233s] Installing servo_15_node script to /home/ros/hexapod_controller/install/hexapod_controller/lib/hexapod_controller
[5.234s] Installing servo_16_node script to /home/ros/hexapod_controller/install/hexapod_controller/lib/hexapod_controller
[5.234s] Installing servo_17_node script to /home/ros/hexapod_controller/install/hexapod_controller/lib/hexapod_controller
[5.236s] Installing servo_18_node script to /home/ros/hexapod_controller/install/hexapod_controller/lib/hexapod_controller
[5.237s] Installing servo_1_node script to /home/ros/hexapod_controller/install/hexapod_controller/lib/hexapod_controller
[5.238s] Installing servo_2_node script to /home/ros/hexapod_controller/install/hexapod_controller/lib/hexapod_controller
[5.238s] Installing servo_3_node script to /home/ros/hexapod_controller/install/hexapod_controller/lib/hexapod_controller
[5.245s] Installing servo_4_node script to /home/ros/hexapod_controller/install/hexapod_controller/lib/hexapod_controller
[5.249s] Installing servo_5_node script to /home/ros/hexapod_controller/install/hexapod_controller/lib/hexapod_controller
[5.250s] Installing servo_6_node script to /home/ros/hexapod_controller/install/hexapod_controller/lib/hexapod_controller
[5.252s] Installing servo_7_node script to /home/ros/hexapod_controller/install/hexapod_controller/lib/hexapod_controller
[5.254s] Installing servo_8_node script to /home/ros/hexapod_controller/install/hexapod_controller/lib/hexapod_controller
[5.255s] Installing servo_9_node script to /home/ros/hexapod_controller/install/hexapod_controller/lib/hexapod_controller
[5.256s] writing list of installed files to '/home/ros/hexapod_controller/build/hexapod_controller/install.log'
[5.389s] Invoked command in '/home/ros/hexapod_controller/src/hexapod_controller' returned '0': PYTHONPATH=/home/ros/hexapod_controller/build/hexapod_controller/prefix_override:/home/ros/hexapod_controller/install/hexapod_controller/lib/python3.10/site-packages:${PYTHONPATH} /usr/bin/python3 setup.py egg_info --egg-base ../../build/hexapod_controller build --build-base /home/ros/hexapod_controller/build/hexapod_controller/build install --record /home/ros/hexapod_controller/build/hexapod_controller/install.log --single-version-externally-managed
