[1.261s] DEBUG:colcon:Command line arguments: ['/usr/bin/colcon', 'build', '--packages-select', 'hexapod_controller_interfaces']
[1.261s] DEBUG:colcon:Parsed command line arguments: Namespace(log_base=None, log_level=None, verb_name='build', build_base='build', install_base='install', merge_install=False, symlink_install=False, test_result_base=None, continue_on_error=False, executor='parallel', parallel_workers=4, event_handlers=None, ignore_user_meta=False, metas=['./colcon.meta'], base_paths=['.'], packages_ignore=None, packages_ignore_regex=None, paths=None, packages_up_to=None, packages_up_to_regex=None, packages_above=None, packages_above_and_dependencies=None, packages_above_depth=None, packages_select_by_dep=None, packages_skip_by_dep=None, packages_skip_up_to=None, packages_select_build_failed=False, packages_skip_build_finished=False, packages_select_test_failures=False, packages_skip_test_passed=False, packages_select=['hexapod_controller_interfaces'], packages_skip=None, packages_select_regex=None, packages_skip_regex=None, packages_start=None, packages_end=None, cmake_args=None, cmake_target=None, cmake_target_skip_unavailable=False, cmake_clean_cache=False, cmake_clean_first=False, cmake_force_configure=False, ament_cmake_args=None, catkin_cmake_args=None, catkin_skip_building_tests=False, mixin_files=None, mixin=None, verb_parser=<colcon_mixin.mixin.mixin_argument.MixinArgumentDecorator object at 0xffff8a5b37f0>, verb_extension=<colcon_core.verb.build.BuildVerb object at 0xffff8a5b3160>, main=<bound method BuildVerb.main of <colcon_core.verb.build.BuildVerb object at 0xffff8a5b3160>>, mixin_verb=('build',))
[1.396s] Level 1:colcon.colcon_core.package_discovery:discover_packages(colcon_meta) check parameters
[1.399s] INFO:colcon.colcon_metadata.package_discovery.colcon_meta:Using configuration from '/root/.colcon/metadata/default/Gazebo.meta'
[1.401s] INFO:colcon.colcon_metadata.package_discovery.colcon_meta:Using configuration from '/root/.colcon/metadata/default/fastrtps.meta'
[1.402s] Level 1:colcon.colcon_core.package_discovery:discover_packages(recursive) check parameters
[1.402s] Level 1:colcon.colcon_core.package_discovery:discover_packages(ignore) check parameters
[1.402s] Level 1:colcon.colcon_core.package_discovery:discover_packages(path) check parameters
[1.402s] Level 1:colcon.colcon_core.package_discovery:discover_packages(colcon_meta) discover
[1.402s] Level 1:colcon.colcon_core.package_discovery:discover_packages(recursive) discover
[1.402s] INFO:colcon.colcon_core.package_discovery:Crawling recursively for packages in '/home/ros/hexapod_controller'
[1.403s] Level 1:colcon.colcon_core.package_identification:_identify(.) by extensions ['ignore', 'ignore_ament_install']
[1.403s] Level 1:colcon.colcon_core.package_identification:_identify(.) by extension 'ignore'
[1.404s] Level 1:colcon.colcon_core.package_identification:_identify(.) by extension 'ignore_ament_install'
[1.404s] Level 1:colcon.colcon_core.package_identification:_identify(.) by extensions ['colcon_pkg']
[1.404s] Level 1:colcon.colcon_core.package_identification:_identify(.) by extension 'colcon_pkg'
[1.404s] Level 1:colcon.colcon_core.package_identification:_identify(.) by extensions ['colcon_meta']
[1.404s] Level 1:colcon.colcon_core.package_identification:_identify(.) by extension 'colcon_meta'
[1.404s] Level 1:colcon.colcon_core.package_identification:_identify(.) by extensions ['ros']
[1.404s] Level 1:colcon.colcon_core.package_identification:_identify(.) by extension 'ros'
[1.452s] Level 1:colcon.colcon_core.package_identification:_identify(.) by extensions ['cmake', 'python']
[1.452s] Level 1:colcon.colcon_core.package_identification:_identify(.) by extension 'cmake'
[1.453s] Level 1:colcon.colcon_core.package_identification:_identify(.) by extension 'python'
[1.453s] Level 1:colcon.colcon_core.package_identification:_identify(.) by extensions ['python_setup_py']
[1.453s] Level 1:colcon.colcon_core.package_identification:_identify(.) by extension 'python_setup_py'
[1.453s] Level 1:colcon.colcon_core.package_identification:_identify(build) by extensions ['ignore', 'ignore_ament_install']
[1.454s] Level 1:colcon.colcon_core.package_identification:_identify(build) by extension 'ignore'
[1.454s] Level 1:colcon.colcon_core.package_identification:_identify(build) ignored
[1.455s] Level 1:colcon.colcon_core.package_identification:_identify(install) by extensions ['ignore', 'ignore_ament_install']
[1.455s] Level 1:colcon.colcon_core.package_identification:_identify(install) by extension 'ignore'
[1.455s] Level 1:colcon.colcon_core.package_identification:_identify(install) ignored
[1.456s] Level 1:colcon.colcon_core.package_identification:_identify(log) by extensions ['ignore', 'ignore_ament_install']
[1.457s] Level 1:colcon.colcon_core.package_identification:_identify(log) by extension 'ignore'
[1.457s] Level 1:colcon.colcon_core.package_identification:_identify(log) ignored
[1.457s] Level 1:colcon.colcon_core.package_identification:_identify(src) by extensions ['ignore', 'ignore_ament_install']
[1.458s] Level 1:colcon.colcon_core.package_identification:_identify(src) by extension 'ignore'
[1.458s] Level 1:colcon.colcon_core.package_identification:_identify(src) by extension 'ignore_ament_install'
[1.458s] Level 1:colcon.colcon_core.package_identification:_identify(src) by extensions ['colcon_pkg']
[1.458s] Level 1:colcon.colcon_core.package_identification:_identify(src) by extension 'colcon_pkg'
[1.458s] Level 1:colcon.colcon_core.package_identification:_identify(src) by extensions ['colcon_meta']
[1.459s] Level 1:colcon.colcon_core.package_identification:_identify(src) by extension 'colcon_meta'
[1.459s] Level 1:colcon.colcon_core.package_identification:_identify(src) by extensions ['ros']
[1.459s] Level 1:colcon.colcon_core.package_identification:_identify(src) by extension 'ros'
[1.459s] Level 1:colcon.colcon_core.package_identification:_identify(src) by extensions ['cmake', 'python']
[1.459s] Level 1:colcon.colcon_core.package_identification:_identify(src) by extension 'cmake'
[1.460s] Level 1:colcon.colcon_core.package_identification:_identify(src) by extension 'python'
[1.460s] Level 1:colcon.colcon_core.package_identification:_identify(src) by extensions ['python_setup_py']
[1.460s] Level 1:colcon.colcon_core.package_identification:_identify(src) by extension 'python_setup_py'
[1.460s] Level 1:colcon.colcon_core.package_identification:_identify(src/hexapod_controller) by extensions ['ignore', 'ignore_ament_install']
[1.461s] Level 1:colcon.colcon_core.package_identification:_identify(src/hexapod_controller) by extension 'ignore'
[1.461s] Level 1:colcon.colcon_core.package_identification:_identify(src/hexapod_controller) by extension 'ignore_ament_install'
[1.461s] Level 1:colcon.colcon_core.package_identification:_identify(src/hexapod_controller) by extensions ['colcon_pkg']
[1.461s] Level 1:colcon.colcon_core.package_identification:_identify(src/hexapod_controller) by extension 'colcon_pkg'
[1.462s] Level 1:colcon.colcon_core.package_identification:_identify(src/hexapod_controller) by extensions ['colcon_meta']
[1.462s] Level 1:colcon.colcon_core.package_identification:_identify(src/hexapod_controller) by extension 'colcon_meta'
[1.462s] Level 1:colcon.colcon_core.package_identification:_identify(src/hexapod_controller) by extensions ['ros']
[1.462s] Level 1:colcon.colcon_core.package_identification:_identify(src/hexapod_controller) by extension 'ros'
[1.472s] DEBUG:colcon.colcon_core.package_identification:Package 'src/hexapod_controller' with type 'ros.ament_python' and name 'hexapod_controller'
[1.473s] Level 1:colcon.colcon_core.package_identification:_identify(src/hexapod_controller_interfaces) by extensions ['ignore', 'ignore_ament_install']
[1.473s] Level 1:colcon.colcon_core.package_identification:_identify(src/hexapod_controller_interfaces) by extension 'ignore'
[1.474s] Level 1:colcon.colcon_core.package_identification:_identify(src/hexapod_controller_interfaces) by extension 'ignore_ament_install'
[1.474s] Level 1:colcon.colcon_core.package_identification:_identify(src/hexapod_controller_interfaces) by extensions ['colcon_pkg']
[1.474s] Level 1:colcon.colcon_core.package_identification:_identify(src/hexapod_controller_interfaces) by extension 'colcon_pkg'
[1.474s] Level 1:colcon.colcon_core.package_identification:_identify(src/hexapod_controller_interfaces) by extensions ['colcon_meta']
[1.474s] Level 1:colcon.colcon_core.package_identification:_identify(src/hexapod_controller_interfaces) by extension 'colcon_meta'
[1.475s] Level 1:colcon.colcon_core.package_identification:_identify(src/hexapod_controller_interfaces) by extensions ['ros']
[1.475s] Level 1:colcon.colcon_core.package_identification:_identify(src/hexapod_controller_interfaces) by extension 'ros'
[1.477s] DEBUG:colcon.colcon_core.package_identification:Package 'src/hexapod_controller_interfaces' with type 'ros.ament_cmake' and name 'hexapod_controller_interfaces'
[1.477s] Level 1:colcon.colcon_core.package_discovery:discover_packages(recursive) using defaults
[1.477s] Level 1:colcon.colcon_core.package_discovery:discover_packages(ignore) discover
[1.478s] Level 1:colcon.colcon_core.package_discovery:discover_packages(ignore) using defaults
[1.478s] Level 1:colcon.colcon_core.package_discovery:discover_packages(path) discover
[1.478s] Level 1:colcon.colcon_core.package_discovery:discover_packages(path) using defaults
[1.568s] INFO:colcon.colcon_core.package_selection:Skipping not selected package 'hexapod_controller' in 'src/hexapod_controller'
[1.572s] Level 5:colcon.colcon_core.verb:set package 'hexapod_controller_interfaces' build argument 'cmake_args' from command line to 'None'
[1.572s] Level 5:colcon.colcon_core.verb:set package 'hexapod_controller_interfaces' build argument 'cmake_target' from command line to 'None'
[1.572s] Level 5:colcon.colcon_core.verb:set package 'hexapod_controller_interfaces' build argument 'cmake_target_skip_unavailable' from command line to 'False'
[1.572s] Level 5:colcon.colcon_core.verb:set package 'hexapod_controller_interfaces' build argument 'cmake_clean_cache' from command line to 'False'
[1.572s] Level 5:colcon.colcon_core.verb:set package 'hexapod_controller_interfaces' build argument 'cmake_clean_first' from command line to 'False'
[1.573s] Level 5:colcon.colcon_core.verb:set package 'hexapod_controller_interfaces' build argument 'cmake_force_configure' from command line to 'False'
[1.573s] Level 5:colcon.colcon_core.verb:set package 'hexapod_controller_interfaces' build argument 'ament_cmake_args' from command line to 'None'
[1.573s] Level 5:colcon.colcon_core.verb:set package 'hexapod_controller_interfaces' build argument 'catkin_cmake_args' from command line to 'None'
[1.573s] Level 5:colcon.colcon_core.verb:set package 'hexapod_controller_interfaces' build argument 'catkin_skip_building_tests' from command line to 'False'
[1.573s] DEBUG:colcon.colcon_core.verb:Building package 'hexapod_controller_interfaces' with the following arguments: {'ament_cmake_args': None, 'build_base': '/home/ros/hexapod_controller/build/hexapod_controller_interfaces', 'catkin_cmake_args': None, 'catkin_skip_building_tests': False, 'cmake_args': None, 'cmake_clean_cache': False, 'cmake_clean_first': False, 'cmake_force_configure': False, 'cmake_target': None, 'cmake_target_skip_unavailable': False, 'install_base': '/home/ros/hexapod_controller/install/hexapod_controller_interfaces', 'merge_install': False, 'path': '/home/ros/hexapod_controller/src/hexapod_controller_interfaces', 'symlink_install': False, 'test_result_base': None}
[1.575s] INFO:colcon.colcon_core.executor:Executing jobs using 'parallel' executor
[1.587s] DEBUG:colcon.colcon_parallel_executor.executor.parallel:run_until_complete
[1.588s] INFO:colcon.colcon_ros.task.ament_cmake.build:Building ROS package in '/home/ros/hexapod_controller/src/hexapod_controller_interfaces' with build type 'ament_cmake'
[1.589s] INFO:colcon.colcon_cmake.task.cmake.build:Building CMake package in '/home/ros/hexapod_controller/src/hexapod_controller_interfaces'
[1.610s] INFO:colcon.colcon_core.plugin_system:Skipping extension 'colcon_core.shell.bat': Not used on non-Windows systems
[1.611s] INFO:colcon.colcon_core.shell:Skip shell extension 'powershell' for command environment: Not usable outside of PowerShell
[1.612s] DEBUG:colcon.colcon_core.shell:Skip shell extension 'dsv' for command environment
[1.660s] DEBUG:colcon.colcon_core.event_handler.log_command:Invoking command in '/home/ros/hexapod_controller/build/hexapod_controller_interfaces': CMAKE_PREFIX_PATH=${CMAKE_PREFIX_PATH}:/home/ros/hexapod_controller/install/hexapod_controller:/opt/ros/humble /usr/bin/cmake --build /home/ros/hexapod_controller/build/hexapod_controller_interfaces -- -j4 -l4
[2.071s] DEBUG:colcon.colcon_core.event_handler.log_command:Invoked command in '/home/ros/hexapod_controller/build/hexapod_controller_interfaces' returned '2': CMAKE_PREFIX_PATH=${CMAKE_PREFIX_PATH}:/home/ros/hexapod_controller/install/hexapod_controller:/opt/ros/humble /usr/bin/cmake --build /home/ros/hexapod_controller/build/hexapod_controller_interfaces -- -j4 -l4
[2.431s] Level 1:colcon.colcon_core.environment:create_environment_scripts_only(hexapod_controller_interfaces)
[2.453s] Level 1:colcon.colcon_core.environment:checking '/home/ros/hexapod_controller/install/hexapod_controller_interfaces' for CMake module files
[2.457s] Level 1:colcon.colcon_core.environment:checking '/home/ros/hexapod_controller/install/hexapod_controller_interfaces' for CMake config files
[2.463s] Level 1:colcon.colcon_core.shell:create_environment_hook('hexapod_controller_interfaces', 'cmake_prefix_path')
[2.468s] INFO:colcon.colcon_core.shell:Creating environment hook '/home/ros/hexapod_controller/install/hexapod_controller_interfaces/share/hexapod_controller_interfaces/hook/cmake_prefix_path.ps1'
[2.470s] INFO:colcon.colcon_core.shell:Creating environment descriptor '/home/ros/hexapod_controller/install/hexapod_controller_interfaces/share/hexapod_controller_interfaces/hook/cmake_prefix_path.dsv'
[2.472s] INFO:colcon.colcon_core.shell:Creating environment hook '/home/ros/hexapod_controller/install/hexapod_controller_interfaces/share/hexapod_controller_interfaces/hook/cmake_prefix_path.sh'
[2.476s] Level 1:colcon.colcon_core.environment:checking '/home/ros/hexapod_controller/install/hexapod_controller_interfaces/lib'
[2.477s] Level 1:colcon.colcon_core.shell:create_environment_hook('hexapod_controller_interfaces', 'ld_library_path_lib')
[2.482s] INFO:colcon.colcon_core.shell:Creating environment hook '/home/ros/hexapod_controller/install/hexapod_controller_interfaces/share/hexapod_controller_interfaces/hook/ld_library_path_lib.ps1'
[2.485s] INFO:colcon.colcon_core.shell:Creating environment descriptor '/home/ros/hexapod_controller/install/hexapod_controller_interfaces/share/hexapod_controller_interfaces/hook/ld_library_path_lib.dsv'
[2.486s] INFO:colcon.colcon_core.shell:Creating environment hook '/home/ros/hexapod_controller/install/hexapod_controller_interfaces/share/hexapod_controller_interfaces/hook/ld_library_path_lib.sh'
[2.488s] Level 1:colcon.colcon_core.environment:checking '/home/ros/hexapod_controller/install/hexapod_controller_interfaces/bin'
[2.489s] Level 1:colcon.colcon_core.environment:checking '/home/ros/hexapod_controller/install/hexapod_controller_interfaces/lib/pkgconfig/hexapod_controller_interfaces.pc'
[2.493s] Level 1:colcon.colcon_core.environment:checking '/home/ros/hexapod_controller/install/hexapod_controller_interfaces/lib/python3.10/site-packages'
[2.494s] Level 1:colcon.colcon_core.environment:checking '/home/ros/hexapod_controller/install/hexapod_controller_interfaces/bin'
[2.501s] INFO:colcon.colcon_core.shell:Creating package script '/home/ros/hexapod_controller/install/hexapod_controller_interfaces/share/hexapod_controller_interfaces/package.ps1'
[2.504s] INFO:colcon.colcon_core.shell:Creating package descriptor '/home/ros/hexapod_controller/install/hexapod_controller_interfaces/share/hexapod_controller_interfaces/package.dsv'
[2.507s] INFO:colcon.colcon_core.shell:Creating package script '/home/ros/hexapod_controller/install/hexapod_controller_interfaces/share/hexapod_controller_interfaces/package.sh'
[2.515s] INFO:colcon.colcon_core.shell:Creating package script '/home/ros/hexapod_controller/install/hexapod_controller_interfaces/share/hexapod_controller_interfaces/package.bash'
[2.518s] INFO:colcon.colcon_core.shell:Creating package script '/home/ros/hexapod_controller/install/hexapod_controller_interfaces/share/hexapod_controller_interfaces/package.zsh'
[2.522s] Level 1:colcon.colcon_core.environment:create_file_with_runtime_dependencies(/home/ros/hexapod_controller/install/hexapod_controller_interfaces/share/colcon-core/packages/hexapod_controller_interfaces)
[2.533s] DEBUG:colcon.colcon_parallel_executor.executor.parallel:closing loop
[2.534s] DEBUG:colcon.colcon_parallel_executor.executor.parallel:loop closed
[2.534s] DEBUG:colcon.colcon_parallel_executor.executor.parallel:run_until_complete finished with '2'
[2.535s] DEBUG:colcon.colcon_core.event_reactor:joining thread
[2.562s] INFO:colcon.colcon_core.plugin_system:Skipping extension 'colcon_notification.desktop_notification.notify_send': Could not find 'notify-send'
[2.563s] INFO:colcon.colcon_core.plugin_system:Skipping extension 'colcon_notification.desktop_notification.terminal_notifier': Not used on non-Darwin systems
[2.563s] INFO:colcon.colcon_core.plugin_system:Skipping extension 'colcon_notification.desktop_notification.win32': Not used on non-Windows systems
[2.563s] INFO:colcon.colcon_notification.desktop_notification:Sending desktop notification using 'notify2'
[2.564s] DEBUG:colcon.colcon_notification.desktop_notification.notify2:Failed to initialize notify2: org.freedesktop.DBus.Error.NotSupported: Unable to autolaunch a dbus-daemon without a $DISPLAY for X11
[2.564s] DEBUG:colcon.colcon_core.event_reactor:joined thread
[2.569s] INFO:colcon.colcon_core.shell:Creating prefix script '/home/ros/hexapod_controller/install/local_setup.ps1'
[2.573s] INFO:colcon.colcon_core.shell:Creating prefix util module '/home/ros/hexapod_controller/install/_local_setup_util_ps1.py'
[2.581s] INFO:colcon.colcon_core.shell:Creating prefix chain script '/home/ros/hexapod_controller/install/setup.ps1'
[2.587s] INFO:colcon.colcon_core.shell:Creating prefix script '/home/ros/hexapod_controller/install/local_setup.sh'
[2.589s] INFO:colcon.colcon_core.shell:Creating prefix util module '/home/ros/hexapod_controller/install/_local_setup_util_sh.py'
[2.592s] INFO:colcon.colcon_core.shell:Creating prefix chain script '/home/ros/hexapod_controller/install/setup.sh'
[2.598s] INFO:colcon.colcon_core.shell:Creating prefix script '/home/ros/hexapod_controller/install/local_setup.bash'
[2.600s] INFO:colcon.colcon_core.shell:Creating prefix chain script '/home/ros/hexapod_controller/install/setup.bash'
[2.606s] INFO:colcon.colcon_core.shell:Creating prefix script '/home/ros/hexapod_controller/install/local_setup.zsh'
[2.608s] INFO:colcon.colcon_core.shell:Creating prefix chain script '/home/ros/hexapod_controller/install/setup.zsh'
