[2.462s] Invoking command in '/home/ros/hexapod_controller/build/hexapod_controller': PYTHONPATH=/home/ros/hexapod_controller/build/hexapod_controller/prefix_override:/home/ros/hexapod_controller/install/hexapod_controller/lib/python3.10/site-packages:${PYTHONPATH} /usr/bin/python3 setup.py develop --uninstall --editable --build-directory /home/ros/hexapod_controller/build/hexapod_controller/build
[3.444s] running develop
[3.896s] Removing /home/ros/hexapod_controller/install/hexapod_controller/lib/python3.10/site-packages/hexapod-controller.egg-link (link to .)
[4.027s] Invoked command in '/home/ros/hexapod_controller/build/hexapod_controller' returned '0': PYTHONPATH=/home/ros/hexapod_controller/build/hexapod_controller/prefix_override:/home/ros/hexapod_controller/install/hexapod_controller/lib/python3.10/site-packages:${PYTHONPATH} /usr/bin/python3 setup.py develop --uninstall --editable --build-directory /home/ros/hexapod_controller/build/hexapod_controller/build
[4.039s] Invoking command in '/home/ros/hexapod_controller/src/hexapod_controller': PYTHONPATH=/home/ros/hexapod_controller/build/hexapod_controller/prefix_override:/home/ros/hexapod_controller/install/hexapod_controller/lib/python3.10/site-packages:${PYTHONPATH} /usr/bin/python3 setup.py egg_info --egg-base ../../build/hexapod_controller build --build-base /home/ros/hexapod_controller/build/hexapod_controller/build install --record /home/ros/hexapod_controller/build/hexapod_controller/install.log --single-version-externally-managed
[4.944s] running egg_info
[4.946s] writing ../../build/hexapod_controller/hexapod_controller.egg-info/PKG-INFO
[4.947s] writing dependency_links to ../../build/hexapod_controller/hexapod_controller.egg-info/dependency_links.txt
[4.948s] writing entry points to ../../build/hexapod_controller/hexapod_controller.egg-info/entry_points.txt
[4.949s] writing requirements to ../../build/hexapod_controller/hexapod_controller.egg-info/requires.txt
[4.950s] writing top-level names to ../../build/hexapod_controller/hexapod_controller.egg-info/top_level.txt
[4.957s] reading manifest file '../../build/hexapod_controller/hexapod_controller.egg-info/SOURCES.txt'
[4.962s] writing manifest file '../../build/hexapod_controller/hexapod_controller.egg-info/SOURCES.txt'
[4.963s] running build
[4.965s] running build_py
[4.967s] running install
[4.969s] running install_lib
[4.972s] creating /home/ros/hexapod_controller/install/hexapod_controller/lib/python3.10/site-packages/hexapod_controller
[4.973s] copying /home/ros/hexapod_controller/build/hexapod_controller/build/lib/hexapod_controller/body.py -> /home/ros/hexapod_controller/install/hexapod_controller/lib/python3.10/site-packages/hexapod_controller
[4.974s] copying /home/ros/hexapod_controller/build/hexapod_controller/build/lib/hexapod_controller/inverse_kinematics.py -> /home/ros/hexapod_controller/install/hexapod_controller/lib/python3.10/site-packages/hexapod_controller
[4.978s] copying /home/ros/hexapod_controller/build/hexapod_controller/build/lib/hexapod_controller/body copy.py -> /home/ros/hexapod_controller/install/hexapod_controller/lib/python3.10/site-packages/hexapod_controller
[4.981s] copying /home/ros/hexapod_controller/build/hexapod_controller/build/lib/hexapod_controller/__init__.py -> /home/ros/hexapod_controller/install/hexapod_controller/lib/python3.10/site-packages/hexapod_controller
[4.982s] copying /home/ros/hexapod_controller/build/hexapod_controller/build/lib/hexapod_controller/body copy 2.py -> /home/ros/hexapod_controller/install/hexapod_controller/lib/python3.10/site-packages/hexapod_controller
[4.983s] copying /home/ros/hexapod_controller/build/hexapod_controller/build/lib/hexapod_controller/servo_1.py -> /home/ros/hexapod_controller/install/hexapod_controller/lib/python3.10/site-packages/hexapod_controller
[4.983s] copying /home/ros/hexapod_controller/build/hexapod_controller/build/lib/hexapod_controller/com_settings.py -> /home/ros/hexapod_controller/install/hexapod_controller/lib/python3.10/site-packages/hexapod_controller
[4.984s] byte-compiling /home/ros/hexapod_controller/install/hexapod_controller/lib/python3.10/site-packages/hexapod_controller/body.py to body.cpython-310.pyc
[4.987s] byte-compiling /home/ros/hexapod_controller/install/hexapod_controller/lib/python3.10/site-packages/hexapod_controller/inverse_kinematics.py to inverse_kinematics.cpython-310.pyc
[4.993s] byte-compiling /home/ros/hexapod_controller/install/hexapod_controller/lib/python3.10/site-packages/hexapod_controller/body copy.py to body copy.cpython-310.pyc
[4.997s] byte-compiling /home/ros/hexapod_controller/install/hexapod_controller/lib/python3.10/site-packages/hexapod_controller/__init__.py to __init__.cpython-310.pyc
[4.998s] byte-compiling /home/ros/hexapod_controller/install/hexapod_controller/lib/python3.10/site-packages/hexapod_controller/body copy 2.py to body copy 2.cpython-310.pyc
[5.006s] byte-compiling /home/ros/hexapod_controller/install/hexapod_controller/lib/python3.10/site-packages/hexapod_controller/servo_1.py to servo_1.cpython-310.pyc
[5.008s] byte-compiling /home/ros/hexapod_controller/install/hexapod_controller/lib/python3.10/site-packages/hexapod_controller/com_settings.py to com_settings.cpython-310.pyc
[5.010s] running install_data
[5.012s] running install_egg_info
[5.018s] Copying ../../build/hexapod_controller/hexapod_controller.egg-info to /home/ros/hexapod_controller/install/hexapod_controller/lib/python3.10/site-packages/hexapod_controller-0.0.0-py3.10.egg-info
[5.025s] running install_scripts
[5.103s] Installing body_IK_node = hexapod_controller.body:mainservo_1_node script to /home/ros/hexapod_controller/install/hexapod_controller/lib/hexapod_controller
[5.105s] writing list of installed files to '/home/ros/hexapod_controller/build/hexapod_controller/install.log'
[5.240s] Invoked command in '/home/ros/hexapod_controller/src/hexapod_controller' returned '0': PYTHONPATH=/home/ros/hexapod_controller/build/hexapod_controller/prefix_override:/home/ros/hexapod_controller/install/hexapod_controller/lib/python3.10/site-packages:${PYTHONPATH} /usr/bin/python3 setup.py egg_info --egg-base ../../build/hexapod_controller build --build-base /home/ros/hexapod_controller/build/hexapod_controller/build install --record /home/ros/hexapod_controller/build/hexapod_controller/install.log --single-version-externally-managed
