[2.060s] DEBUG:colcon:Command line arguments: ['/usr/bin/colcon', 'build']
[2.061s] DEBUG:colcon:Parsed command line arguments: Namespace(log_base=None, log_level=None, verb_name='build', build_base='build', install_base='install', merge_install=False, symlink_install=False, test_result_base=None, continue_on_error=False, executor='parallel', parallel_workers=4, event_handlers=None, ignore_user_meta=False, metas=['./colcon.meta'], base_paths=['.'], packages_ignore=None, packages_ignore_regex=None, paths=None, packages_up_to=None, packages_up_to_regex=None, packages_above=None, packages_above_and_dependencies=None, packages_above_depth=None, packages_select_by_dep=None, packages_skip_by_dep=None, packages_skip_up_to=None, packages_select_build_failed=False, packages_skip_build_finished=False, packages_select_test_failures=False, packages_skip_test_passed=False, packages_select=None, packages_skip=None, packages_select_regex=None, packages_skip_regex=None, packages_start=None, packages_end=None, cmake_args=None, cmake_target=None, cmake_target_skip_unavailable=False, cmake_clean_cache=False, cmake_clean_first=False, cmake_force_configure=False, ament_cmake_args=None, catkin_cmake_args=None, catkin_skip_building_tests=False, mixin_files=None, mixin=None, verb_parser=<colcon_mixin.mixin.mixin_argument.MixinArgumentDecorator object at 0xffff7e840760>, verb_extension=<colcon_core.verb.build.BuildVerb object at 0xffff7f0a9ed0>, main=<bound method BuildVerb.main of <colcon_core.verb.build.BuildVerb object at 0xffff7f0a9ed0>>, mixin_verb=('build',))
[2.274s] Level 1:colcon.colcon_core.package_discovery:discover_packages(colcon_meta) check parameters
[2.279s] INFO:colcon.colcon_metadata.package_discovery.colcon_meta:Using configuration from '/root/.colcon/metadata/default/Gazebo.meta'
[2.282s] INFO:colcon.colcon_metadata.package_discovery.colcon_meta:Using configuration from '/root/.colcon/metadata/default/fastrtps.meta'
[2.282s] Level 1:colcon.colcon_core.package_discovery:discover_packages(recursive) check parameters
[2.283s] Level 1:colcon.colcon_core.package_discovery:discover_packages(ignore) check parameters
[2.283s] Level 1:colcon.colcon_core.package_discovery:discover_packages(path) check parameters
[2.283s] Level 1:colcon.colcon_core.package_discovery:discover_packages(colcon_meta) discover
[2.283s] Level 1:colcon.colcon_core.package_discovery:discover_packages(recursive) discover
[2.283s] INFO:colcon.colcon_core.package_discovery:Crawling recursively for packages in '/home/ros/first_app'
[2.284s] Level 1:colcon.colcon_core.package_identification:_identify(.) by extensions ['ignore', 'ignore_ament_install']
[2.284s] Level 1:colcon.colcon_core.package_identification:_identify(.) by extension 'ignore'
[2.284s] Level 1:colcon.colcon_core.package_identification:_identify(.) by extension 'ignore_ament_install'
[2.285s] Level 1:colcon.colcon_core.package_identification:_identify(.) by extensions ['colcon_pkg']
[2.285s] Level 1:colcon.colcon_core.package_identification:_identify(.) by extension 'colcon_pkg'
[2.285s] Level 1:colcon.colcon_core.package_identification:_identify(.) by extensions ['colcon_meta']
[2.285s] Level 1:colcon.colcon_core.package_identification:_identify(.) by extension 'colcon_meta'
[2.285s] Level 1:colcon.colcon_core.package_identification:_identify(.) by extensions ['ros']
[2.285s] Level 1:colcon.colcon_core.package_identification:_identify(.) by extension 'ros'
[2.398s] Level 1:colcon.colcon_core.package_identification:_identify(.) by extensions ['cmake', 'python']
[2.398s] Level 1:colcon.colcon_core.package_identification:_identify(.) by extension 'cmake'
[2.398s] Level 1:colcon.colcon_core.package_identification:_identify(.) by extension 'python'
[2.398s] Level 1:colcon.colcon_core.package_identification:_identify(.) by extensions ['python_setup_py']
[2.399s] Level 1:colcon.colcon_core.package_identification:_identify(.) by extension 'python_setup_py'
[2.399s] Level 1:colcon.colcon_core.package_identification:_identify(build) by extensions ['ignore', 'ignore_ament_install']
[2.399s] Level 1:colcon.colcon_core.package_identification:_identify(build) by extension 'ignore'
[2.400s] Level 1:colcon.colcon_core.package_identification:_identify(build) ignored
[2.400s] Level 1:colcon.colcon_core.package_identification:_identify(install) by extensions ['ignore', 'ignore_ament_install']
[2.400s] Level 1:colcon.colcon_core.package_identification:_identify(install) by extension 'ignore'
[2.401s] Level 1:colcon.colcon_core.package_identification:_identify(install) ignored
[2.401s] Level 1:colcon.colcon_core.package_identification:_identify(log) by extensions ['ignore', 'ignore_ament_install']
[2.401s] Level 1:colcon.colcon_core.package_identification:_identify(log) by extension 'ignore'
[2.401s] Level 1:colcon.colcon_core.package_identification:_identify(log) ignored
[2.402s] Level 1:colcon.colcon_core.package_identification:_identify(src) by extensions ['ignore', 'ignore_ament_install']
[2.402s] Level 1:colcon.colcon_core.package_identification:_identify(src) by extension 'ignore'
[2.402s] Level 1:colcon.colcon_core.package_identification:_identify(src) by extension 'ignore_ament_install'
[2.403s] Level 1:colcon.colcon_core.package_identification:_identify(src) by extensions ['colcon_pkg']
[2.403s] Level 1:colcon.colcon_core.package_identification:_identify(src) by extension 'colcon_pkg'
[2.403s] Level 1:colcon.colcon_core.package_identification:_identify(src) by extensions ['colcon_meta']
[2.403s] Level 1:colcon.colcon_core.package_identification:_identify(src) by extension 'colcon_meta'
[2.403s] Level 1:colcon.colcon_core.package_identification:_identify(src) by extensions ['ros']
[2.403s] Level 1:colcon.colcon_core.package_identification:_identify(src) by extension 'ros'
[2.404s] Level 1:colcon.colcon_core.package_identification:_identify(src) by extensions ['cmake', 'python']
[2.404s] Level 1:colcon.colcon_core.package_identification:_identify(src) by extension 'cmake'
[2.404s] Level 1:colcon.colcon_core.package_identification:_identify(src) by extension 'python'
[2.404s] Level 1:colcon.colcon_core.package_identification:_identify(src) by extensions ['python_setup_py']
[2.404s] Level 1:colcon.colcon_core.package_identification:_identify(src) by extension 'python_setup_py'
[2.404s] Level 1:colcon.colcon_core.package_discovery:discover_packages(recursive) using defaults
[2.404s] Level 1:colcon.colcon_core.package_discovery:discover_packages(ignore) discover
[2.405s] Level 1:colcon.colcon_core.package_discovery:discover_packages(ignore) using defaults
[2.405s] Level 1:colcon.colcon_core.package_discovery:discover_packages(path) discover
[2.405s] Level 1:colcon.colcon_core.package_discovery:discover_packages(path) using defaults
[2.564s] INFO:colcon.colcon_core.executor:Executing jobs using 'parallel' executor
[2.577s] DEBUG:colcon.colcon_parallel_executor.executor.parallel:run_until_complete
[2.577s] DEBUG:colcon.colcon_parallel_executor.executor.parallel:closing loop
[2.578s] DEBUG:colcon.colcon_parallel_executor.executor.parallel:loop closed
[2.578s] DEBUG:colcon.colcon_parallel_executor.executor.parallel:run_until_complete finished with '0'
[2.579s] DEBUG:colcon.colcon_core.event_reactor:joining thread
[2.670s] INFO:colcon.colcon_core.plugin_system:Skipping extension 'colcon_notification.desktop_notification.notify_send': Could not find 'notify-send'
[2.671s] INFO:colcon.colcon_core.plugin_system:Skipping extension 'colcon_notification.desktop_notification.terminal_notifier': Not used on non-Darwin systems
[2.671s] INFO:colcon.colcon_core.plugin_system:Skipping extension 'colcon_notification.desktop_notification.win32': Not used on non-Windows systems
[2.671s] INFO:colcon.colcon_notification.desktop_notification:Sending desktop notification using 'notify2'
[2.671s] DEBUG:colcon.colcon_notification.desktop_notification.notify2:Failed to initialize notify2: org.freedesktop.DBus.Error.NotSupported: Unable to autolaunch a dbus-daemon without a $DISPLAY for X11
[2.672s] DEBUG:colcon.colcon_core.event_reactor:joined thread
[2.703s] INFO:colcon.colcon_core.plugin_system:Skipping extension 'colcon_core.shell.bat': Not used on non-Windows systems
[2.704s] INFO:colcon.colcon_core.shell:Creating prefix script '/home/ros/first_app/install/local_setup.ps1'
[2.709s] INFO:colcon.colcon_core.shell:Creating prefix util module '/home/ros/first_app/install/_local_setup_util_ps1.py'
[2.716s] INFO:colcon.colcon_core.shell:Creating prefix chain script '/home/ros/first_app/install/setup.ps1'
[2.730s] INFO:colcon.colcon_core.shell:Creating prefix script '/home/ros/first_app/install/local_setup.sh'
[2.734s] INFO:colcon.colcon_core.shell:Creating prefix util module '/home/ros/first_app/install/_local_setup_util_sh.py'
[2.736s] INFO:colcon.colcon_core.shell:Creating prefix chain script '/home/ros/first_app/install/setup.sh'
[2.743s] INFO:colcon.colcon_core.shell:Creating prefix script '/home/ros/first_app/install/local_setup.bash'
[2.746s] INFO:colcon.colcon_core.shell:Creating prefix chain script '/home/ros/first_app/install/setup.bash'
[2.752s] INFO:colcon.colcon_core.shell:Creating prefix script '/home/ros/first_app/install/local_setup.zsh'
[2.756s] INFO:colcon.colcon_core.shell:Creating prefix chain script '/home/ros/first_app/install/setup.zsh'
