[1.471s] DEBUG:colcon:Command line arguments: ['/usr/bin/colcon', 'build']
[1.472s] DEBUG:colcon:Parsed command line arguments: Namespace(log_base=None, log_level=None, verb_name='build', build_base='build', install_base='install', merge_install=False, symlink_install=False, test_result_base=None, continue_on_error=False, executor='parallel', parallel_workers=4, event_handlers=None, ignore_user_meta=False, metas=['./colcon.meta'], base_paths=['.'], packages_ignore=None, packages_ignore_regex=None, paths=None, packages_up_to=None, packages_up_to_regex=None, packages_above=None, packages_above_and_dependencies=None, packages_above_depth=None, packages_select_by_dep=None, packages_skip_by_dep=None, packages_skip_up_to=None, packages_select_build_failed=False, packages_skip_build_finished=False, packages_select_test_failures=False, packages_skip_test_passed=False, packages_select=None, packages_skip=None, packages_select_regex=None, packages_skip_regex=None, packages_start=None, packages_end=None, cmake_args=None, cmake_target=None, cmake_target_skip_unavailable=False, cmake_clean_cache=False, cmake_clean_first=False, cmake_force_configure=False, ament_cmake_args=None, catkin_cmake_args=None, catkin_skip_building_tests=False, mixin_files=None, mixin=None, verb_parser=<colcon_mixin.mixin.mixin_argument.MixinArgumentDecorator object at 0xffffafaaf280>, verb_extension=<colcon_core.verb.build.BuildVerb object at 0xffffafaaebf0>, main=<bound method BuildVerb.main of <colcon_core.verb.build.BuildVerb object at 0xffffafaaebf0>>, mixin_verb=('build',))
[1.624s] Level 1:colcon.colcon_core.package_discovery:discover_packages(colcon_meta) check parameters
[1.627s] INFO:colcon.colcon_metadata.package_discovery.colcon_meta:Using configuration from '/root/.colcon/metadata/default/Gazebo.meta'
[1.630s] INFO:colcon.colcon_metadata.package_discovery.colcon_meta:Using configuration from '/root/.colcon/metadata/default/fastrtps.meta'
[1.630s] Level 1:colcon.colcon_core.package_discovery:discover_packages(recursive) check parameters
[1.630s] Level 1:colcon.colcon_core.package_discovery:discover_packages(ignore) check parameters
[1.630s] Level 1:colcon.colcon_core.package_discovery:discover_packages(path) check parameters
[1.631s] Level 1:colcon.colcon_core.package_discovery:discover_packages(colcon_meta) discover
[1.631s] Level 1:colcon.colcon_core.package_discovery:discover_packages(recursive) discover
[1.631s] INFO:colcon.colcon_core.package_discovery:Crawling recursively for packages in '/home/ros/hexapod_controller'
[1.631s] Level 1:colcon.colcon_core.package_identification:_identify(.) by extensions ['ignore', 'ignore_ament_install']
[1.632s] Level 1:colcon.colcon_core.package_identification:_identify(.) by extension 'ignore'
[1.632s] Level 1:colcon.colcon_core.package_identification:_identify(.) by extension 'ignore_ament_install'
[1.632s] Level 1:colcon.colcon_core.package_identification:_identify(.) by extensions ['colcon_pkg']
[1.632s] Level 1:colcon.colcon_core.package_identification:_identify(.) by extension 'colcon_pkg'
[1.633s] Level 1:colcon.colcon_core.package_identification:_identify(.) by extensions ['colcon_meta']
[1.633s] Level 1:colcon.colcon_core.package_identification:_identify(.) by extension 'colcon_meta'
[1.633s] Level 1:colcon.colcon_core.package_identification:_identify(.) by extensions ['ros']
[1.633s] Level 1:colcon.colcon_core.package_identification:_identify(.) by extension 'ros'
[1.687s] Level 1:colcon.colcon_core.package_identification:_identify(.) by extensions ['cmake', 'python']
[1.687s] Level 1:colcon.colcon_core.package_identification:_identify(.) by extension 'cmake'
[1.688s] Level 1:colcon.colcon_core.package_identification:_identify(.) by extension 'python'
[1.688s] Level 1:colcon.colcon_core.package_identification:_identify(.) by extensions ['python_setup_py']
[1.688s] Level 1:colcon.colcon_core.package_identification:_identify(.) by extension 'python_setup_py'
[1.688s] Level 1:colcon.colcon_core.package_identification:_identify(build) by extensions ['ignore', 'ignore_ament_install']
[1.689s] Level 1:colcon.colcon_core.package_identification:_identify(build) by extension 'ignore'
[1.689s] Level 1:colcon.colcon_core.package_identification:_identify(build) ignored
[1.690s] Level 1:colcon.colcon_core.package_identification:_identify(install) by extensions ['ignore', 'ignore_ament_install']
[1.690s] Level 1:colcon.colcon_core.package_identification:_identify(install) by extension 'ignore'
[1.690s] Level 1:colcon.colcon_core.package_identification:_identify(install) ignored
[1.691s] Level 1:colcon.colcon_core.package_identification:_identify(log) by extensions ['ignore', 'ignore_ament_install']
[1.691s] Level 1:colcon.colcon_core.package_identification:_identify(log) by extension 'ignore'
[1.691s] Level 1:colcon.colcon_core.package_identification:_identify(log) ignored
[1.692s] Level 1:colcon.colcon_core.package_identification:_identify(src) by extensions ['ignore', 'ignore_ament_install']
[1.692s] Level 1:colcon.colcon_core.package_identification:_identify(src) by extension 'ignore'
[1.692s] Level 1:colcon.colcon_core.package_identification:_identify(src) by extension 'ignore_ament_install'
[1.693s] Level 1:colcon.colcon_core.package_identification:_identify(src) by extensions ['colcon_pkg']
[1.693s] Level 1:colcon.colcon_core.package_identification:_identify(src) by extension 'colcon_pkg'
[1.693s] Level 1:colcon.colcon_core.package_identification:_identify(src) by extensions ['colcon_meta']
[1.693s] Level 1:colcon.colcon_core.package_identification:_identify(src) by extension 'colcon_meta'
[1.693s] Level 1:colcon.colcon_core.package_identification:_identify(src) by extensions ['ros']
[1.693s] Level 1:colcon.colcon_core.package_identification:_identify(src) by extension 'ros'
[1.694s] Level 1:colcon.colcon_core.package_identification:_identify(src) by extensions ['cmake', 'python']
[1.694s] Level 1:colcon.colcon_core.package_identification:_identify(src) by extension 'cmake'
[1.694s] Level 1:colcon.colcon_core.package_identification:_identify(src) by extension 'python'
[1.694s] Level 1:colcon.colcon_core.package_identification:_identify(src) by extensions ['python_setup_py']
[1.694s] Level 1:colcon.colcon_core.package_identification:_identify(src) by extension 'python_setup_py'
[1.695s] Level 1:colcon.colcon_core.package_identification:_identify(src/hexapod_controller) by extensions ['ignore', 'ignore_ament_install']
[1.695s] Level 1:colcon.colcon_core.package_identification:_identify(src/hexapod_controller) by extension 'ignore'
[1.696s] Level 1:colcon.colcon_core.package_identification:_identify(src/hexapod_controller) by extension 'ignore_ament_install'
[1.696s] Level 1:colcon.colcon_core.package_identification:_identify(src/hexapod_controller) by extensions ['colcon_pkg']
[1.696s] Level 1:colcon.colcon_core.package_identification:_identify(src/hexapod_controller) by extension 'colcon_pkg'
[1.696s] Level 1:colcon.colcon_core.package_identification:_identify(src/hexapod_controller) by extensions ['colcon_meta']
[1.696s] Level 1:colcon.colcon_core.package_identification:_identify(src/hexapod_controller) by extension 'colcon_meta'
[1.696s] Level 1:colcon.colcon_core.package_identification:_identify(src/hexapod_controller) by extensions ['ros']
[1.697s] Level 1:colcon.colcon_core.package_identification:_identify(src/hexapod_controller) by extension 'ros'
[1.708s] DEBUG:colcon.colcon_core.package_identification:Package 'src/hexapod_controller' with type 'ros.ament_python' and name 'hexapod_controller'
[1.709s] Level 1:colcon.colcon_core.package_identification:_identify(src/hexapod_controller_interfaces) by extensions ['ignore', 'ignore_ament_install']
[1.709s] Level 1:colcon.colcon_core.package_identification:_identify(src/hexapod_controller_interfaces) by extension 'ignore'
[1.710s] Level 1:colcon.colcon_core.package_identification:_identify(src/hexapod_controller_interfaces) by extension 'ignore_ament_install'
[1.710s] Level 1:colcon.colcon_core.package_identification:_identify(src/hexapod_controller_interfaces) by extensions ['colcon_pkg']
[1.710s] Level 1:colcon.colcon_core.package_identification:_identify(src/hexapod_controller_interfaces) by extension 'colcon_pkg'
[1.710s] Level 1:colcon.colcon_core.package_identification:_identify(src/hexapod_controller_interfaces) by extensions ['colcon_meta']
[1.710s] Level 1:colcon.colcon_core.package_identification:_identify(src/hexapod_controller_interfaces) by extension 'colcon_meta'
[1.711s] Level 1:colcon.colcon_core.package_identification:_identify(src/hexapod_controller_interfaces) by extensions ['ros']
[1.711s] Level 1:colcon.colcon_core.package_identification:_identify(src/hexapod_controller_interfaces) by extension 'ros'
[1.713s] DEBUG:colcon.colcon_core.package_identification:Package 'src/hexapod_controller_interfaces' with type 'ros.ament_cmake' and name 'hexapod_controller_interfaces'
[1.714s] Level 1:colcon.colcon_core.package_discovery:discover_packages(recursive) using defaults
[1.714s] Level 1:colcon.colcon_core.package_discovery:discover_packages(ignore) discover
[1.714s] Level 1:colcon.colcon_core.package_discovery:discover_packages(ignore) using defaults
[1.714s] Level 1:colcon.colcon_core.package_discovery:discover_packages(path) discover
[1.714s] Level 1:colcon.colcon_core.package_discovery:discover_packages(path) using defaults
[1.823s] Level 5:colcon.colcon_core.verb:set package 'hexapod_controller_interfaces' build argument 'cmake_args' from command line to 'None'
[1.823s] Level 5:colcon.colcon_core.verb:set package 'hexapod_controller_interfaces' build argument 'cmake_target' from command line to 'None'
[1.823s] Level 5:colcon.colcon_core.verb:set package 'hexapod_controller_interfaces' build argument 'cmake_target_skip_unavailable' from command line to 'False'
[1.823s] Level 5:colcon.colcon_core.verb:set package 'hexapod_controller_interfaces' build argument 'cmake_clean_cache' from command line to 'False'
[1.824s] Level 5:colcon.colcon_core.verb:set package 'hexapod_controller_interfaces' build argument 'cmake_clean_first' from command line to 'False'
[1.824s] Level 5:colcon.colcon_core.verb:set package 'hexapod_controller_interfaces' build argument 'cmake_force_configure' from command line to 'False'
[1.824s] Level 5:colcon.colcon_core.verb:set package 'hexapod_controller_interfaces' build argument 'ament_cmake_args' from command line to 'None'
[1.824s] Level 5:colcon.colcon_core.verb:set package 'hexapod_controller_interfaces' build argument 'catkin_cmake_args' from command line to 'None'
[1.824s] Level 5:colcon.colcon_core.verb:set package 'hexapod_controller_interfaces' build argument 'catkin_skip_building_tests' from command line to 'False'
[1.824s] DEBUG:colcon.colcon_core.verb:Building package 'hexapod_controller_interfaces' with the following arguments: {'ament_cmake_args': None, 'build_base': '/home/ros/hexapod_controller/build/hexapod_controller_interfaces', 'catkin_cmake_args': None, 'catkin_skip_building_tests': False, 'cmake_args': None, 'cmake_clean_cache': False, 'cmake_clean_first': False, 'cmake_force_configure': False, 'cmake_target': None, 'cmake_target_skip_unavailable': False, 'install_base': '/home/ros/hexapod_controller/install/hexapod_controller_interfaces', 'merge_install': False, 'path': '/home/ros/hexapod_controller/src/hexapod_controller_interfaces', 'symlink_install': False, 'test_result_base': None}
[1.828s] Level 5:colcon.colcon_core.verb:set package 'hexapod_controller' build argument 'cmake_args' from command line to 'None'
[1.829s] Level 5:colcon.colcon_core.verb:set package 'hexapod_controller' build argument 'cmake_target' from command line to 'None'
[1.829s] Level 5:colcon.colcon_core.verb:set package 'hexapod_controller' build argument 'cmake_target_skip_unavailable' from command line to 'False'
[1.829s] Level 5:colcon.colcon_core.verb:set package 'hexapod_controller' build argument 'cmake_clean_cache' from command line to 'False'
[1.829s] Level 5:colcon.colcon_core.verb:set package 'hexapod_controller' build argument 'cmake_clean_first' from command line to 'False'
[1.829s] Level 5:colcon.colcon_core.verb:set package 'hexapod_controller' build argument 'cmake_force_configure' from command line to 'False'
[1.829s] Level 5:colcon.colcon_core.verb:set package 'hexapod_controller' build argument 'ament_cmake_args' from command line to 'None'
[1.829s] Level 5:colcon.colcon_core.verb:set package 'hexapod_controller' build argument 'catkin_cmake_args' from command line to 'None'
[1.829s] Level 5:colcon.colcon_core.verb:set package 'hexapod_controller' build argument 'catkin_skip_building_tests' from command line to 'False'
[1.830s] DEBUG:colcon.colcon_core.verb:Building package 'hexapod_controller' with the following arguments: {'ament_cmake_args': None, 'build_base': '/home/ros/hexapod_controller/build/hexapod_controller', 'catkin_cmake_args': None, 'catkin_skip_building_tests': False, 'cmake_args': None, 'cmake_clean_cache': False, 'cmake_clean_first': False, 'cmake_force_configure': False, 'cmake_target': None, 'cmake_target_skip_unavailable': False, 'install_base': '/home/ros/hexapod_controller/install/hexapod_controller', 'merge_install': False, 'path': '/home/ros/hexapod_controller/src/hexapod_controller', 'symlink_install': False, 'test_result_base': None}
[1.832s] INFO:colcon.colcon_core.executor:Executing jobs using 'parallel' executor
[1.846s] DEBUG:colcon.colcon_parallel_executor.executor.parallel:run_until_complete
[1.847s] INFO:colcon.colcon_ros.task.ament_cmake.build:Building ROS package in '/home/ros/hexapod_controller/src/hexapod_controller_interfaces' with build type 'ament_cmake'
[1.848s] INFO:colcon.colcon_cmake.task.cmake.build:Building CMake package in '/home/ros/hexapod_controller/src/hexapod_controller_interfaces'
[1.874s] INFO:colcon.colcon_core.plugin_system:Skipping extension 'colcon_core.shell.bat': Not used on non-Windows systems
[1.875s] INFO:colcon.colcon_core.shell:Skip shell extension 'powershell' for command environment: Not usable outside of PowerShell
[1.876s] DEBUG:colcon.colcon_core.shell:Skip shell extension 'dsv' for command environment
[1.883s] WARNING:colcon.colcon_ros.prefix_path.ament:The path '/home/ros/hexapod_controller/install/hexapod_controller' in the environment variable AMENT_PREFIX_PATH doesn't exist
[1.884s] WARNING:colcon.colcon_ros.prefix_path.ament:The path '/home/ros/hexapod_controller/install/hexapod_controller_interfaces' in the environment variable AMENT_PREFIX_PATH doesn't exist
[1.885s] WARNING:colcon.colcon_ros.prefix_path.catkin:The path '/home/ros/hexapod_controller/install/hexapod_controller_interfaces' in the environment variable CMAKE_PREFIX_PATH doesn't exist
[1.924s] DEBUG:colcon.colcon_core.event_handler.log_command:Invoking command in '/home/ros/hexapod_controller/build/hexapod_controller_interfaces': CMAKE_PREFIX_PATH=${CMAKE_PREFIX_PATH}:/home/ros/hexapod_controller/install/hexapod_controller:/opt/ros/humble /usr/bin/cmake /home/ros/hexapod_controller/src/hexapod_controller_interfaces -DCMAKE_INSTALL_PREFIX=/home/ros/hexapod_controller/install/hexapod_controller_interfaces
[8.853s] DEBUG:colcon.colcon_core.event_handler.log_command:Invoked command in '/home/ros/hexapod_controller/build/hexapod_controller_interfaces' returned '0': CMAKE_PREFIX_PATH=${CMAKE_PREFIX_PATH}:/home/ros/hexapod_controller/install/hexapod_controller:/opt/ros/humble /usr/bin/cmake /home/ros/hexapod_controller/src/hexapod_controller_interfaces -DCMAKE_INSTALL_PREFIX=/home/ros/hexapod_controller/install/hexapod_controller_interfaces
[8.863s] DEBUG:colcon.colcon_core.event_handler.log_command:Invoking command in '/home/ros/hexapod_controller/build/hexapod_controller_interfaces': CMAKE_PREFIX_PATH=${CMAKE_PREFIX_PATH}:/home/ros/hexapod_controller/install/hexapod_controller:/opt/ros/humble /usr/bin/cmake --build /home/ros/hexapod_controller/build/hexapod_controller_interfaces -- -j4 -l4
[22.129s] DEBUG:colcon.colcon_core.event_handler.log_command:Invoked command in '/home/ros/hexapod_controller/build/hexapod_controller_interfaces' returned '0': CMAKE_PREFIX_PATH=${CMAKE_PREFIX_PATH}:/home/ros/hexapod_controller/install/hexapod_controller:/opt/ros/humble /usr/bin/cmake --build /home/ros/hexapod_controller/build/hexapod_controller_interfaces -- -j4 -l4
[22.571s] DEBUG:colcon.colcon_core.event_handler.log_command:Invoking command in '/home/ros/hexapod_controller/build/hexapod_controller_interfaces': CMAKE_PREFIX_PATH=${CMAKE_PREFIX_PATH}:/home/ros/hexapod_controller/install/hexapod_controller:/opt/ros/humble /usr/bin/cmake --install /home/ros/hexapod_controller/build/hexapod_controller_interfaces
[23.015s] Level 1:colcon.colcon_core.environment:create_environment_scripts_only(hexapod_controller_interfaces)
[23.017s] DEBUG:colcon.colcon_core.event_handler.log_command:Invoked command in '/home/ros/hexapod_controller/build/hexapod_controller_interfaces' returned '0': CMAKE_PREFIX_PATH=${CMAKE_PREFIX_PATH}:/home/ros/hexapod_controller/install/hexapod_controller:/opt/ros/humble /usr/bin/cmake --install /home/ros/hexapod_controller/build/hexapod_controller_interfaces
[23.046s] Level 1:colcon.colcon_core.environment:checking '/home/ros/hexapod_controller/install/hexapod_controller_interfaces' for CMake module files
[23.051s] Level 1:colcon.colcon_core.environment:checking '/home/ros/hexapod_controller/install/hexapod_controller_interfaces' for CMake config files
[23.055s] Level 1:colcon.colcon_core.shell:create_environment_hook('hexapod_controller_interfaces', 'cmake_prefix_path')
[23.061s] INFO:colcon.colcon_core.shell:Creating environment hook '/home/ros/hexapod_controller/install/hexapod_controller_interfaces/share/hexapod_controller_interfaces/hook/cmake_prefix_path.ps1'
[23.064s] INFO:colcon.colcon_core.shell:Creating environment descriptor '/home/ros/hexapod_controller/install/hexapod_controller_interfaces/share/hexapod_controller_interfaces/hook/cmake_prefix_path.dsv'
[23.066s] INFO:colcon.colcon_core.shell:Creating environment hook '/home/ros/hexapod_controller/install/hexapod_controller_interfaces/share/hexapod_controller_interfaces/hook/cmake_prefix_path.sh'
[23.070s] Level 1:colcon.colcon_core.environment:checking '/home/ros/hexapod_controller/install/hexapod_controller_interfaces/lib'
[23.070s] Level 1:colcon.colcon_core.shell:create_environment_hook('hexapod_controller_interfaces', 'ld_library_path_lib')
[23.076s] INFO:colcon.colcon_core.shell:Creating environment hook '/home/ros/hexapod_controller/install/hexapod_controller_interfaces/share/hexapod_controller_interfaces/hook/ld_library_path_lib.ps1'
[23.078s] INFO:colcon.colcon_core.shell:Creating environment descriptor '/home/ros/hexapod_controller/install/hexapod_controller_interfaces/share/hexapod_controller_interfaces/hook/ld_library_path_lib.dsv'
[23.080s] INFO:colcon.colcon_core.shell:Creating environment hook '/home/ros/hexapod_controller/install/hexapod_controller_interfaces/share/hexapod_controller_interfaces/hook/ld_library_path_lib.sh'
[23.082s] Level 1:colcon.colcon_core.environment:checking '/home/ros/hexapod_controller/install/hexapod_controller_interfaces/bin'
[23.082s] Level 1:colcon.colcon_core.environment:checking '/home/ros/hexapod_controller/install/hexapod_controller_interfaces/lib/pkgconfig/hexapod_controller_interfaces.pc'
[23.086s] Level 1:colcon.colcon_core.environment:checking '/home/ros/hexapod_controller/install/hexapod_controller_interfaces/lib/python3.10/site-packages'
[23.087s] Level 1:colcon.colcon_core.environment:checking '/home/ros/hexapod_controller/install/hexapod_controller_interfaces/bin'
[23.093s] INFO:colcon.colcon_core.shell:Creating package script '/home/ros/hexapod_controller/install/hexapod_controller_interfaces/share/hexapod_controller_interfaces/package.ps1'
[23.096s] INFO:colcon.colcon_core.shell:Creating package descriptor '/home/ros/hexapod_controller/install/hexapod_controller_interfaces/share/hexapod_controller_interfaces/package.dsv'
[23.099s] INFO:colcon.colcon_core.shell:Creating package script '/home/ros/hexapod_controller/install/hexapod_controller_interfaces/share/hexapod_controller_interfaces/package.sh'
[23.103s] INFO:colcon.colcon_core.shell:Creating package script '/home/ros/hexapod_controller/install/hexapod_controller_interfaces/share/hexapod_controller_interfaces/package.bash'
[23.110s] INFO:colcon.colcon_core.shell:Creating package script '/home/ros/hexapod_controller/install/hexapod_controller_interfaces/share/hexapod_controller_interfaces/package.zsh'
[23.114s] Level 1:colcon.colcon_core.environment:create_file_with_runtime_dependencies(/home/ros/hexapod_controller/install/hexapod_controller_interfaces/share/colcon-core/packages/hexapod_controller_interfaces)
[23.501s] Level 1:colcon.colcon_core.environment:create_environment_scripts_only(hexapod_controller_interfaces)
[23.509s] Level 1:colcon.colcon_core.environment:checking '/home/ros/hexapod_controller/install/hexapod_controller_interfaces' for CMake module files
[23.515s] Level 1:colcon.colcon_core.environment:checking '/home/ros/hexapod_controller/install/hexapod_controller_interfaces' for CMake config files
[23.519s] Level 1:colcon.colcon_core.shell:create_environment_hook('hexapod_controller_interfaces', 'cmake_prefix_path')
[23.524s] INFO:colcon.colcon_core.shell:Creating environment hook '/home/ros/hexapod_controller/install/hexapod_controller_interfaces/share/hexapod_controller_interfaces/hook/cmake_prefix_path.ps1'
[23.526s] INFO:colcon.colcon_core.shell:Creating environment descriptor '/home/ros/hexapod_controller/install/hexapod_controller_interfaces/share/hexapod_controller_interfaces/hook/cmake_prefix_path.dsv'
[23.528s] INFO:colcon.colcon_core.shell:Creating environment hook '/home/ros/hexapod_controller/install/hexapod_controller_interfaces/share/hexapod_controller_interfaces/hook/cmake_prefix_path.sh'
[23.532s] Level 1:colcon.colcon_core.environment:checking '/home/ros/hexapod_controller/install/hexapod_controller_interfaces/lib'
[23.533s] Level 1:colcon.colcon_core.shell:create_environment_hook('hexapod_controller_interfaces', 'ld_library_path_lib')
[23.538s] INFO:colcon.colcon_core.shell:Creating environment hook '/home/ros/hexapod_controller/install/hexapod_controller_interfaces/share/hexapod_controller_interfaces/hook/ld_library_path_lib.ps1'
[23.541s] INFO:colcon.colcon_core.shell:Creating environment descriptor '/home/ros/hexapod_controller/install/hexapod_controller_interfaces/share/hexapod_controller_interfaces/hook/ld_library_path_lib.dsv'
[23.543s] INFO:colcon.colcon_core.shell:Creating environment hook '/home/ros/hexapod_controller/install/hexapod_controller_interfaces/share/hexapod_controller_interfaces/hook/ld_library_path_lib.sh'
[23.545s] Level 1:colcon.colcon_core.environment:checking '/home/ros/hexapod_controller/install/hexapod_controller_interfaces/bin'
[23.545s] Level 1:colcon.colcon_core.environment:checking '/home/ros/hexapod_controller/install/hexapod_controller_interfaces/lib/pkgconfig/hexapod_controller_interfaces.pc'
[23.546s] Level 1:colcon.colcon_core.environment:checking '/home/ros/hexapod_controller/install/hexapod_controller_interfaces/lib/python3.10/site-packages'
[23.547s] Level 1:colcon.colcon_core.environment:checking '/home/ros/hexapod_controller/install/hexapod_controller_interfaces/bin'
[23.553s] INFO:colcon.colcon_core.shell:Creating package script '/home/ros/hexapod_controller/install/hexapod_controller_interfaces/share/hexapod_controller_interfaces/package.ps1'
[23.556s] INFO:colcon.colcon_core.shell:Creating package descriptor '/home/ros/hexapod_controller/install/hexapod_controller_interfaces/share/hexapod_controller_interfaces/package.dsv'
[23.559s] INFO:colcon.colcon_core.shell:Creating package script '/home/ros/hexapod_controller/install/hexapod_controller_interfaces/share/hexapod_controller_interfaces/package.sh'
[23.561s] INFO:colcon.colcon_core.shell:Creating package script '/home/ros/hexapod_controller/install/hexapod_controller_interfaces/share/hexapod_controller_interfaces/package.bash'
[23.564s] INFO:colcon.colcon_core.shell:Creating package script '/home/ros/hexapod_controller/install/hexapod_controller_interfaces/share/hexapod_controller_interfaces/package.zsh'
[23.566s] Level 1:colcon.colcon_core.environment:create_file_with_runtime_dependencies(/home/ros/hexapod_controller/install/hexapod_controller_interfaces/share/colcon-core/packages/hexapod_controller_interfaces)
[23.568s] INFO:colcon.colcon_ros.task.ament_python.build:Building ROS package in '/home/ros/hexapod_controller/src/hexapod_controller' with build type 'ament_python'
[23.569s] Level 1:colcon.colcon_core.shell:create_environment_hook('hexapod_controller', 'ament_prefix_path')
[23.574s] INFO:colcon.colcon_core.shell:Creating environment hook '/home/ros/hexapod_controller/install/hexapod_controller/share/hexapod_controller/hook/ament_prefix_path.ps1'
[23.581s] INFO:colcon.colcon_core.shell:Creating environment descriptor '/home/ros/hexapod_controller/install/hexapod_controller/share/hexapod_controller/hook/ament_prefix_path.dsv'
[23.583s] INFO:colcon.colcon_core.shell:Creating environment hook '/home/ros/hexapod_controller/install/hexapod_controller/share/hexapod_controller/hook/ament_prefix_path.sh'
[23.590s] INFO:colcon.colcon_core.shell:Skip shell extension 'powershell' for command environment: Not usable outside of PowerShell
[23.591s] DEBUG:colcon.colcon_core.shell:Skip shell extension 'dsv' for command environment
[24.792s] INFO:colcon.colcon_core.task.python.build:Building Python package in '/home/ros/hexapod_controller/src/hexapod_controller'
[24.800s] INFO:colcon.colcon_core.shell:Skip shell extension 'powershell' for command environment: Not usable outside of PowerShell
[24.800s] DEBUG:colcon.colcon_core.shell:Skip shell extension 'dsv' for command environment
[26.290s] DEBUG:colcon.colcon_core.event_handler.log_command:Invoking command in '/home/ros/hexapod_controller/src/hexapod_controller': PYTHONPATH=/home/ros/hexapod_controller/build/hexapod_controller/prefix_override:/home/ros/hexapod_controller/install/hexapod_controller/lib/python3.10/site-packages:${PYTHONPATH} /usr/bin/python3 setup.py egg_info --egg-base ../../build/hexapod_controller build --build-base /home/ros/hexapod_controller/build/hexapod_controller/build install --record /home/ros/hexapod_controller/build/hexapod_controller/install.log --single-version-externally-managed
[27.603s] Level 1:colcon.colcon_core.environment:checking '/home/ros/hexapod_controller/install/hexapod_controller' for CMake module files
[27.605s] DEBUG:colcon.colcon_core.event_handler.log_command:Invoked command in '/home/ros/hexapod_controller/src/hexapod_controller' returned '0': PYTHONPATH=/home/ros/hexapod_controller/build/hexapod_controller/prefix_override:/home/ros/hexapod_controller/install/hexapod_controller/lib/python3.10/site-packages:${PYTHONPATH} /usr/bin/python3 setup.py egg_info --egg-base ../../build/hexapod_controller build --build-base /home/ros/hexapod_controller/build/hexapod_controller/build install --record /home/ros/hexapod_controller/build/hexapod_controller/install.log --single-version-externally-managed
[27.607s] Level 1:colcon.colcon_core.environment:checking '/home/ros/hexapod_controller/install/hexapod_controller' for CMake config files
[27.612s] Level 1:colcon.colcon_core.environment:checking '/home/ros/hexapod_controller/install/hexapod_controller/lib'
[27.612s] Level 1:colcon.colcon_core.environment:checking '/home/ros/hexapod_controller/install/hexapod_controller/bin'
[27.613s] Level 1:colcon.colcon_core.environment:checking '/home/ros/hexapod_controller/install/hexapod_controller/lib/pkgconfig/hexapod_controller.pc'
[27.614s] Level 1:colcon.colcon_core.environment:checking '/home/ros/hexapod_controller/install/hexapod_controller/lib/python3.10/site-packages'
[27.614s] Level 1:colcon.colcon_core.shell:create_environment_hook('hexapod_controller', 'pythonpath')
[27.620s] INFO:colcon.colcon_core.shell:Creating environment hook '/home/ros/hexapod_controller/install/hexapod_controller/share/hexapod_controller/hook/pythonpath.ps1'
[27.622s] INFO:colcon.colcon_core.shell:Creating environment descriptor '/home/ros/hexapod_controller/install/hexapod_controller/share/hexapod_controller/hook/pythonpath.dsv'
[27.624s] INFO:colcon.colcon_core.shell:Creating environment hook '/home/ros/hexapod_controller/install/hexapod_controller/share/hexapod_controller/hook/pythonpath.sh'
[27.627s] Level 1:colcon.colcon_core.environment:checking '/home/ros/hexapod_controller/install/hexapod_controller/bin'
[27.627s] Level 1:colcon.colcon_core.environment:create_environment_scripts_only(hexapod_controller)
[27.633s] INFO:colcon.colcon_core.shell:Creating package script '/home/ros/hexapod_controller/install/hexapod_controller/share/hexapod_controller/package.ps1'
[27.635s] INFO:colcon.colcon_core.shell:Creating package descriptor '/home/ros/hexapod_controller/install/hexapod_controller/share/hexapod_controller/package.dsv'
[27.637s] INFO:colcon.colcon_core.shell:Creating package script '/home/ros/hexapod_controller/install/hexapod_controller/share/hexapod_controller/package.sh'
[27.639s] INFO:colcon.colcon_core.shell:Creating package script '/home/ros/hexapod_controller/install/hexapod_controller/share/hexapod_controller/package.bash'
[27.640s] INFO:colcon.colcon_core.shell:Creating package script '/home/ros/hexapod_controller/install/hexapod_controller/share/hexapod_controller/package.zsh'
[27.642s] Level 1:colcon.colcon_core.environment:create_file_with_runtime_dependencies(/home/ros/hexapod_controller/install/hexapod_controller/share/colcon-core/packages/hexapod_controller)
[27.643s] DEBUG:colcon.colcon_parallel_executor.executor.parallel:closing loop
[27.644s] DEBUG:colcon.colcon_parallel_executor.executor.parallel:loop closed
[27.645s] DEBUG:colcon.colcon_parallel_executor.executor.parallel:run_until_complete finished with '0'
[27.646s] DEBUG:colcon.colcon_core.event_reactor:joining thread
[27.673s] INFO:colcon.colcon_core.plugin_system:Skipping extension 'colcon_notification.desktop_notification.notify_send': Could not find 'notify-send'
[27.673s] INFO:colcon.colcon_core.plugin_system:Skipping extension 'colcon_notification.desktop_notification.terminal_notifier': Not used on non-Darwin systems
[27.674s] INFO:colcon.colcon_core.plugin_system:Skipping extension 'colcon_notification.desktop_notification.win32': Not used on non-Windows systems
[27.674s] INFO:colcon.colcon_notification.desktop_notification:Sending desktop notification using 'notify2'
[27.674s] DEBUG:colcon.colcon_notification.desktop_notification.notify2:Failed to initialize notify2: org.freedesktop.DBus.Error.NotSupported: Unable to autolaunch a dbus-daemon without a $DISPLAY for X11
[27.675s] DEBUG:colcon.colcon_core.event_reactor:joined thread
[27.680s] INFO:colcon.colcon_core.shell:Creating prefix script '/home/ros/hexapod_controller/install/local_setup.ps1'
[27.684s] INFO:colcon.colcon_core.shell:Creating prefix util module '/home/ros/hexapod_controller/install/_local_setup_util_ps1.py'
[27.692s] INFO:colcon.colcon_core.shell:Creating prefix chain script '/home/ros/hexapod_controller/install/setup.ps1'
[27.699s] INFO:colcon.colcon_core.shell:Creating prefix script '/home/ros/hexapod_controller/install/local_setup.sh'
[27.701s] INFO:colcon.colcon_core.shell:Creating prefix util module '/home/ros/hexapod_controller/install/_local_setup_util_sh.py'
[27.703s] INFO:colcon.colcon_core.shell:Creating prefix chain script '/home/ros/hexapod_controller/install/setup.sh'
[27.710s] INFO:colcon.colcon_core.shell:Creating prefix script '/home/ros/hexapod_controller/install/local_setup.bash'
[27.713s] INFO:colcon.colcon_core.shell:Creating prefix chain script '/home/ros/hexapod_controller/install/setup.bash'
[27.719s] INFO:colcon.colcon_core.shell:Creating prefix script '/home/ros/hexapod_controller/install/local_setup.zsh'
[27.721s] INFO:colcon.colcon_core.shell:Creating prefix chain script '/home/ros/hexapod_controller/install/setup.zsh'
