[0.078s] Invoking command in '/home/ros/hexapod_controller/build/hexapod_controller_interfaces': CMAKE_PREFIX_PATH=${CMAKE_PREFIX_PATH}:/home/ros/hexapod_controller/install/hexapod_controller:/opt/ros/humble /usr/bin/cmake /home/ros/hexapod_controller/src/hexapod_controller_interfaces -DAMENT_CMAKE_SYMLINK_INSTALL=1 -DCMAKE_INSTALL_PREFIX=/home/ros/hexapod_controller/install/hexapod_controller_interfaces
[0.139s] -- Found ament_cmake: 1.3.4 (/opt/ros/humble/share/ament_cmake/cmake)
[0.790s] -- Override CMake install command with custom implementation using symlinks instead of copying resources
[0.842s] -- Found rosidl_default_generators: 1.2.0 (/opt/ros/humble/share/rosidl_default_generators/cmake)
[0.853s] -- Using all available rosidl_typesupport_c: rosidl_typesupport_fastrtps_c;rosidl_typesupport_introspection_c
[0.869s] -- Found rosidl_adapter: 3.1.4 (/opt/ros/humble/share/rosidl_adapter/cmake)
[1.022s] -- Using all available rosidl_typesupport_cpp: rosidl_typesupport_fastrtps_cpp;rosidl_typesupport_introspection_cpp
[2.268s] -- Found ament_cmake_ros: 0.10.0 (/opt/ros/humble/share/ament_cmake_ros/cmake)
[3.063s] -- Using all available rosidl_typesupport_c: rosidl_typesupport_fastrtps_c;rosidl_typesupport_introspection_c
[4.106s] -- Using all available rosidl_typesupport_cpp: rosidl_typesupport_fastrtps_cpp;rosidl_typesupport_introspection_cpp
[4.195s] -- Found python_cmake_module: 0.10.0 (/opt/ros/humble/share/python_cmake_module/cmake)
[4.285s] -- Using PYTHON_EXECUTABLE: /usr/bin/python3
[4.286s] -- Using PYTHON_INCLUDE_DIRS: /usr/include/python3.10
[4.286s] -- Using PYTHON_LIBRARIES: /usr/lib/aarch64-linux-gnu/libpython3.10.so
[4.406s] -- Configuring done
[4.631s] -- Generating done
[4.655s] -- Build files have been written to: /home/ros/hexapod_controller/build/hexapod_controller_interfaces
[4.677s] Invoked command in '/home/ros/hexapod_controller/build/hexapod_controller_interfaces' returned '0': CMAKE_PREFIX_PATH=${CMAKE_PREFIX_PATH}:/home/ros/hexapod_controller/install/hexapod_controller:/opt/ros/humble /usr/bin/cmake /home/ros/hexapod_controller/src/hexapod_controller_interfaces -DAMENT_CMAKE_SYMLINK_INSTALL=1 -DCMAKE_INSTALL_PREFIX=/home/ros/hexapod_controller/install/hexapod_controller_interfaces
[4.687s] Invoking command in '/home/ros/hexapod_controller/build/hexapod_controller_interfaces': CMAKE_PREFIX_PATH=${CMAKE_PREFIX_PATH}:/home/ros/hexapod_controller/install/hexapod_controller:/opt/ros/humble /usr/bin/cmake --build /home/ros/hexapod_controller/build/hexapod_controller_interfaces -- -j4 -l4
[4.882s] [35m[1mConsolidate compiler generated dependencies of target hexapod_controller_interfaces__rosidl_generator_c[0m
[4.943s] failed to create symbolic link '/home/ros/hexapod_controller/build/hexapod_controller_interfaces/ament_cmake_python/hexapod_controller_interfaces/hexapod_controller_interfaces' because existing path cannot be removed: Is a directory
[4.948s] gmake[2]: *** [CMakeFiles/ament_cmake_python_symlink_hexapod_controller_interfaces.dir/build.make:70: CMakeFiles/ament_cmake_python_symlink_hexapod_controller_interfaces] Error 1
[4.953s] gmake[1]: *** [CMakeFiles/Makefile2:421: CMakeFiles/ament_cmake_python_symlink_hexapod_controller_interfaces.dir/all] Error 2
[4.957s] gmake[1]: *** Waiting for unfinished jobs....
[4.962s] [  3%] Built target hexapod_controller_interfaces__cpp
[4.965s] [ 12%] Built target hexapod_controller_interfaces__rosidl_generator_c
[4.969s] gmake: *** [Makefile:146: all] Error 2
[4.982s] Invoked command in '/home/ros/hexapod_controller/build/hexapod_controller_interfaces' returned '2': CMAKE_PREFIX_PATH=${CMAKE_PREFIX_PATH}:/home/ros/hexapod_controller/install/hexapod_controller:/opt/ros/humble /usr/bin/cmake --build /home/ros/hexapod_controller/build/hexapod_controller_interfaces -- -j4 -l4
