running develop
Removing /home/ros/hexapod_controller/install/hexapod_controller/lib/python3.10/site-packages/hexapod-controller.egg-link (link to .)
running egg_info
writing ../../build/hexapod_controller/hexapod_controller.egg-info/PKG-INFO
writing dependency_links to ../../build/hexapod_controller/hexapod_controller.egg-info/dependency_links.txt
writing entry points to ../../build/hexapod_controller/hexapod_controller.egg-info/entry_points.txt
writing requirements to ../../build/hexapod_controller/hexapod_controller.egg-info/requires.txt
writing top-level names to ../../build/hexapod_controller/hexapod_controller.egg-info/top_level.txt
reading manifest file '../../build/hexapod_controller/hexapod_controller.egg-info/SOURCES.txt'
writing manifest file '../../build/hexapod_controller/hexapod_controller.egg-info/SOURCES.txt'
running build
running build_py
copying hexapod_controller/body.py -> /home/ros/hexapod_controller/build/hexapod_controller/build/lib/hexapod_controller
copying hexapod_controller/body copy.py -> /home/ros/hexapod_controller/build/hexapod_controller/build/lib/hexapod_controller
copying hexapod_controller/body copy 2.py -> /home/ros/hexapod_controller/build/hexapod_controller/build/lib/hexapod_controller
copying hexapod_controller/com_settings.py -> /home/ros/hexapod_controller/build/hexapod_controller/build/lib/hexapod_controller
running install
running install_lib
creating /home/ros/hexapod_controller/install/hexapod_controller/lib/python3.10/site-packages/hexapod_controller
copying /home/ros/hexapod_controller/build/hexapod_controller/build/lib/hexapod_controller/body.py -> /home/ros/hexapod_controller/install/hexapod_controller/lib/python3.10/site-packages/hexapod_controller
copying /home/ros/hexapod_controller/build/hexapod_controller/build/lib/hexapod_controller/inverse_kinematics.py -> /home/ros/hexapod_controller/install/hexapod_controller/lib/python3.10/site-packages/hexapod_controller
copying /home/ros/hexapod_controller/build/hexapod_controller/build/lib/hexapod_controller/body copy.py -> /home/ros/hexapod_controller/install/hexapod_controller/lib/python3.10/site-packages/hexapod_controller
copying /home/ros/hexapod_controller/build/hexapod_controller/build/lib/hexapod_controller/__init__.py -> /home/ros/hexapod_controller/install/hexapod_controller/lib/python3.10/site-packages/hexapod_controller
copying /home/ros/hexapod_controller/build/hexapod_controller/build/lib/hexapod_controller/body copy 2.py -> /home/ros/hexapod_controller/install/hexapod_controller/lib/python3.10/site-packages/hexapod_controller
copying /home/ros/hexapod_controller/build/hexapod_controller/build/lib/hexapod_controller/com_settings.py -> /home/ros/hexapod_controller/install/hexapod_controller/lib/python3.10/site-packages/hexapod_controller
byte-compiling /home/ros/hexapod_controller/install/hexapod_controller/lib/python3.10/site-packages/hexapod_controller/body.py to body.cpython-310.pyc
byte-compiling /home/ros/hexapod_controller/install/hexapod_controller/lib/python3.10/site-packages/hexapod_controller/inverse_kinematics.py to inverse_kinematics.cpython-310.pyc
byte-compiling /home/ros/hexapod_controller/install/hexapod_controller/lib/python3.10/site-packages/hexapod_controller/body copy.py to body copy.cpython-310.pyc
byte-compiling /home/ros/hexapod_controller/install/hexapod_controller/lib/python3.10/site-packages/hexapod_controller/__init__.py to __init__.cpython-310.pyc
byte-compiling /home/ros/hexapod_controller/install/hexapod_controller/lib/python3.10/site-packages/hexapod_controller/body copy 2.py to body copy 2.cpython-310.pyc
byte-compiling /home/ros/hexapod_controller/install/hexapod_controller/lib/python3.10/site-packages/hexapod_controller/com_settings.py to com_settings.cpython-310.pyc
running install_data
running install_egg_info
Copying ../../build/hexapod_controller/hexapod_controller.egg-info to /home/ros/hexapod_controller/install/hexapod_controller/lib/python3.10/site-packages/hexapod_controller-0.0.0-py3.10.egg-info
running install_scripts
Installing body_IK_node = hexapod_controller.body:mainservo_1_node script to /home/ros/hexapod_controller/install/hexapod_controller/lib/hexapod_controller
writing list of installed files to '/home/ros/hexapod_controller/build/hexapod_controller/install.log'
