[2.481s] Invoking command in '/home/ros/hexapod_controller/build/hexapod_controller': PYTHONPATH=/home/ros/hexapod_controller/build/hexapod_controller/prefix_override:/home/ros/hexapod_controller/install/hexapod_controller/lib/python3.10/site-packages:${PYTHONPATH} /usr/bin/python3 setup.py develop --editable --build-directory /home/ros/hexapod_controller/build/hexapod_controller/build --no-deps install_data
[3.419s] running develop
[3.424s] /usr/lib/python3/dist-packages/setuptools/command/easy_install.py:158: EasyInstallDeprecationWarning: easy_install command is deprecated. Use build and pip and other standards-based tools.
[3.425s]   warnings.warn(
[3.431s] /usr/lib/python3/dist-packages/setuptools/command/install.py:34: SetuptoolsDeprecationWarning: setup.py install is deprecated. Use build and pip and other standards-based tools.
[3.431s]   warnings.warn(
[3.967s] running egg_info
[3.968s] writing hexapod_controller.egg-info/PKG-INFO
[3.969s] writing dependency_links to hexapod_controller.egg-info/dependency_links.txt
[3.970s] writing entry points to hexapod_controller.egg-info/entry_points.txt
[3.971s] writing requirements to hexapod_controller.egg-info/requires.txt
[3.971s] writing top-level names to hexapod_controller.egg-info/top_level.txt
[3.980s] reading manifest file 'hexapod_controller.egg-info/SOURCES.txt'
[3.987s] writing manifest file 'hexapod_controller.egg-info/SOURCES.txt'
[3.994s] running build_ext
[3.997s] Creating /home/ros/hexapod_controller/install/hexapod_controller/lib/python3.10/site-packages/hexapod-controller.egg-link (link to .)
[4.001s] Installing body_IK_node script to /home/ros/hexapod_controller/install/hexapod_controller/lib/hexapod_controller
[4.004s] 
[4.004s] Installed /home/ros/hexapod_controller/build/hexapod_controller
[4.005s] running install_data
[4.006s] copying package.xml -> /home/ros/hexapod_controller/install/hexapod_controller/share/hexapod_controller
[4.133s] Invoked command in '/home/ros/hexapod_controller/build/hexapod_controller' returned '0': PYTHONPATH=/home/ros/hexapod_controller/build/hexapod_controller/prefix_override:/home/ros/hexapod_controller/install/hexapod_controller/lib/python3.10/site-packages:${PYTHONPATH} /usr/bin/python3 setup.py develop --editable --build-directory /home/ros/hexapod_controller/build/hexapod_controller/build --no-deps install_data
