[2.402s] Invoking command in '/home/ros/hexapod_controller/build/hexapod_controller': PYTHONPATH=/home/ros/hexapod_controller/build/hexapod_controller/prefix_override:/home/ros/hexapod_controller/install/hexapod_controller/lib/python3.10/site-packages:${PYTHONPATH} /usr/bin/python3 setup.py develop --editable --build-directory /home/ros/hexapod_controller/build/hexapod_controller/build --no-deps install_data
[3.383s] running develop
[3.834s] running egg_info
[3.835s] writing hexapod_controller.egg-info/PKG-INFO
[3.836s] writing dependency_links to hexapod_controller.egg-info/dependency_links.txt
[3.837s] writing entry points to hexapod_controller.egg-info/entry_points.txt
[3.838s] writing requirements to hexapod_controller.egg-info/requires.txt
[3.838s] writing top-level names to hexapod_controller.egg-info/top_level.txt
[3.846s] reading manifest file 'hexapod_controller.egg-info/SOURCES.txt'
[3.851s] writing manifest file 'hexapod_controller.egg-info/SOURCES.txt'
[3.857s] running build_ext
[3.858s] Creating /home/ros/hexapod_controller/install/hexapod_controller/lib/python3.10/site-packages/hexapod-controller.egg-link (link to .)
[3.862s] Installing body_IK_node script to /home/ros/hexapod_controller/install/hexapod_controller/lib/hexapod_controller
[3.863s] Installing servo_10_node script to /home/ros/hexapod_controller/install/hexapod_controller/lib/hexapod_controller
[3.864s] Installing servo_11_node script to /home/ros/hexapod_controller/install/hexapod_controller/lib/hexapod_controller
[3.865s] Installing servo_12_node script to /home/ros/hexapod_controller/install/hexapod_controller/lib/hexapod_controller
[3.866s] Installing servo_13_node script to /home/ros/hexapod_controller/install/hexapod_controller/lib/hexapod_controller
[3.867s] Installing servo_14_node script to /home/ros/hexapod_controller/install/hexapod_controller/lib/hexapod_controller
[3.868s] Installing servo_15_node script to /home/ros/hexapod_controller/install/hexapod_controller/lib/hexapod_controller
[3.869s] Installing servo_16_node script to /home/ros/hexapod_controller/install/hexapod_controller/lib/hexapod_controller
[3.870s] Installing servo_17_node script to /home/ros/hexapod_controller/install/hexapod_controller/lib/hexapod_controller
[3.870s] Installing servo_18_node script to /home/ros/hexapod_controller/install/hexapod_controller/lib/hexapod_controller
[3.871s] Installing servo_1_node script to /home/ros/hexapod_controller/install/hexapod_controller/lib/hexapod_controller
[3.872s] Installing servo_2_node script to /home/ros/hexapod_controller/install/hexapod_controller/lib/hexapod_controller
[3.873s] Installing servo_3_node script to /home/ros/hexapod_controller/install/hexapod_controller/lib/hexapod_controller
[3.874s] Installing servo_4_node script to /home/ros/hexapod_controller/install/hexapod_controller/lib/hexapod_controller
[3.874s] Installing servo_5_node script to /home/ros/hexapod_controller/install/hexapod_controller/lib/hexapod_controller
[3.875s] Installing servo_6_node script to /home/ros/hexapod_controller/install/hexapod_controller/lib/hexapod_controller
[3.876s] Installing servo_7_node script to /home/ros/hexapod_controller/install/hexapod_controller/lib/hexapod_controller
[3.877s] Installing servo_8_node script to /home/ros/hexapod_controller/install/hexapod_controller/lib/hexapod_controller
[3.878s] Installing servo_9_node script to /home/ros/hexapod_controller/install/hexapod_controller/lib/hexapod_controller
[3.879s] 
[3.880s] Installed /home/ros/hexapod_controller/build/hexapod_controller
[3.880s] running install_data
[3.881s] copying launch/hexapod.launch.py -> /home/ros/hexapod_controller/install/hexapod_controller/share/hexapod_controller/launch/
[4.019s] Invoked command in '/home/ros/hexapod_controller/build/hexapod_controller' returned '0': PYTHONPATH=/home/ros/hexapod_controller/build/hexapod_controller/prefix_override:/home/ros/hexapod_controller/install/hexapod_controller/lib/python3.10/site-packages:${PYTHONPATH} /usr/bin/python3 setup.py develop --editable --build-directory /home/ros/hexapod_controller/build/hexapod_controller/build --no-deps install_data
