[3.439s] Invoking command in '/home/ros/hexapod_controller/build/hexapod_controller': PYTHONPATH=/home/ros/hexapod_controller/build/hexapod_controller/prefix_override:/home/ros/hexapod_controller/install/hexapod_controller/lib/python3.10/site-packages:${PYTHONPATH} /usr/bin/python3 setup.py develop --uninstall --editable --build-directory /home/ros/hexapod_controller/build/hexapod_controller/build
[4.842s] running develop
[5.407s] Invoked command in '/home/ros/hexapod_controller/build/hexapod_controller' returned '0': PYTHONPATH=/home/ros/hexapod_controller/build/hexapod_controller/prefix_override:/home/ros/hexapod_controller/install/hexapod_controller/lib/python3.10/site-packages:${PYTHONPATH} /usr/bin/python3 setup.py develop --uninstall --editable --build-directory /home/ros/hexapod_controller/build/hexapod_controller/build
[5.415s] Invoking command in '/home/ros/hexapod_controller/src/hexapod_controller': PYTHONPATH=/home/ros/hexapod_controller/build/hexapod_controller/prefix_override:/home/ros/hexapod_controller/install/hexapod_controller/lib/python3.10/site-packages:${PYTHONPATH} /usr/bin/python3 setup.py egg_info --egg-base ../../build/hexapod_controller build --build-base /home/ros/hexapod_controller/build/hexapod_controller/build install --record /home/ros/hexapod_controller/build/hexapod_controller/install.log --single-version-externally-managed
[6.285s] running egg_info
[6.287s] writing ../../build/hexapod_controller/hexapod_controller.egg-info/PKG-INFO
[6.288s] writing dependency_links to ../../build/hexapod_controller/hexapod_controller.egg-info/dependency_links.txt
[6.289s] writing entry points to ../../build/hexapod_controller/hexapod_controller.egg-info/entry_points.txt
[6.290s] writing requirements to ../../build/hexapod_controller/hexapod_controller.egg-info/requires.txt
[6.290s] writing top-level names to ../../build/hexapod_controller/hexapod_controller.egg-info/top_level.txt
[6.300s] reading manifest file '../../build/hexapod_controller/hexapod_controller.egg-info/SOURCES.txt'
[6.303s] writing manifest file '../../build/hexapod_controller/hexapod_controller.egg-info/SOURCES.txt'
[6.304s] running build
[6.304s] running build_py
[6.306s] running install
[6.308s] running install_lib
[6.314s] running install_data
[6.316s] running install_egg_info
[6.323s] removing '/home/ros/hexapod_controller/install/hexapod_controller/lib/python3.10/site-packages/hexapod_controller-0.0.0-py3.10.egg-info' (and everything under it)
[6.325s] Copying ../../build/hexapod_controller/hexapod_controller.egg-info to /home/ros/hexapod_controller/install/hexapod_controller/lib/python3.10/site-packages/hexapod_controller-0.0.0-py3.10.egg-info
[6.332s] running install_scripts
[6.408s] Installing body_IK_node script to /home/ros/hexapod_controller/install/hexapod_controller/lib/hexapod_controller
[6.410s] writing list of installed files to '/home/ros/hexapod_controller/build/hexapod_controller/install.log'
[6.548s] Invoked command in '/home/ros/hexapod_controller/src/hexapod_controller' returned '0': PYTHONPATH=/home/ros/hexapod_controller/build/hexapod_controller/prefix_override:/home/ros/hexapod_controller/install/hexapod_controller/lib/python3.10/site-packages:${PYTHONPATH} /usr/bin/python3 setup.py egg_info --egg-base ../../build/hexapod_controller build --build-base /home/ros/hexapod_controller/build/hexapod_controller/build install --record /home/ros/hexapod_controller/build/hexapod_controller/install.log --single-version-externally-managed
