[2.598s] Invoking command in '/home/ros/hexapod_controller/build/hexapod_controller': PYTHONPATH=/home/ros/hexapod_controller/build/hexapod_controller/prefix_override:/home/ros/hexapod_controller/install/hexapod_controller/lib/python3.10/site-packages:${PYTHONPATH} /usr/bin/python3 setup.py develop --editable --build-directory /home/ros/hexapod_controller/build/hexapod_controller/build --no-deps install_data
[3.622s] running develop
[4.063s] running egg_info
[4.064s] writing hexapod_controller.egg-info/PKG-INFO
[4.065s] writing dependency_links to hexapod_controller.egg-info/dependency_links.txt
[4.066s] writing entry points to hexapod_controller.egg-info/entry_points.txt
[4.067s] writing requirements to hexapod_controller.egg-info/requires.txt
[4.067s] writing top-level names to hexapod_controller.egg-info/top_level.txt
[4.077s] reading manifest file 'hexapod_controller.egg-info/SOURCES.txt'
[4.083s] writing manifest file 'hexapod_controller.egg-info/SOURCES.txt'
[4.089s] running build_ext
[4.096s] Creating /home/ros/hexapod_controller/install/hexapod_controller/lib/python3.10/site-packages/hexapod-controller.egg-link (link to .)
[4.106s] Installing body_IK_node script to /home/ros/hexapod_controller/install/hexapod_controller/lib/hexapod_controller
[4.107s] Installing servo_10_node script to /home/ros/hexapod_controller/install/hexapod_controller/lib/hexapod_controller
[4.107s] Installing servo_12_node script to /home/ros/hexapod_controller/install/hexapod_controller/lib/hexapod_controller
[4.108s] Installing servo_13_node script to /home/ros/hexapod_controller/install/hexapod_controller/lib/hexapod_controller
[4.109s] Installing servo_14_node script to /home/ros/hexapod_controller/install/hexapod_controller/lib/hexapod_controller
[4.109s] Installing servo_15_node script to /home/ros/hexapod_controller/install/hexapod_controller/lib/hexapod_controller
[4.110s] Installing servo_16_node script to /home/ros/hexapod_controller/install/hexapod_controller/lib/hexapod_controller
[4.117s] Installing servo_17_node script to /home/ros/hexapod_controller/install/hexapod_controller/lib/hexapod_controller
[4.117s] Installing servo_18_node script to /home/ros/hexapod_controller/install/hexapod_controller/lib/hexapod_controller
[4.118s] Installing servo_1_node script to /home/ros/hexapod_controller/install/hexapod_controller/lib/hexapod_controller
[4.119s] Installing servo_2_node script to /home/ros/hexapod_controller/install/hexapod_controller/lib/hexapod_controller
[4.119s] Installing servo_3_node script to /home/ros/hexapod_controller/install/hexapod_controller/lib/hexapod_controller
[4.127s] Installing servo_4_node script to /home/ros/hexapod_controller/install/hexapod_controller/lib/hexapod_controller
[4.128s] Installing servo_5_node script to /home/ros/hexapod_controller/install/hexapod_controller/lib/hexapod_controller
[4.129s] Installing servo_6_node script to /home/ros/hexapod_controller/install/hexapod_controller/lib/hexapod_controller
[4.131s] Installing servo_7_node script to /home/ros/hexapod_controller/install/hexapod_controller/lib/hexapod_controller
[4.132s] Installing servo_8_node script to /home/ros/hexapod_controller/install/hexapod_controller/lib/hexapod_controller
[4.133s] Installing servo_9_node script to /home/ros/hexapod_controller/install/hexapod_controller/lib/hexapod_controller
[4.135s] 
[4.136s] Installed /home/ros/hexapod_controller/build/hexapod_controller
[4.137s] running install_data
[4.270s] Invoked command in '/home/ros/hexapod_controller/build/hexapod_controller' returned '0': PYTHONPATH=/home/ros/hexapod_controller/build/hexapod_controller/prefix_override:/home/ros/hexapod_controller/install/hexapod_controller/lib/python3.10/site-packages:${PYTHONPATH} /usr/bin/python3 setup.py develop --editable --build-directory /home/ros/hexapod_controller/build/hexapod_controller/build --no-deps install_data
