[0.088s] Invoking command in '/home/ros/hexapod_controller/build/hexapod_controller_interfaces': CMAKE_PREFIX_PATH=/home/ros/hexapod_controller/install/hexapod_controller:/home/ros/ros2_ws/install/my_robot_controller:/opt/ros/humble /usr/bin/cmake /home/ros/hexapod_controller/src/hexapod_controller_interfaces -DCMAKE_INSTALL_PREFIX=/home/ros/hexapod_controller/install/hexapod_controller_interfaces
[1.195s] -- The C compiler identification is GNU 11.3.0
[1.953s] -- The CXX compiler identification is GNU 11.3.0
[2.002s] -- Detecting C compiler ABI info
[2.382s] -- Detecting C compiler ABI info - done
[2.408s] -- Check for working C compiler: /usr/bin/cc - skipped
[2.410s] -- Detecting C compile features
[2.413s] -- Detecting C compile features - done
[2.429s] -- Detecting CXX compiler ABI info
[2.798s] -- Detecting CXX compiler ABI info - done
[2.827s] -- Check for working CXX compiler: /usr/bin/c++ - skipped
[2.827s] -- Detecting CXX compile features
[2.830s] -- Detecting CXX compile features - done
[2.869s] -- Found ament_cmake: 1.3.3 (/opt/ros/humble/share/ament_cmake/cmake)
[3.633s] -- Found Python3: /usr/bin/python3.10 (found version "3.10.6") found components: Interpreter 
[4.253s] -- Found rosidl_default_generators: 1.2.0 (/opt/ros/humble/share/rosidl_default_generators/cmake)
[4.284s] -- Using all available rosidl_typesupport_c: rosidl_typesupport_fastrtps_c;rosidl_typesupport_introspection_c
[4.355s] -- Found rosidl_adapter: 3.1.4 (/opt/ros/humble/share/rosidl_adapter/cmake)
[4.700s] -- Using all available rosidl_typesupport_cpp: rosidl_typesupport_fastrtps_cpp;rosidl_typesupport_introspection_cpp
[4.966s] [31mCMake Error at /opt/ros/humble/share/rosidl_cmake/cmake/rosidl_generate_interfaces.cmake:59 (message):
[4.966s]   rosidl_generate_interfaces() called without any interface files
[4.967s] Call Stack (most recent call first):
[4.967s]   CMakeLists.txt:12 (rosidl_generate_interfaces)
[4.967s] 
[4.968s] [0m
[4.969s] -- Configuring incomplete, errors occurred!
[4.969s] See also "/home/ros/hexapod_controller/build/hexapod_controller_interfaces/CMakeFiles/CMakeOutput.log".
[4.982s] Invoked command in '/home/ros/hexapod_controller/build/hexapod_controller_interfaces' returned '1': CMAKE_PREFIX_PATH=/home/ros/hexapod_controller/install/hexapod_controller:/home/ros/ros2_ws/install/my_robot_controller:/opt/ros/humble /usr/bin/cmake /home/ros/hexapod_controller/src/hexapod_controller_interfaces -DCMAKE_INSTALL_PREFIX=/home/ros/hexapod_controller/install/hexapod_controller_interfaces
