[2.447s] Invoking command in '/home/ros/hexapod_controller/build/hexapod_controller': PYTHONPATH=/home/ros/hexapod_controller/build/hexapod_controller/prefix_override:/home/ros/hexapod_controller/install/hexapod_controller/lib/python3.10/site-packages:${PYTHONPATH} /usr/bin/python3 setup.py develop --editable --build-directory /home/ros/hexapod_controller/build/hexapod_controller/build --no-deps install_data
[3.417s] running develop
[3.867s] running egg_info
[3.867s] writing hexapod_controller.egg-info/PKG-INFO
[3.868s] writing dependency_links to hexapod_controller.egg-info/dependency_links.txt
[3.869s] writing entry points to hexapod_controller.egg-info/entry_points.txt
[3.869s] writing requirements to hexapod_controller.egg-info/requires.txt
[3.870s] writing top-level names to hexapod_controller.egg-info/top_level.txt
[3.878s] reading manifest file 'hexapod_controller.egg-info/SOURCES.txt'
[3.882s] writing manifest file 'hexapod_controller.egg-info/SOURCES.txt'
[3.888s] running build_ext
[3.888s] Creating /home/ros/hexapod_controller/install/hexapod_controller/lib/python3.10/site-packages/hexapod-controller.egg-link (link to .)
[3.893s] Installing body_IK_node script to /home/ros/hexapod_controller/install/hexapod_controller/lib/hexapod_controller
[3.893s] Installing leg_1_node script to /home/ros/hexapod_controller/install/hexapod_controller/lib/hexapod_controller
[3.895s] Installing leg_2_node script to /home/ros/hexapod_controller/install/hexapod_controller/lib/hexapod_controller
[3.895s] Installing leg_3_node script to /home/ros/hexapod_controller/install/hexapod_controller/lib/hexapod_controller
[3.896s] Installing leg_4_node script to /home/ros/hexapod_controller/install/hexapod_controller/lib/hexapod_controller
[3.897s] Installing leg_5_node script to /home/ros/hexapod_controller/install/hexapod_controller/lib/hexapod_controller
[3.898s] Installing leg_6_node script to /home/ros/hexapod_controller/install/hexapod_controller/lib/hexapod_controller
[3.900s] 
[3.900s] Installed /home/ros/hexapod_controller/build/hexapod_controller
[3.901s] running install_data
[3.901s] copying launch/hexapod.launch.py -> /home/ros/hexapod_controller/install/hexapod_controller/share/hexapod_controller/launch/
[4.047s] Invoked command in '/home/ros/hexapod_controller/build/hexapod_controller' returned '0': PYTHONPATH=/home/ros/hexapod_controller/build/hexapod_controller/prefix_override:/home/ros/hexapod_controller/install/hexapod_controller/lib/python3.10/site-packages:${PYTHONPATH} /usr/bin/python3 setup.py develop --editable --build-directory /home/ros/hexapod_controller/build/hexapod_controller/build --no-deps install_data
